ERROR - 2025-11-27 14:10:40 --> mysqli_sql_exception: Column 'id' in field list is ambiguous in C:\xampp\htdocs\ITE311-RANISES\system\Database\MySQLi\Connection.php:327
Stack trace:
#0 C:\xampp\htdocs\ITE311-RANISES\system\Database\MySQLi\Connection.php(327): mysqli->query('SELECT `id`, `t...', 0)
#1 C:\xampp\htdocs\ITE311-RANISES\system\Database\BaseConnection.php(729): CodeIgniter\Database\MySQLi\Connection->execute('SELECT `id`, `t...')
#2 C:\xampp\htdocs\ITE311-RANISES\system\Database\BaseConnection.php(646): CodeIgniter\Database\BaseConnection->simpleQuery('SELECT `id`, `t...')
#3 C:\xampp\htdocs\ITE311-RANISES\system\Database\BaseBuilder.php(1649): CodeIgniter\Database\BaseConnection->query('SELECT `id`, `t...', Array, false)
#4 C:\xampp\htdocs\ITE311-RANISES\app\Controllers\Materials.php(239): CodeIgniter\Database\BaseBuilder->get()
#5 C:\xampp\htdocs\ITE311-RANISES\system\CodeIgniter.php(933): App\Controllers\Materials->studentCourses()
#6 C:\xampp\htdocs\ITE311-RANISES\system\CodeIgniter.php(507): CodeIgniter\CodeIgniter->runController(Object(App\Controllers\Materials))
#7 C:\xampp\htdocs\ITE311-RANISES\system\CodeIgniter.php(354): CodeIgniter\CodeIgniter->handleRequest(NULL, Object(Config\Cache), false)
#8 C:\xampp\htdocs\ITE311-RANISES\system\Boot.php(363): CodeIgniter\CodeIgniter->run()
#9 C:\xampp\htdocs\ITE311-RANISES\system\Boot.php(68): CodeIgniter\Boot::runCodeIgniter(Object(CodeIgniter\CodeIgniter))
#10 C:\xampp\htdocs\ITE311-RANISES\index.php(38): CodeIgniter\Boot::bootWeb(Object(Config\Paths))
#11 {main}
CRITICAL - 2025-11-27 14:10:40 --> CodeIgniter\Database\Exceptions\DatabaseException: Column 'id' in field list is ambiguous
[Method: GET, Route: student/courses]
in SYSTEMPATH\Database\BaseConnection.php on line 684.
 1 SYSTEMPATH\Database\BaseBuilder.php(1649): CodeIgniter\Database\BaseConnection->query('SELECT `id`, `title`, `description`, `instructor_id`, `created_at`, `users`.`name` as `instructor_name`
FROM `courses`
LEFT JOIN `users` ON `users`.`id` = `courses`.`instructor_id`
ORDER BY `title` ASC', [], false)
 2 APPPATH\Controllers\Materials.php(239): CodeIgniter\Database\BaseBuilder->get()
 3 SYSTEMPATH\CodeIgniter.php(933): App\Controllers\Materials->studentCourses()
 4 SYSTEMPATH\CodeIgniter.php(507): CodeIgniter\CodeIgniter->runController(Object(App\Controllers\Materials))
 5 SYSTEMPATH\CodeIgniter.php(354): CodeIgniter\CodeIgniter->handleRequest(null, Object(Config\Cache), false)
 6 SYSTEMPATH\Boot.php(363): CodeIgniter\CodeIgniter->run()
 7 SYSTEMPATH\Boot.php(68): CodeIgniter\Boot::runCodeIgniter(Object(CodeIgniter\CodeIgniter))
 8 FCPATH\index.php(38): CodeIgniter\Boot::bootWeb(Object(Config\Paths))
CRITICAL - 2025-11-27 14:10:40 --> [Caused by] CodeIgniter\Database\Exceptions\DatabaseException: Column 'id' in field list is ambiguous
in SYSTEMPATH\Database\MySQLi\Connection.php on line 332.
 1 SYSTEMPATH\Database\BaseConnection.php(729): CodeIgniter\Database\MySQLi\Connection->execute('SELECT `id`, `title`, `description`, `instructor_id`, `created_at`, `users`.`name` as `instructor_name`
FROM `courses`
LEFT JOIN `users` ON `users`.`id` = `courses`.`instructor_id`
ORDER BY `title` ASC')
 2 SYSTEMPATH\Database\BaseConnection.php(646): CodeIgniter\Database\BaseConnection->simpleQuery('SELECT `id`, `title`, `description`, `instructor_id`, `created_at`, `users`.`name` as `instructor_name`
FROM `courses`
LEFT JOIN `users` ON `users`.`id` = `courses`.`instructor_id`
ORDER BY `title` ASC')
 3 SYSTEMPATH\Database\BaseBuilder.php(1649): CodeIgniter\Database\BaseConnection->query('SELECT `id`, `title`, `description`, `instructor_id`, `created_at`, `users`.`name` as `instructor_name`
FROM `courses`
LEFT JOIN `users` ON `users`.`id` = `courses`.`instructor_id`
ORDER BY `title` ASC', [], false)
 4 APPPATH\Controllers\Materials.php(239): CodeIgniter\Database\BaseBuilder->get()
 5 SYSTEMPATH\CodeIgniter.php(933): App\Controllers\Materials->studentCourses()
 6 SYSTEMPATH\CodeIgniter.php(507): CodeIgniter\CodeIgniter->runController(Object(App\Controllers\Materials))
 7 SYSTEMPATH\CodeIgniter.php(354): CodeIgniter\CodeIgniter->handleRequest(null, Object(Config\Cache), false)
 8 SYSTEMPATH\Boot.php(363): CodeIgniter\CodeIgniter->run()
 9 SYSTEMPATH\Boot.php(68): CodeIgniter\Boot::runCodeIgniter(Object(CodeIgniter\CodeIgniter))
10 FCPATH\index.php(38): CodeIgniter\Boot::bootWeb(Object(Config\Paths))
CRITICAL - 2025-11-27 14:10:40 --> [Caused by] mysqli_sql_exception: Column 'id' in field list is ambiguous
in SYSTEMPATH\Database\MySQLi\Connection.php on line 327.
 1 SYSTEMPATH\Database\MySQLi\Connection.php(327): mysqli->query('SELECT `id`, `title`, `description`, `instructor_id`, `created_at`, `users`.`name` as `instructor_name`
FROM `courses`
LEFT JOIN `users` ON `users`.`id` = `courses`.`instructor_id`
ORDER BY `title` ASC', 0)
 2 SYSTEMPATH\Database\BaseConnection.php(729): CodeIgniter\Database\MySQLi\Connection->execute('SELECT `id`, `title`, `description`, `instructor_id`, `created_at`, `users`.`name` as `instructor_name`
FROM `courses`
LEFT JOIN `users` ON `users`.`id` = `courses`.`instructor_id`
ORDER BY `title` ASC')
 3 SYSTEMPATH\Database\BaseConnection.php(646): CodeIgniter\Database\BaseConnection->simpleQuery('SELECT `id`, `title`, `description`, `instructor_id`, `created_at`, `users`.`name` as `instructor_name`
FROM `courses`
LEFT JOIN `users` ON `users`.`id` = `courses`.`instructor_id`
ORDER BY `title` ASC')
 4 SYSTEMPATH\Database\BaseBuilder.php(1649): CodeIgniter\Database\BaseConnection->query('SELECT `id`, `title`, `description`, `instructor_id`, `created_at`, `users`.`name` as `instructor_name`
FROM `courses`
LEFT JOIN `users` ON `users`.`id` = `courses`.`instructor_id`
ORDER BY `title` ASC', [], false)
 5 APPPATH\Controllers\Materials.php(239): CodeIgniter\Database\BaseBuilder->get()
 6 SYSTEMPATH\CodeIgniter.php(933): App\Controllers\Materials->studentCourses()
 7 SYSTEMPATH\CodeIgniter.php(507): CodeIgniter\CodeIgniter->runController(Object(App\Controllers\Materials))
 8 SYSTEMPATH\CodeIgniter.php(354): CodeIgniter\CodeIgniter->handleRequest(null, Object(Config\Cache), false)
 9 SYSTEMPATH\Boot.php(363): CodeIgniter\CodeIgniter->run()
10 SYSTEMPATH\Boot.php(68): CodeIgniter\Boot::runCodeIgniter(Object(CodeIgniter\CodeIgniter))
11 FCPATH\index.php(38): CodeIgniter\Boot::bootWeb(Object(Config\Paths))
ERROR - 2025-11-27 14:10:43 --> mysqli_sql_exception: Column 'id' in field list is ambiguous in C:\xampp\htdocs\ITE311-RANISES\system\Database\MySQLi\Connection.php:327
Stack trace:
#0 C:\xampp\htdocs\ITE311-RANISES\system\Database\MySQLi\Connection.php(327): mysqli->query('SELECT `id`, `t...', 0)
#1 C:\xampp\htdocs\ITE311-RANISES\system\Database\BaseConnection.php(729): CodeIgniter\Database\MySQLi\Connection->execute('SELECT `id`, `t...')
#2 C:\xampp\htdocs\ITE311-RANISES\system\Database\BaseConnection.php(646): CodeIgniter\Database\BaseConnection->simpleQuery('SELECT `id`, `t...')
#3 C:\xampp\htdocs\ITE311-RANISES\system\Database\BaseBuilder.php(1649): CodeIgniter\Database\BaseConnection->query('SELECT `id`, `t...', Array, false)
#4 C:\xampp\htdocs\ITE311-RANISES\app\Controllers\Materials.php(239): CodeIgniter\Database\BaseBuilder->get()
#5 C:\xampp\htdocs\ITE311-RANISES\system\CodeIgniter.php(933): App\Controllers\Materials->studentCourses()
#6 C:\xampp\htdocs\ITE311-RANISES\system\CodeIgniter.php(507): CodeIgniter\CodeIgniter->runController(Object(App\Controllers\Materials))
#7 C:\xampp\htdocs\ITE311-RANISES\system\CodeIgniter.php(354): CodeIgniter\CodeIgniter->handleRequest(NULL, Object(Config\Cache), false)
#8 C:\xampp\htdocs\ITE311-RANISES\system\Boot.php(363): CodeIgniter\CodeIgniter->run()
#9 C:\xampp\htdocs\ITE311-RANISES\system\Boot.php(68): CodeIgniter\Boot::runCodeIgniter(Object(CodeIgniter\CodeIgniter))
#10 C:\xampp\htdocs\ITE311-RANISES\index.php(38): CodeIgniter\Boot::bootWeb(Object(Config\Paths))
#11 {main}
CRITICAL - 2025-11-27 14:10:43 --> CodeIgniter\Database\Exceptions\DatabaseException: Column 'id' in field list is ambiguous
[Method: GET, Route: student/courses]
in SYSTEMPATH\Database\BaseConnection.php on line 684.
 1 SYSTEMPATH\Database\BaseBuilder.php(1649): CodeIgniter\Database\BaseConnection->query('SELECT `id`, `title`, `description`, `instructor_id`, `created_at`, `users`.`name` as `instructor_name`
FROM `courses`
LEFT JOIN `users` ON `users`.`id` = `courses`.`instructor_id`
ORDER BY `title` ASC', [], false)
 2 APPPATH\Controllers\Materials.php(239): CodeIgniter\Database\BaseBuilder->get()
 3 SYSTEMPATH\CodeIgniter.php(933): App\Controllers\Materials->studentCourses()
 4 SYSTEMPATH\CodeIgniter.php(507): CodeIgniter\CodeIgniter->runController(Object(App\Controllers\Materials))
 5 SYSTEMPATH\CodeIgniter.php(354): CodeIgniter\CodeIgniter->handleRequest(null, Object(Config\Cache), false)
 6 SYSTEMPATH\Boot.php(363): CodeIgniter\CodeIgniter->run()
 7 SYSTEMPATH\Boot.php(68): CodeIgniter\Boot::runCodeIgniter(Object(CodeIgniter\CodeIgniter))
 8 FCPATH\index.php(38): CodeIgniter\Boot::bootWeb(Object(Config\Paths))
CRITICAL - 2025-11-27 14:10:43 --> [Caused by] CodeIgniter\Database\Exceptions\DatabaseException: Column 'id' in field list is ambiguous
in SYSTEMPATH\Database\MySQLi\Connection.php on line 332.
 1 SYSTEMPATH\Database\BaseConnection.php(729): CodeIgniter\Database\MySQLi\Connection->execute('SELECT `id`, `title`, `description`, `instructor_id`, `created_at`, `users`.`name` as `instructor_name`
FROM `courses`
LEFT JOIN `users` ON `users`.`id` = `courses`.`instructor_id`
ORDER BY `title` ASC')
 2 SYSTEMPATH\Database\BaseConnection.php(646): CodeIgniter\Database\BaseConnection->simpleQuery('SELECT `id`, `title`, `description`, `instructor_id`, `created_at`, `users`.`name` as `instructor_name`
FROM `courses`
LEFT JOIN `users` ON `users`.`id` = `courses`.`instructor_id`
ORDER BY `title` ASC')
 3 SYSTEMPATH\Database\BaseBuilder.php(1649): CodeIgniter\Database\BaseConnection->query('SELECT `id`, `title`, `description`, `instructor_id`, `created_at`, `users`.`name` as `instructor_name`
FROM `courses`
LEFT JOIN `users` ON `users`.`id` = `courses`.`instructor_id`
ORDER BY `title` ASC', [], false)
 4 APPPATH\Controllers\Materials.php(239): CodeIgniter\Database\BaseBuilder->get()
 5 SYSTEMPATH\CodeIgniter.php(933): App\Controllers\Materials->studentCourses()
 6 SYSTEMPATH\CodeIgniter.php(507): CodeIgniter\CodeIgniter->runController(Object(App\Controllers\Materials))
 7 SYSTEMPATH\CodeIgniter.php(354): CodeIgniter\CodeIgniter->handleRequest(null, Object(Config\Cache), false)
 8 SYSTEMPATH\Boot.php(363): CodeIgniter\CodeIgniter->run()
 9 SYSTEMPATH\Boot.php(68): CodeIgniter\Boot::runCodeIgniter(Object(CodeIgniter\CodeIgniter))
10 FCPATH\index.php(38): CodeIgniter\Boot::bootWeb(Object(Config\Paths))
CRITICAL - 2025-11-27 14:10:43 --> [Caused by] mysqli_sql_exception: Column 'id' in field list is ambiguous
in SYSTEMPATH\Database\MySQLi\Connection.php on line 327.
 1 SYSTEMPATH\Database\MySQLi\Connection.php(327): mysqli->query('SELECT `id`, `title`, `description`, `instructor_id`, `created_at`, `users`.`name` as `instructor_name`
FROM `courses`
LEFT JOIN `users` ON `users`.`id` = `courses`.`instructor_id`
ORDER BY `title` ASC', 0)
 2 SYSTEMPATH\Database\BaseConnection.php(729): CodeIgniter\Database\MySQLi\Connection->execute('SELECT `id`, `title`, `description`, `instructor_id`, `created_at`, `users`.`name` as `instructor_name`
FROM `courses`
LEFT JOIN `users` ON `users`.`id` = `courses`.`instructor_id`
ORDER BY `title` ASC')
 3 SYSTEMPATH\Database\BaseConnection.php(646): CodeIgniter\Database\BaseConnection->simpleQuery('SELECT `id`, `title`, `description`, `instructor_id`, `created_at`, `users`.`name` as `instructor_name`
FROM `courses`
LEFT JOIN `users` ON `users`.`id` = `courses`.`instructor_id`
ORDER BY `title` ASC')
 4 SYSTEMPATH\Database\BaseBuilder.php(1649): CodeIgniter\Database\BaseConnection->query('SELECT `id`, `title`, `description`, `instructor_id`, `created_at`, `users`.`name` as `instructor_name`
FROM `courses`
LEFT JOIN `users` ON `users`.`id` = `courses`.`instructor_id`
ORDER BY `title` ASC', [], false)
 5 APPPATH\Controllers\Materials.php(239): CodeIgniter\Database\BaseBuilder->get()
 6 SYSTEMPATH\CodeIgniter.php(933): App\Controllers\Materials->studentCourses()
 7 SYSTEMPATH\CodeIgniter.php(507): CodeIgniter\CodeIgniter->runController(Object(App\Controllers\Materials))
 8 SYSTEMPATH\CodeIgniter.php(354): CodeIgniter\CodeIgniter->handleRequest(null, Object(Config\Cache), false)
 9 SYSTEMPATH\Boot.php(363): CodeIgniter\CodeIgniter->run()
10 SYSTEMPATH\Boot.php(68): CodeIgniter\Boot::runCodeIgniter(Object(CodeIgniter\CodeIgniter))
11 FCPATH\index.php(38): CodeIgniter\Boot::bootWeb(Object(Config\Paths))
ERROR - 2025-11-27 14:10:46 --> mysqli_sql_exception: Column 'id' in field list is ambiguous in C:\xampp\htdocs\ITE311-RANISES\system\Database\MySQLi\Connection.php:327
Stack trace:
#0 C:\xampp\htdocs\ITE311-RANISES\system\Database\MySQLi\Connection.php(327): mysqli->query('SELECT `id`, `t...', 0)
#1 C:\xampp\htdocs\ITE311-RANISES\system\Database\BaseConnection.php(729): CodeIgniter\Database\MySQLi\Connection->execute('SELECT `id`, `t...')
#2 C:\xampp\htdocs\ITE311-RANISES\system\Database\BaseConnection.php(646): CodeIgniter\Database\BaseConnection->simpleQuery('SELECT `id`, `t...')
#3 C:\xampp\htdocs\ITE311-RANISES\system\Database\BaseBuilder.php(1649): CodeIgniter\Database\BaseConnection->query('SELECT `id`, `t...', Array, false)
#4 C:\xampp\htdocs\ITE311-RANISES\app\Controllers\Materials.php(239): CodeIgniter\Database\BaseBuilder->get()
#5 C:\xampp\htdocs\ITE311-RANISES\system\CodeIgniter.php(933): App\Controllers\Materials->studentCourses()
#6 C:\xampp\htdocs\ITE311-RANISES\system\CodeIgniter.php(507): CodeIgniter\CodeIgniter->runController(Object(App\Controllers\Materials))
#7 C:\xampp\htdocs\ITE311-RANISES\system\CodeIgniter.php(354): CodeIgniter\CodeIgniter->handleRequest(NULL, Object(Config\Cache), false)
#8 C:\xampp\htdocs\ITE311-RANISES\system\Boot.php(363): CodeIgniter\CodeIgniter->run()
#9 C:\xampp\htdocs\ITE311-RANISES\system\Boot.php(68): CodeIgniter\Boot::runCodeIgniter(Object(CodeIgniter\CodeIgniter))
#10 C:\xampp\htdocs\ITE311-RANISES\index.php(38): CodeIgniter\Boot::bootWeb(Object(Config\Paths))
#11 {main}
CRITICAL - 2025-11-27 14:10:46 --> CodeIgniter\Database\Exceptions\DatabaseException: Column 'id' in field list is ambiguous
[Method: GET, Route: student/courses]
in SYSTEMPATH\Database\BaseConnection.php on line 684.
 1 SYSTEMPATH\Database\BaseBuilder.php(1649): CodeIgniter\Database\BaseConnection->query('SELECT `id`, `title`, `description`, `instructor_id`, `created_at`, `users`.`name` as `instructor_name`
FROM `courses`
LEFT JOIN `users` ON `users`.`id` = `courses`.`instructor_id`
ORDER BY `title` ASC', [], false)
 2 APPPATH\Controllers\Materials.php(239): CodeIgniter\Database\BaseBuilder->get()
 3 SYSTEMPATH\CodeIgniter.php(933): App\Controllers\Materials->studentCourses()
 4 SYSTEMPATH\CodeIgniter.php(507): CodeIgniter\CodeIgniter->runController(Object(App\Controllers\Materials))
 5 SYSTEMPATH\CodeIgniter.php(354): CodeIgniter\CodeIgniter->handleRequest(null, Object(Config\Cache), false)
 6 SYSTEMPATH\Boot.php(363): CodeIgniter\CodeIgniter->run()
 7 SYSTEMPATH\Boot.php(68): CodeIgniter\Boot::runCodeIgniter(Object(CodeIgniter\CodeIgniter))
 8 FCPATH\index.php(38): CodeIgniter\Boot::bootWeb(Object(Config\Paths))
CRITICAL - 2025-11-27 14:10:46 --> [Caused by] CodeIgniter\Database\Exceptions\DatabaseException: Column 'id' in field list is ambiguous
in SYSTEMPATH\Database\MySQLi\Connection.php on line 332.
 1 SYSTEMPATH\Database\BaseConnection.php(729): CodeIgniter\Database\MySQLi\Connection->execute('SELECT `id`, `title`, `description`, `instructor_id`, `created_at`, `users`.`name` as `instructor_name`
FROM `courses`
LEFT JOIN `users` ON `users`.`id` = `courses`.`instructor_id`
ORDER BY `title` ASC')
 2 SYSTEMPATH\Database\BaseConnection.php(646): CodeIgniter\Database\BaseConnection->simpleQuery('SELECT `id`, `title`, `description`, `instructor_id`, `created_at`, `users`.`name` as `instructor_name`
FROM `courses`
LEFT JOIN `users` ON `users`.`id` = `courses`.`instructor_id`
ORDER BY `title` ASC')
 3 SYSTEMPATH\Database\BaseBuilder.php(1649): CodeIgniter\Database\BaseConnection->query('SELECT `id`, `title`, `description`, `instructor_id`, `created_at`, `users`.`name` as `instructor_name`
FROM `courses`
LEFT JOIN `users` ON `users`.`id` = `courses`.`instructor_id`
ORDER BY `title` ASC', [], false)
 4 APPPATH\Controllers\Materials.php(239): CodeIgniter\Database\BaseBuilder->get()
 5 SYSTEMPATH\CodeIgniter.php(933): App\Controllers\Materials->studentCourses()
 6 SYSTEMPATH\CodeIgniter.php(507): CodeIgniter\CodeIgniter->runController(Object(App\Controllers\Materials))
 7 SYSTEMPATH\CodeIgniter.php(354): CodeIgniter\CodeIgniter->handleRequest(null, Object(Config\Cache), false)
 8 SYSTEMPATH\Boot.php(363): CodeIgniter\CodeIgniter->run()
 9 SYSTEMPATH\Boot.php(68): CodeIgniter\Boot::runCodeIgniter(Object(CodeIgniter\CodeIgniter))
10 FCPATH\index.php(38): CodeIgniter\Boot::bootWeb(Object(Config\Paths))
CRITICAL - 2025-11-27 14:10:46 --> [Caused by] mysqli_sql_exception: Column 'id' in field list is ambiguous
in SYSTEMPATH\Database\MySQLi\Connection.php on line 327.
 1 SYSTEMPATH\Database\MySQLi\Connection.php(327): mysqli->query('SELECT `id`, `title`, `description`, `instructor_id`, `created_at`, `users`.`name` as `instructor_name`
FROM `courses`
LEFT JOIN `users` ON `users`.`id` = `courses`.`instructor_id`
ORDER BY `title` ASC', 0)
 2 SYSTEMPATH\Database\BaseConnection.php(729): CodeIgniter\Database\MySQLi\Connection->execute('SELECT `id`, `title`, `description`, `instructor_id`, `created_at`, `users`.`name` as `instructor_name`
FROM `courses`
LEFT JOIN `users` ON `users`.`id` = `courses`.`instructor_id`
ORDER BY `title` ASC')
 3 SYSTEMPATH\Database\BaseConnection.php(646): CodeIgniter\Database\BaseConnection->simpleQuery('SELECT `id`, `title`, `description`, `instructor_id`, `created_at`, `users`.`name` as `instructor_name`
FROM `courses`
LEFT JOIN `users` ON `users`.`id` = `courses`.`instructor_id`
ORDER BY `title` ASC')
 4 SYSTEMPATH\Database\BaseBuilder.php(1649): CodeIgniter\Database\BaseConnection->query('SELECT `id`, `title`, `description`, `instructor_id`, `created_at`, `users`.`name` as `instructor_name`
FROM `courses`
LEFT JOIN `users` ON `users`.`id` = `courses`.`instructor_id`
ORDER BY `title` ASC', [], false)
 5 APPPATH\Controllers\Materials.php(239): CodeIgniter\Database\BaseBuilder->get()
 6 SYSTEMPATH\CodeIgniter.php(933): App\Controllers\Materials->studentCourses()
 7 SYSTEMPATH\CodeIgniter.php(507): CodeIgniter\CodeIgniter->runController(Object(App\Controllers\Materials))
 8 SYSTEMPATH\CodeIgniter.php(354): CodeIgniter\CodeIgniter->handleRequest(null, Object(Config\Cache), false)
 9 SYSTEMPATH\Boot.php(363): CodeIgniter\CodeIgniter->run()
10 SYSTEMPATH\Boot.php(68): CodeIgniter\Boot::runCodeIgniter(Object(CodeIgniter\CodeIgniter))
11 FCPATH\index.php(38): CodeIgniter\Boot::bootWeb(Object(Config\Paths))
ERROR - 2025-11-27 14:10:54 --> mysqli_sql_exception: Column 'id' in field list is ambiguous in C:\xampp\htdocs\ITE311-RANISES\system\Database\MySQLi\Connection.php:327
Stack trace:
#0 C:\xampp\htdocs\ITE311-RANISES\system\Database\MySQLi\Connection.php(327): mysqli->query('SELECT `id`, `t...', 0)
#1 C:\xampp\htdocs\ITE311-RANISES\system\Database\BaseConnection.php(729): CodeIgniter\Database\MySQLi\Connection->execute('SELECT `id`, `t...')
#2 C:\xampp\htdocs\ITE311-RANISES\system\Database\BaseConnection.php(646): CodeIgniter\Database\BaseConnection->simpleQuery('SELECT `id`, `t...')
#3 C:\xampp\htdocs\ITE311-RANISES\system\Database\BaseBuilder.php(1649): CodeIgniter\Database\BaseConnection->query('SELECT `id`, `t...', Array, false)
#4 C:\xampp\htdocs\ITE311-RANISES\app\Controllers\Materials.php(239): CodeIgniter\Database\BaseBuilder->get()
#5 C:\xampp\htdocs\ITE311-RANISES\system\CodeIgniter.php(933): App\Controllers\Materials->studentCourses()
#6 C:\xampp\htdocs\ITE311-RANISES\system\CodeIgniter.php(507): CodeIgniter\CodeIgniter->runController(Object(App\Controllers\Materials))
#7 C:\xampp\htdocs\ITE311-RANISES\system\CodeIgniter.php(354): CodeIgniter\CodeIgniter->handleRequest(NULL, Object(Config\Cache), false)
#8 C:\xampp\htdocs\ITE311-RANISES\system\Boot.php(363): CodeIgniter\CodeIgniter->run()
#9 C:\xampp\htdocs\ITE311-RANISES\system\Boot.php(68): CodeIgniter\Boot::runCodeIgniter(Object(CodeIgniter\CodeIgniter))
#10 C:\xampp\htdocs\ITE311-RANISES\index.php(38): CodeIgniter\Boot::bootWeb(Object(Config\Paths))
#11 {main}
CRITICAL - 2025-11-27 14:10:54 --> CodeIgniter\Database\Exceptions\DatabaseException: Column 'id' in field list is ambiguous
[Method: GET, Route: student/courses]
in SYSTEMPATH\Database\BaseConnection.php on line 684.
 1 SYSTEMPATH\Database\BaseBuilder.php(1649): CodeIgniter\Database\BaseConnection->query('SELECT `id`, `title`, `description`, `instructor_id`, `created_at`, `users`.`name` as `instructor_name`
FROM `courses`
LEFT JOIN `users` ON `users`.`id` = `courses`.`instructor_id`
ORDER BY `title` ASC', [], false)
 2 APPPATH\Controllers\Materials.php(239): CodeIgniter\Database\BaseBuilder->get()
 3 SYSTEMPATH\CodeIgniter.php(933): App\Controllers\Materials->studentCourses()
 4 SYSTEMPATH\CodeIgniter.php(507): CodeIgniter\CodeIgniter->runController(Object(App\Controllers\Materials))
 5 SYSTEMPATH\CodeIgniter.php(354): CodeIgniter\CodeIgniter->handleRequest(null, Object(Config\Cache), false)
 6 SYSTEMPATH\Boot.php(363): CodeIgniter\CodeIgniter->run()
 7 SYSTEMPATH\Boot.php(68): CodeIgniter\Boot::runCodeIgniter(Object(CodeIgniter\CodeIgniter))
 8 FCPATH\index.php(38): CodeIgniter\Boot::bootWeb(Object(Config\Paths))
CRITICAL - 2025-11-27 14:10:54 --> [Caused by] CodeIgniter\Database\Exceptions\DatabaseException: Column 'id' in field list is ambiguous
in SYSTEMPATH\Database\MySQLi\Connection.php on line 332.
 1 SYSTEMPATH\Database\BaseConnection.php(729): CodeIgniter\Database\MySQLi\Connection->execute('SELECT `id`, `title`, `description`, `instructor_id`, `created_at`, `users`.`name` as `instructor_name`
FROM `courses`
LEFT JOIN `users` ON `users`.`id` = `courses`.`instructor_id`
ORDER BY `title` ASC')
 2 SYSTEMPATH\Database\BaseConnection.php(646): CodeIgniter\Database\BaseConnection->simpleQuery('SELECT `id`, `title`, `description`, `instructor_id`, `created_at`, `users`.`name` as `instructor_name`
FROM `courses`
LEFT JOIN `users` ON `users`.`id` = `courses`.`instructor_id`
ORDER BY `title` ASC')
 3 SYSTEMPATH\Database\BaseBuilder.php(1649): CodeIgniter\Database\BaseConnection->query('SELECT `id`, `title`, `description`, `instructor_id`, `created_at`, `users`.`name` as `instructor_name`
FROM `courses`
LEFT JOIN `users` ON `users`.`id` = `courses`.`instructor_id`
ORDER BY `title` ASC', [], false)
 4 APPPATH\Controllers\Materials.php(239): CodeIgniter\Database\BaseBuilder->get()
 5 SYSTEMPATH\CodeIgniter.php(933): App\Controllers\Materials->studentCourses()
 6 SYSTEMPATH\CodeIgniter.php(507): CodeIgniter\CodeIgniter->runController(Object(App\Controllers\Materials))
 7 SYSTEMPATH\CodeIgniter.php(354): CodeIgniter\CodeIgniter->handleRequest(null, Object(Config\Cache), false)
 8 SYSTEMPATH\Boot.php(363): CodeIgniter\CodeIgniter->run()
 9 SYSTEMPATH\Boot.php(68): CodeIgniter\Boot::runCodeIgniter(Object(CodeIgniter\CodeIgniter))
10 FCPATH\index.php(38): CodeIgniter\Boot::bootWeb(Object(Config\Paths))
CRITICAL - 2025-11-27 14:10:54 --> [Caused by] mysqli_sql_exception: Column 'id' in field list is ambiguous
in SYSTEMPATH\Database\MySQLi\Connection.php on line 327.
 1 SYSTEMPATH\Database\MySQLi\Connection.php(327): mysqli->query('SELECT `id`, `title`, `description`, `instructor_id`, `created_at`, `users`.`name` as `instructor_name`
FROM `courses`
LEFT JOIN `users` ON `users`.`id` = `courses`.`instructor_id`
ORDER BY `title` ASC', 0)
 2 SYSTEMPATH\Database\BaseConnection.php(729): CodeIgniter\Database\MySQLi\Connection->execute('SELECT `id`, `title`, `description`, `instructor_id`, `created_at`, `users`.`name` as `instructor_name`
FROM `courses`
LEFT JOIN `users` ON `users`.`id` = `courses`.`instructor_id`
ORDER BY `title` ASC')
 3 SYSTEMPATH\Database\BaseConnection.php(646): CodeIgniter\Database\BaseConnection->simpleQuery('SELECT `id`, `title`, `description`, `instructor_id`, `created_at`, `users`.`name` as `instructor_name`
FROM `courses`
LEFT JOIN `users` ON `users`.`id` = `courses`.`instructor_id`
ORDER BY `title` ASC')
 4 SYSTEMPATH\Database\BaseBuilder.php(1649): CodeIgniter\Database\BaseConnection->query('SELECT `id`, `title`, `description`, `instructor_id`, `created_at`, `users`.`name` as `instructor_name`
FROM `courses`
LEFT JOIN `users` ON `users`.`id` = `courses`.`instructor_id`
ORDER BY `title` ASC', [], false)
 5 APPPATH\Controllers\Materials.php(239): CodeIgniter\Database\BaseBuilder->get()
 6 SYSTEMPATH\CodeIgniter.php(933): App\Controllers\Materials->studentCourses()
 7 SYSTEMPATH\CodeIgniter.php(507): CodeIgniter\CodeIgniter->runController(Object(App\Controllers\Materials))
 8 SYSTEMPATH\CodeIgniter.php(354): CodeIgniter\CodeIgniter->handleRequest(null, Object(Config\Cache), false)
 9 SYSTEMPATH\Boot.php(363): CodeIgniter\CodeIgniter->run()
10 SYSTEMPATH\Boot.php(68): CodeIgniter\Boot::runCodeIgniter(Object(CodeIgniter\CodeIgniter))
11 FCPATH\index.php(38): CodeIgniter\Boot::bootWeb(Object(Config\Paths))
ERROR - 2025-11-27 14:13:22 --> mysqli_sql_exception: Column 'id' in field list is ambiguous in C:\xampp\htdocs\ITE311-RANISES\system\Database\MySQLi\Connection.php:327
Stack trace:
#0 C:\xampp\htdocs\ITE311-RANISES\system\Database\MySQLi\Connection.php(327): mysqli->query('SELECT `id`, `t...', 0)
#1 C:\xampp\htdocs\ITE311-RANISES\system\Database\BaseConnection.php(729): CodeIgniter\Database\MySQLi\Connection->execute('SELECT `id`, `t...')
#2 C:\xampp\htdocs\ITE311-RANISES\system\Database\BaseConnection.php(646): CodeIgniter\Database\BaseConnection->simpleQuery('SELECT `id`, `t...')
#3 C:\xampp\htdocs\ITE311-RANISES\system\Database\BaseBuilder.php(1649): CodeIgniter\Database\BaseConnection->query('SELECT `id`, `t...', Array, false)
#4 C:\xampp\htdocs\ITE311-RANISES\app\Controllers\Materials.php(239): CodeIgniter\Database\BaseBuilder->get()
#5 C:\xampp\htdocs\ITE311-RANISES\system\CodeIgniter.php(933): App\Controllers\Materials->studentCourses()
#6 C:\xampp\htdocs\ITE311-RANISES\system\CodeIgniter.php(507): CodeIgniter\CodeIgniter->runController(Object(App\Controllers\Materials))
#7 C:\xampp\htdocs\ITE311-RANISES\system\CodeIgniter.php(354): CodeIgniter\CodeIgniter->handleRequest(NULL, Object(Config\Cache), false)
#8 C:\xampp\htdocs\ITE311-RANISES\system\Boot.php(363): CodeIgniter\CodeIgniter->run()
#9 C:\xampp\htdocs\ITE311-RANISES\system\Boot.php(68): CodeIgniter\Boot::runCodeIgniter(Object(CodeIgniter\CodeIgniter))
#10 C:\xampp\htdocs\ITE311-RANISES\index.php(38): CodeIgniter\Boot::bootWeb(Object(Config\Paths))
#11 {main}
CRITICAL - 2025-11-27 14:13:22 --> CodeIgniter\Database\Exceptions\DatabaseException: Column 'id' in field list is ambiguous
[Method: GET, Route: student/courses]
in SYSTEMPATH\Database\BaseConnection.php on line 684.
 1 SYSTEMPATH\Database\BaseBuilder.php(1649): CodeIgniter\Database\BaseConnection->query('SELECT `id`, `title`, `description`, `instructor_id`, `created_at`, `users`.`name` as `instructor_name`
FROM `courses`
LEFT JOIN `users` ON `users`.`id` = `courses`.`instructor_id`
ORDER BY `title` ASC', [], false)
 2 APPPATH\Controllers\Materials.php(239): CodeIgniter\Database\BaseBuilder->get()
 3 SYSTEMPATH\CodeIgniter.php(933): App\Controllers\Materials->studentCourses()
 4 SYSTEMPATH\CodeIgniter.php(507): CodeIgniter\CodeIgniter->runController(Object(App\Controllers\Materials))
 5 SYSTEMPATH\CodeIgniter.php(354): CodeIgniter\CodeIgniter->handleRequest(null, Object(Config\Cache), false)
 6 SYSTEMPATH\Boot.php(363): CodeIgniter\CodeIgniter->run()
 7 SYSTEMPATH\Boot.php(68): CodeIgniter\Boot::runCodeIgniter(Object(CodeIgniter\CodeIgniter))
 8 FCPATH\index.php(38): CodeIgniter\Boot::bootWeb(Object(Config\Paths))
CRITICAL - 2025-11-27 14:13:22 --> [Caused by] CodeIgniter\Database\Exceptions\DatabaseException: Column 'id' in field list is ambiguous
in SYSTEMPATH\Database\MySQLi\Connection.php on line 332.
 1 SYSTEMPATH\Database\BaseConnection.php(729): CodeIgniter\Database\MySQLi\Connection->execute('SELECT `id`, `title`, `description`, `instructor_id`, `created_at`, `users`.`name` as `instructor_name`
FROM `courses`
LEFT JOIN `users` ON `users`.`id` = `courses`.`instructor_id`
ORDER BY `title` ASC')
 2 SYSTEMPATH\Database\BaseConnection.php(646): CodeIgniter\Database\BaseConnection->simpleQuery('SELECT `id`, `title`, `description`, `instructor_id`, `created_at`, `users`.`name` as `instructor_name`
FROM `courses`
LEFT JOIN `users` ON `users`.`id` = `courses`.`instructor_id`
ORDER BY `title` ASC')
 3 SYSTEMPATH\Database\BaseBuilder.php(1649): CodeIgniter\Database\BaseConnection->query('SELECT `id`, `title`, `description`, `instructor_id`, `created_at`, `users`.`name` as `instructor_name`
FROM `courses`
LEFT JOIN `users` ON `users`.`id` = `courses`.`instructor_id`
ORDER BY `title` ASC', [], false)
 4 APPPATH\Controllers\Materials.php(239): CodeIgniter\Database\BaseBuilder->get()
 5 SYSTEMPATH\CodeIgniter.php(933): App\Controllers\Materials->studentCourses()
 6 SYSTEMPATH\CodeIgniter.php(507): CodeIgniter\CodeIgniter->runController(Object(App\Controllers\Materials))
 7 SYSTEMPATH\CodeIgniter.php(354): CodeIgniter\CodeIgniter->handleRequest(null, Object(Config\Cache), false)
 8 SYSTEMPATH\Boot.php(363): CodeIgniter\CodeIgniter->run()
 9 SYSTEMPATH\Boot.php(68): CodeIgniter\Boot::runCodeIgniter(Object(CodeIgniter\CodeIgniter))
10 FCPATH\index.php(38): CodeIgniter\Boot::bootWeb(Object(Config\Paths))
CRITICAL - 2025-11-27 14:13:22 --> [Caused by] mysqli_sql_exception: Column 'id' in field list is ambiguous
in SYSTEMPATH\Database\MySQLi\Connection.php on line 327.
 1 SYSTEMPATH\Database\MySQLi\Connection.php(327): mysqli->query('SELECT `id`, `title`, `description`, `instructor_id`, `created_at`, `users`.`name` as `instructor_name`
FROM `courses`
LEFT JOIN `users` ON `users`.`id` = `courses`.`instructor_id`
ORDER BY `title` ASC', 0)
 2 SYSTEMPATH\Database\BaseConnection.php(729): CodeIgniter\Database\MySQLi\Connection->execute('SELECT `id`, `title`, `description`, `instructor_id`, `created_at`, `users`.`name` as `instructor_name`
FROM `courses`
LEFT JOIN `users` ON `users`.`id` = `courses`.`instructor_id`
ORDER BY `title` ASC')
 3 SYSTEMPATH\Database\BaseConnection.php(646): CodeIgniter\Database\BaseConnection->simpleQuery('SELECT `id`, `title`, `description`, `instructor_id`, `created_at`, `users`.`name` as `instructor_name`
FROM `courses`
LEFT JOIN `users` ON `users`.`id` = `courses`.`instructor_id`
ORDER BY `title` ASC')
 4 SYSTEMPATH\Database\BaseBuilder.php(1649): CodeIgniter\Database\BaseConnection->query('SELECT `id`, `title`, `description`, `instructor_id`, `created_at`, `users`.`name` as `instructor_name`
FROM `courses`
LEFT JOIN `users` ON `users`.`id` = `courses`.`instructor_id`
ORDER BY `title` ASC', [], false)
 5 APPPATH\Controllers\Materials.php(239): CodeIgniter\Database\BaseBuilder->get()
 6 SYSTEMPATH\CodeIgniter.php(933): App\Controllers\Materials->studentCourses()
 7 SYSTEMPATH\CodeIgniter.php(507): CodeIgniter\CodeIgniter->runController(Object(App\Controllers\Materials))
 8 SYSTEMPATH\CodeIgniter.php(354): CodeIgniter\CodeIgniter->handleRequest(null, Object(Config\Cache), false)
 9 SYSTEMPATH\Boot.php(363): CodeIgniter\CodeIgniter->run()
10 SYSTEMPATH\Boot.php(68): CodeIgniter\Boot::runCodeIgniter(Object(CodeIgniter\CodeIgniter))
11 FCPATH\index.php(38): CodeIgniter\Boot::bootWeb(Object(Config\Paths))
ERROR - 2025-11-27 14:13:27 --> mysqli_sql_exception: Column 'id' in field list is ambiguous in C:\xampp\htdocs\ITE311-RANISES\system\Database\MySQLi\Connection.php:327
Stack trace:
#0 C:\xampp\htdocs\ITE311-RANISES\system\Database\MySQLi\Connection.php(327): mysqli->query('SELECT `id`, `t...', 0)
#1 C:\xampp\htdocs\ITE311-RANISES\system\Database\BaseConnection.php(729): CodeIgniter\Database\MySQLi\Connection->execute('SELECT `id`, `t...')
#2 C:\xampp\htdocs\ITE311-RANISES\system\Database\BaseConnection.php(646): CodeIgniter\Database\BaseConnection->simpleQuery('SELECT `id`, `t...')
#3 C:\xampp\htdocs\ITE311-RANISES\system\Database\BaseBuilder.php(1649): CodeIgniter\Database\BaseConnection->query('SELECT `id`, `t...', Array, false)
#4 C:\xampp\htdocs\ITE311-RANISES\app\Controllers\Materials.php(239): CodeIgniter\Database\BaseBuilder->get()
#5 C:\xampp\htdocs\ITE311-RANISES\system\CodeIgniter.php(933): App\Controllers\Materials->studentCourses()
#6 C:\xampp\htdocs\ITE311-RANISES\system\CodeIgniter.php(507): CodeIgniter\CodeIgniter->runController(Object(App\Controllers\Materials))
#7 C:\xampp\htdocs\ITE311-RANISES\system\CodeIgniter.php(354): CodeIgniter\CodeIgniter->handleRequest(NULL, Object(Config\Cache), false)
#8 C:\xampp\htdocs\ITE311-RANISES\system\Boot.php(363): CodeIgniter\CodeIgniter->run()
#9 C:\xampp\htdocs\ITE311-RANISES\system\Boot.php(68): CodeIgniter\Boot::runCodeIgniter(Object(CodeIgniter\CodeIgniter))
#10 C:\xampp\htdocs\ITE311-RANISES\index.php(38): CodeIgniter\Boot::bootWeb(Object(Config\Paths))
#11 {main}
CRITICAL - 2025-11-27 14:13:27 --> CodeIgniter\Database\Exceptions\DatabaseException: Column 'id' in field list is ambiguous
[Method: GET, Route: student/courses]
in SYSTEMPATH\Database\BaseConnection.php on line 684.
 1 SYSTEMPATH\Database\BaseBuilder.php(1649): CodeIgniter\Database\BaseConnection->query('SELECT `id`, `title`, `description`, `instructor_id`, `created_at`, `users`.`name` as `instructor_name`
FROM `courses`
LEFT JOIN `users` ON `users`.`id` = `courses`.`instructor_id`
ORDER BY `title` ASC', [], false)
 2 APPPATH\Controllers\Materials.php(239): CodeIgniter\Database\BaseBuilder->get()
 3 SYSTEMPATH\CodeIgniter.php(933): App\Controllers\Materials->studentCourses()
 4 SYSTEMPATH\CodeIgniter.php(507): CodeIgniter\CodeIgniter->runController(Object(App\Controllers\Materials))
 5 SYSTEMPATH\CodeIgniter.php(354): CodeIgniter\CodeIgniter->handleRequest(null, Object(Config\Cache), false)
 6 SYSTEMPATH\Boot.php(363): CodeIgniter\CodeIgniter->run()
 7 SYSTEMPATH\Boot.php(68): CodeIgniter\Boot::runCodeIgniter(Object(CodeIgniter\CodeIgniter))
 8 FCPATH\index.php(38): CodeIgniter\Boot::bootWeb(Object(Config\Paths))
CRITICAL - 2025-11-27 14:13:27 --> [Caused by] CodeIgniter\Database\Exceptions\DatabaseException: Column 'id' in field list is ambiguous
in SYSTEMPATH\Database\MySQLi\Connection.php on line 332.
 1 SYSTEMPATH\Database\BaseConnection.php(729): CodeIgniter\Database\MySQLi\Connection->execute('SELECT `id`, `title`, `description`, `instructor_id`, `created_at`, `users`.`name` as `instructor_name`
FROM `courses`
LEFT JOIN `users` ON `users`.`id` = `courses`.`instructor_id`
ORDER BY `title` ASC')
 2 SYSTEMPATH\Database\BaseConnection.php(646): CodeIgniter\Database\BaseConnection->simpleQuery('SELECT `id`, `title`, `description`, `instructor_id`, `created_at`, `users`.`name` as `instructor_name`
FROM `courses`
LEFT JOIN `users` ON `users`.`id` = `courses`.`instructor_id`
ORDER BY `title` ASC')
 3 SYSTEMPATH\Database\BaseBuilder.php(1649): CodeIgniter\Database\BaseConnection->query('SELECT `id`, `title`, `description`, `instructor_id`, `created_at`, `users`.`name` as `instructor_name`
FROM `courses`
LEFT JOIN `users` ON `users`.`id` = `courses`.`instructor_id`
ORDER BY `title` ASC', [], false)
 4 APPPATH\Controllers\Materials.php(239): CodeIgniter\Database\BaseBuilder->get()
 5 SYSTEMPATH\CodeIgniter.php(933): App\Controllers\Materials->studentCourses()
 6 SYSTEMPATH\CodeIgniter.php(507): CodeIgniter\CodeIgniter->runController(Object(App\Controllers\Materials))
 7 SYSTEMPATH\CodeIgniter.php(354): CodeIgniter\CodeIgniter->handleRequest(null, Object(Config\Cache), false)
 8 SYSTEMPATH\Boot.php(363): CodeIgniter\CodeIgniter->run()
 9 SYSTEMPATH\Boot.php(68): CodeIgniter\Boot::runCodeIgniter(Object(CodeIgniter\CodeIgniter))
10 FCPATH\index.php(38): CodeIgniter\Boot::bootWeb(Object(Config\Paths))
CRITICAL - 2025-11-27 14:13:27 --> [Caused by] mysqli_sql_exception: Column 'id' in field list is ambiguous
in SYSTEMPATH\Database\MySQLi\Connection.php on line 327.
 1 SYSTEMPATH\Database\MySQLi\Connection.php(327): mysqli->query('SELECT `id`, `title`, `description`, `instructor_id`, `created_at`, `users`.`name` as `instructor_name`
FROM `courses`
LEFT JOIN `users` ON `users`.`id` = `courses`.`instructor_id`
ORDER BY `title` ASC', 0)
 2 SYSTEMPATH\Database\BaseConnection.php(729): CodeIgniter\Database\MySQLi\Connection->execute('SELECT `id`, `title`, `description`, `instructor_id`, `created_at`, `users`.`name` as `instructor_name`
FROM `courses`
LEFT JOIN `users` ON `users`.`id` = `courses`.`instructor_id`
ORDER BY `title` ASC')
 3 SYSTEMPATH\Database\BaseConnection.php(646): CodeIgniter\Database\BaseConnection->simpleQuery('SELECT `id`, `title`, `description`, `instructor_id`, `created_at`, `users`.`name` as `instructor_name`
FROM `courses`
LEFT JOIN `users` ON `users`.`id` = `courses`.`instructor_id`
ORDER BY `title` ASC')
 4 SYSTEMPATH\Database\BaseBuilder.php(1649): CodeIgniter\Database\BaseConnection->query('SELECT `id`, `title`, `description`, `instructor_id`, `created_at`, `users`.`name` as `instructor_name`
FROM `courses`
LEFT JOIN `users` ON `users`.`id` = `courses`.`instructor_id`
ORDER BY `title` ASC', [], false)
 5 APPPATH\Controllers\Materials.php(239): CodeIgniter\Database\BaseBuilder->get()
 6 SYSTEMPATH\CodeIgniter.php(933): App\Controllers\Materials->studentCourses()
 7 SYSTEMPATH\CodeIgniter.php(507): CodeIgniter\CodeIgniter->runController(Object(App\Controllers\Materials))
 8 SYSTEMPATH\CodeIgniter.php(354): CodeIgniter\CodeIgniter->handleRequest(null, Object(Config\Cache), false)
 9 SYSTEMPATH\Boot.php(363): CodeIgniter\CodeIgniter->run()
10 SYSTEMPATH\Boot.php(68): CodeIgniter\Boot::runCodeIgniter(Object(CodeIgniter\CodeIgniter))
11 FCPATH\index.php(38): CodeIgniter\Boot::bootWeb(Object(Config\Paths))
ERROR - 2025-11-27 14:15:32 --> mysqli_sql_exception: Column 'id' in field list is ambiguous in C:\xampp\htdocs\ITE311-RANISES\system\Database\MySQLi\Connection.php:327
Stack trace:
#0 C:\xampp\htdocs\ITE311-RANISES\system\Database\MySQLi\Connection.php(327): mysqli->query('SELECT `id`, `t...', 0)
#1 C:\xampp\htdocs\ITE311-RANISES\system\Database\BaseConnection.php(729): CodeIgniter\Database\MySQLi\Connection->execute('SELECT `id`, `t...')
#2 C:\xampp\htdocs\ITE311-RANISES\system\Database\BaseConnection.php(646): CodeIgniter\Database\BaseConnection->simpleQuery('SELECT `id`, `t...')
#3 C:\xampp\htdocs\ITE311-RANISES\system\Database\BaseBuilder.php(1649): CodeIgniter\Database\BaseConnection->query('SELECT `id`, `t...', Array, false)
#4 C:\xampp\htdocs\ITE311-RANISES\app\Controllers\Materials.php(239): CodeIgniter\Database\BaseBuilder->get()
#5 C:\xampp\htdocs\ITE311-RANISES\system\CodeIgniter.php(933): App\Controllers\Materials->studentCourses()
#6 C:\xampp\htdocs\ITE311-RANISES\system\CodeIgniter.php(507): CodeIgniter\CodeIgniter->runController(Object(App\Controllers\Materials))
#7 C:\xampp\htdocs\ITE311-RANISES\system\CodeIgniter.php(354): CodeIgniter\CodeIgniter->handleRequest(NULL, Object(Config\Cache), false)
#8 C:\xampp\htdocs\ITE311-RANISES\system\Boot.php(363): CodeIgniter\CodeIgniter->run()
#9 C:\xampp\htdocs\ITE311-RANISES\system\Boot.php(68): CodeIgniter\Boot::runCodeIgniter(Object(CodeIgniter\CodeIgniter))
#10 C:\xampp\htdocs\ITE311-RANISES\index.php(38): CodeIgniter\Boot::bootWeb(Object(Config\Paths))
#11 {main}
CRITICAL - 2025-11-27 14:15:32 --> CodeIgniter\Database\Exceptions\DatabaseException: Column 'id' in field list is ambiguous
[Method: GET, Route: student/courses]
in SYSTEMPATH\Database\BaseConnection.php on line 684.
 1 SYSTEMPATH\Database\BaseBuilder.php(1649): CodeIgniter\Database\BaseConnection->query('SELECT `id`, `title`, `description`, `instructor_id`, `created_at`, `users`.`name` as `instructor_name`
FROM `courses`
LEFT JOIN `users` ON `users`.`id` = `courses`.`instructor_id`
ORDER BY `title` ASC', [], false)
 2 APPPATH\Controllers\Materials.php(239): CodeIgniter\Database\BaseBuilder->get()
 3 SYSTEMPATH\CodeIgniter.php(933): App\Controllers\Materials->studentCourses()
 4 SYSTEMPATH\CodeIgniter.php(507): CodeIgniter\CodeIgniter->runController(Object(App\Controllers\Materials))
 5 SYSTEMPATH\CodeIgniter.php(354): CodeIgniter\CodeIgniter->handleRequest(null, Object(Config\Cache), false)
 6 SYSTEMPATH\Boot.php(363): CodeIgniter\CodeIgniter->run()
 7 SYSTEMPATH\Boot.php(68): CodeIgniter\Boot::runCodeIgniter(Object(CodeIgniter\CodeIgniter))
 8 FCPATH\index.php(38): CodeIgniter\Boot::bootWeb(Object(Config\Paths))
CRITICAL - 2025-11-27 14:15:32 --> [Caused by] CodeIgniter\Database\Exceptions\DatabaseException: Column 'id' in field list is ambiguous
in SYSTEMPATH\Database\MySQLi\Connection.php on line 332.
 1 SYSTEMPATH\Database\BaseConnection.php(729): CodeIgniter\Database\MySQLi\Connection->execute('SELECT `id`, `title`, `description`, `instructor_id`, `created_at`, `users`.`name` as `instructor_name`
FROM `courses`
LEFT JOIN `users` ON `users`.`id` = `courses`.`instructor_id`
ORDER BY `title` ASC')
 2 SYSTEMPATH\Database\BaseConnection.php(646): CodeIgniter\Database\BaseConnection->simpleQuery('SELECT `id`, `title`, `description`, `instructor_id`, `created_at`, `users`.`name` as `instructor_name`
FROM `courses`
LEFT JOIN `users` ON `users`.`id` = `courses`.`instructor_id`
ORDER BY `title` ASC')
 3 SYSTEMPATH\Database\BaseBuilder.php(1649): CodeIgniter\Database\BaseConnection->query('SELECT `id`, `title`, `description`, `instructor_id`, `created_at`, `users`.`name` as `instructor_name`
FROM `courses`
LEFT JOIN `users` ON `users`.`id` = `courses`.`instructor_id`
ORDER BY `title` ASC', [], false)
 4 APPPATH\Controllers\Materials.php(239): CodeIgniter\Database\BaseBuilder->get()
 5 SYSTEMPATH\CodeIgniter.php(933): App\Controllers\Materials->studentCourses()
 6 SYSTEMPATH\CodeIgniter.php(507): CodeIgniter\CodeIgniter->runController(Object(App\Controllers\Materials))
 7 SYSTEMPATH\CodeIgniter.php(354): CodeIgniter\CodeIgniter->handleRequest(null, Object(Config\Cache), false)
 8 SYSTEMPATH\Boot.php(363): CodeIgniter\CodeIgniter->run()
 9 SYSTEMPATH\Boot.php(68): CodeIgniter\Boot::runCodeIgniter(Object(CodeIgniter\CodeIgniter))
10 FCPATH\index.php(38): CodeIgniter\Boot::bootWeb(Object(Config\Paths))
CRITICAL - 2025-11-27 14:15:32 --> [Caused by] mysqli_sql_exception: Column 'id' in field list is ambiguous
in SYSTEMPATH\Database\MySQLi\Connection.php on line 327.
 1 SYSTEMPATH\Database\MySQLi\Connection.php(327): mysqli->query('SELECT `id`, `title`, `description`, `instructor_id`, `created_at`, `users`.`name` as `instructor_name`
FROM `courses`
LEFT JOIN `users` ON `users`.`id` = `courses`.`instructor_id`
ORDER BY `title` ASC', 0)
 2 SYSTEMPATH\Database\BaseConnection.php(729): CodeIgniter\Database\MySQLi\Connection->execute('SELECT `id`, `title`, `description`, `instructor_id`, `created_at`, `users`.`name` as `instructor_name`
FROM `courses`
LEFT JOIN `users` ON `users`.`id` = `courses`.`instructor_id`
ORDER BY `title` ASC')
 3 SYSTEMPATH\Database\BaseConnection.php(646): CodeIgniter\Database\BaseConnection->simpleQuery('SELECT `id`, `title`, `description`, `instructor_id`, `created_at`, `users`.`name` as `instructor_name`
FROM `courses`
LEFT JOIN `users` ON `users`.`id` = `courses`.`instructor_id`
ORDER BY `title` ASC')
 4 SYSTEMPATH\Database\BaseBuilder.php(1649): CodeIgniter\Database\BaseConnection->query('SELECT `id`, `title`, `description`, `instructor_id`, `created_at`, `users`.`name` as `instructor_name`
FROM `courses`
LEFT JOIN `users` ON `users`.`id` = `courses`.`instructor_id`
ORDER BY `title` ASC', [], false)
 5 APPPATH\Controllers\Materials.php(239): CodeIgniter\Database\BaseBuilder->get()
 6 SYSTEMPATH\CodeIgniter.php(933): App\Controllers\Materials->studentCourses()
 7 SYSTEMPATH\CodeIgniter.php(507): CodeIgniter\CodeIgniter->runController(Object(App\Controllers\Materials))
 8 SYSTEMPATH\CodeIgniter.php(354): CodeIgniter\CodeIgniter->handleRequest(null, Object(Config\Cache), false)
 9 SYSTEMPATH\Boot.php(363): CodeIgniter\CodeIgniter->run()
10 SYSTEMPATH\Boot.php(68): CodeIgniter\Boot::runCodeIgniter(Object(CodeIgniter\CodeIgniter))
11 FCPATH\index.php(38): CodeIgniter\Boot::bootWeb(Object(Config\Paths))
ERROR - 2025-11-27 14:15:38 --> mysqli_sql_exception: Column 'id' in field list is ambiguous in C:\xampp\htdocs\ITE311-RANISES\system\Database\MySQLi\Connection.php:327
Stack trace:
#0 C:\xampp\htdocs\ITE311-RANISES\system\Database\MySQLi\Connection.php(327): mysqli->query('SELECT `id`, `t...', 0)
#1 C:\xampp\htdocs\ITE311-RANISES\system\Database\BaseConnection.php(729): CodeIgniter\Database\MySQLi\Connection->execute('SELECT `id`, `t...')
#2 C:\xampp\htdocs\ITE311-RANISES\system\Database\BaseConnection.php(646): CodeIgniter\Database\BaseConnection->simpleQuery('SELECT `id`, `t...')
#3 C:\xampp\htdocs\ITE311-RANISES\system\Database\BaseBuilder.php(1649): CodeIgniter\Database\BaseConnection->query('SELECT `id`, `t...', Array, false)
#4 C:\xampp\htdocs\ITE311-RANISES\app\Controllers\Materials.php(239): CodeIgniter\Database\BaseBuilder->get()
#5 C:\xampp\htdocs\ITE311-RANISES\system\CodeIgniter.php(933): App\Controllers\Materials->studentCourses()
#6 C:\xampp\htdocs\ITE311-RANISES\system\CodeIgniter.php(507): CodeIgniter\CodeIgniter->runController(Object(App\Controllers\Materials))
#7 C:\xampp\htdocs\ITE311-RANISES\system\CodeIgniter.php(354): CodeIgniter\CodeIgniter->handleRequest(NULL, Object(Config\Cache), false)
#8 C:\xampp\htdocs\ITE311-RANISES\system\Boot.php(363): CodeIgniter\CodeIgniter->run()
#9 C:\xampp\htdocs\ITE311-RANISES\system\Boot.php(68): CodeIgniter\Boot::runCodeIgniter(Object(CodeIgniter\CodeIgniter))
#10 C:\xampp\htdocs\ITE311-RANISES\index.php(38): CodeIgniter\Boot::bootWeb(Object(Config\Paths))
#11 {main}
CRITICAL - 2025-11-27 14:15:38 --> CodeIgniter\Database\Exceptions\DatabaseException: Column 'id' in field list is ambiguous
[Method: GET, Route: student/courses]
in SYSTEMPATH\Database\BaseConnection.php on line 684.
 1 SYSTEMPATH\Database\BaseBuilder.php(1649): CodeIgniter\Database\BaseConnection->query('SELECT `id`, `title`, `description`, `instructor_id`, `created_at`, `users`.`name` as `instructor_name`
FROM `courses`
LEFT JOIN `users` ON `users`.`id` = `courses`.`instructor_id`
ORDER BY `title` ASC', [], false)
 2 APPPATH\Controllers\Materials.php(239): CodeIgniter\Database\BaseBuilder->get()
 3 SYSTEMPATH\CodeIgniter.php(933): App\Controllers\Materials->studentCourses()
 4 SYSTEMPATH\CodeIgniter.php(507): CodeIgniter\CodeIgniter->runController(Object(App\Controllers\Materials))
 5 SYSTEMPATH\CodeIgniter.php(354): CodeIgniter\CodeIgniter->handleRequest(null, Object(Config\Cache), false)
 6 SYSTEMPATH\Boot.php(363): CodeIgniter\CodeIgniter->run()
 7 SYSTEMPATH\Boot.php(68): CodeIgniter\Boot::runCodeIgniter(Object(CodeIgniter\CodeIgniter))
 8 FCPATH\index.php(38): CodeIgniter\Boot::bootWeb(Object(Config\Paths))
CRITICAL - 2025-11-27 14:15:38 --> [Caused by] CodeIgniter\Database\Exceptions\DatabaseException: Column 'id' in field list is ambiguous
in SYSTEMPATH\Database\MySQLi\Connection.php on line 332.
 1 SYSTEMPATH\Database\BaseConnection.php(729): CodeIgniter\Database\MySQLi\Connection->execute('SELECT `id`, `title`, `description`, `instructor_id`, `created_at`, `users`.`name` as `instructor_name`
FROM `courses`
LEFT JOIN `users` ON `users`.`id` = `courses`.`instructor_id`
ORDER BY `title` ASC')
 2 SYSTEMPATH\Database\BaseConnection.php(646): CodeIgniter\Database\BaseConnection->simpleQuery('SELECT `id`, `title`, `description`, `instructor_id`, `created_at`, `users`.`name` as `instructor_name`
FROM `courses`
LEFT JOIN `users` ON `users`.`id` = `courses`.`instructor_id`
ORDER BY `title` ASC')
 3 SYSTEMPATH\Database\BaseBuilder.php(1649): CodeIgniter\Database\BaseConnection->query('SELECT `id`, `title`, `description`, `instructor_id`, `created_at`, `users`.`name` as `instructor_name`
FROM `courses`
LEFT JOIN `users` ON `users`.`id` = `courses`.`instructor_id`
ORDER BY `title` ASC', [], false)
 4 APPPATH\Controllers\Materials.php(239): CodeIgniter\Database\BaseBuilder->get()
 5 SYSTEMPATH\CodeIgniter.php(933): App\Controllers\Materials->studentCourses()
 6 SYSTEMPATH\CodeIgniter.php(507): CodeIgniter\CodeIgniter->runController(Object(App\Controllers\Materials))
 7 SYSTEMPATH\CodeIgniter.php(354): CodeIgniter\CodeIgniter->handleRequest(null, Object(Config\Cache), false)
 8 SYSTEMPATH\Boot.php(363): CodeIgniter\CodeIgniter->run()
 9 SYSTEMPATH\Boot.php(68): CodeIgniter\Boot::runCodeIgniter(Object(CodeIgniter\CodeIgniter))
10 FCPATH\index.php(38): CodeIgniter\Boot::bootWeb(Object(Config\Paths))
CRITICAL - 2025-11-27 14:15:38 --> [Caused by] mysqli_sql_exception: Column 'id' in field list is ambiguous
in SYSTEMPATH\Database\MySQLi\Connection.php on line 327.
 1 SYSTEMPATH\Database\MySQLi\Connection.php(327): mysqli->query('SELECT `id`, `title`, `description`, `instructor_id`, `created_at`, `users`.`name` as `instructor_name`
FROM `courses`
LEFT JOIN `users` ON `users`.`id` = `courses`.`instructor_id`
ORDER BY `title` ASC', 0)
 2 SYSTEMPATH\Database\BaseConnection.php(729): CodeIgniter\Database\MySQLi\Connection->execute('SELECT `id`, `title`, `description`, `instructor_id`, `created_at`, `users`.`name` as `instructor_name`
FROM `courses`
LEFT JOIN `users` ON `users`.`id` = `courses`.`instructor_id`
ORDER BY `title` ASC')
 3 SYSTEMPATH\Database\BaseConnection.php(646): CodeIgniter\Database\BaseConnection->simpleQuery('SELECT `id`, `title`, `description`, `instructor_id`, `created_at`, `users`.`name` as `instructor_name`
FROM `courses`
LEFT JOIN `users` ON `users`.`id` = `courses`.`instructor_id`
ORDER BY `title` ASC')
 4 SYSTEMPATH\Database\BaseBuilder.php(1649): CodeIgniter\Database\BaseConnection->query('SELECT `id`, `title`, `description`, `instructor_id`, `created_at`, `users`.`name` as `instructor_name`
FROM `courses`
LEFT JOIN `users` ON `users`.`id` = `courses`.`instructor_id`
ORDER BY `title` ASC', [], false)
 5 APPPATH\Controllers\Materials.php(239): CodeIgniter\Database\BaseBuilder->get()
 6 SYSTEMPATH\CodeIgniter.php(933): App\Controllers\Materials->studentCourses()
 7 SYSTEMPATH\CodeIgniter.php(507): CodeIgniter\CodeIgniter->runController(Object(App\Controllers\Materials))
 8 SYSTEMPATH\CodeIgniter.php(354): CodeIgniter\CodeIgniter->handleRequest(null, Object(Config\Cache), false)
 9 SYSTEMPATH\Boot.php(363): CodeIgniter\CodeIgniter->run()
10 SYSTEMPATH\Boot.php(68): CodeIgniter\Boot::runCodeIgniter(Object(CodeIgniter\CodeIgniter))
11 FCPATH\index.php(38): CodeIgniter\Boot::bootWeb(Object(Config\Paths))
ERROR - 2025-11-27 14:17:04 --> mysqli_sql_exception: Column 'id' in field list is ambiguous in C:\xampp\htdocs\ITE311-RANISES\system\Database\MySQLi\Connection.php:327
Stack trace:
#0 C:\xampp\htdocs\ITE311-RANISES\system\Database\MySQLi\Connection.php(327): mysqli->query('SELECT `id`, `t...', 0)
#1 C:\xampp\htdocs\ITE311-RANISES\system\Database\BaseConnection.php(729): CodeIgniter\Database\MySQLi\Connection->execute('SELECT `id`, `t...')
#2 C:\xampp\htdocs\ITE311-RANISES\system\Database\BaseConnection.php(646): CodeIgniter\Database\BaseConnection->simpleQuery('SELECT `id`, `t...')
#3 C:\xampp\htdocs\ITE311-RANISES\system\Database\BaseBuilder.php(1649): CodeIgniter\Database\BaseConnection->query('SELECT `id`, `t...', Array, false)
#4 C:\xampp\htdocs\ITE311-RANISES\app\Controllers\Materials.php(239): CodeIgniter\Database\BaseBuilder->get()
#5 C:\xampp\htdocs\ITE311-RANISES\system\CodeIgniter.php(933): App\Controllers\Materials->studentCourses()
#6 C:\xampp\htdocs\ITE311-RANISES\system\CodeIgniter.php(507): CodeIgniter\CodeIgniter->runController(Object(App\Controllers\Materials))
#7 C:\xampp\htdocs\ITE311-RANISES\system\CodeIgniter.php(354): CodeIgniter\CodeIgniter->handleRequest(NULL, Object(Config\Cache), false)
#8 C:\xampp\htdocs\ITE311-RANISES\system\Boot.php(363): CodeIgniter\CodeIgniter->run()
#9 C:\xampp\htdocs\ITE311-RANISES\system\Boot.php(68): CodeIgniter\Boot::runCodeIgniter(Object(CodeIgniter\CodeIgniter))
#10 C:\xampp\htdocs\ITE311-RANISES\index.php(38): CodeIgniter\Boot::bootWeb(Object(Config\Paths))
#11 {main}
CRITICAL - 2025-11-27 14:17:04 --> CodeIgniter\Database\Exceptions\DatabaseException: Column 'id' in field list is ambiguous
[Method: GET, Route: student/courses]
in SYSTEMPATH\Database\BaseConnection.php on line 684.
 1 SYSTEMPATH\Database\BaseBuilder.php(1649): CodeIgniter\Database\BaseConnection->query('SELECT `id`, `title`, `description`, `instructor_id`, `created_at`, `users`.`name` as `instructor_name`
FROM `courses`
LEFT JOIN `users` ON `users`.`id` = `courses`.`instructor_id`
ORDER BY `title` ASC', [], false)
 2 APPPATH\Controllers\Materials.php(239): CodeIgniter\Database\BaseBuilder->get()
 3 SYSTEMPATH\CodeIgniter.php(933): App\Controllers\Materials->studentCourses()
 4 SYSTEMPATH\CodeIgniter.php(507): CodeIgniter\CodeIgniter->runController(Object(App\Controllers\Materials))
 5 SYSTEMPATH\CodeIgniter.php(354): CodeIgniter\CodeIgniter->handleRequest(null, Object(Config\Cache), false)
 6 SYSTEMPATH\Boot.php(363): CodeIgniter\CodeIgniter->run()
 7 SYSTEMPATH\Boot.php(68): CodeIgniter\Boot::runCodeIgniter(Object(CodeIgniter\CodeIgniter))
 8 FCPATH\index.php(38): CodeIgniter\Boot::bootWeb(Object(Config\Paths))
CRITICAL - 2025-11-27 14:17:04 --> [Caused by] CodeIgniter\Database\Exceptions\DatabaseException: Column 'id' in field list is ambiguous
in SYSTEMPATH\Database\MySQLi\Connection.php on line 332.
 1 SYSTEMPATH\Database\BaseConnection.php(729): CodeIgniter\Database\MySQLi\Connection->execute('SELECT `id`, `title`, `description`, `instructor_id`, `created_at`, `users`.`name` as `instructor_name`
FROM `courses`
LEFT JOIN `users` ON `users`.`id` = `courses`.`instructor_id`
ORDER BY `title` ASC')
 2 SYSTEMPATH\Database\BaseConnection.php(646): CodeIgniter\Database\BaseConnection->simpleQuery('SELECT `id`, `title`, `description`, `instructor_id`, `created_at`, `users`.`name` as `instructor_name`
FROM `courses`
LEFT JOIN `users` ON `users`.`id` = `courses`.`instructor_id`
ORDER BY `title` ASC')
 3 SYSTEMPATH\Database\BaseBuilder.php(1649): CodeIgniter\Database\BaseConnection->query('SELECT `id`, `title`, `description`, `instructor_id`, `created_at`, `users`.`name` as `instructor_name`
FROM `courses`
LEFT JOIN `users` ON `users`.`id` = `courses`.`instructor_id`
ORDER BY `title` ASC', [], false)
 4 APPPATH\Controllers\Materials.php(239): CodeIgniter\Database\BaseBuilder->get()
 5 SYSTEMPATH\CodeIgniter.php(933): App\Controllers\Materials->studentCourses()
 6 SYSTEMPATH\CodeIgniter.php(507): CodeIgniter\CodeIgniter->runController(Object(App\Controllers\Materials))
 7 SYSTEMPATH\CodeIgniter.php(354): CodeIgniter\CodeIgniter->handleRequest(null, Object(Config\Cache), false)
 8 SYSTEMPATH\Boot.php(363): CodeIgniter\CodeIgniter->run()
 9 SYSTEMPATH\Boot.php(68): CodeIgniter\Boot::runCodeIgniter(Object(CodeIgniter\CodeIgniter))
10 FCPATH\index.php(38): CodeIgniter\Boot::bootWeb(Object(Config\Paths))
CRITICAL - 2025-11-27 14:17:04 --> [Caused by] mysqli_sql_exception: Column 'id' in field list is ambiguous
in SYSTEMPATH\Database\MySQLi\Connection.php on line 327.
 1 SYSTEMPATH\Database\MySQLi\Connection.php(327): mysqli->query('SELECT `id`, `title`, `description`, `instructor_id`, `created_at`, `users`.`name` as `instructor_name`
FROM `courses`
LEFT JOIN `users` ON `users`.`id` = `courses`.`instructor_id`
ORDER BY `title` ASC', 0)
 2 SYSTEMPATH\Database\BaseConnection.php(729): CodeIgniter\Database\MySQLi\Connection->execute('SELECT `id`, `title`, `description`, `instructor_id`, `created_at`, `users`.`name` as `instructor_name`
FROM `courses`
LEFT JOIN `users` ON `users`.`id` = `courses`.`instructor_id`
ORDER BY `title` ASC')
 3 SYSTEMPATH\Database\BaseConnection.php(646): CodeIgniter\Database\BaseConnection->simpleQuery('SELECT `id`, `title`, `description`, `instructor_id`, `created_at`, `users`.`name` as `instructor_name`
FROM `courses`
LEFT JOIN `users` ON `users`.`id` = `courses`.`instructor_id`
ORDER BY `title` ASC')
 4 SYSTEMPATH\Database\BaseBuilder.php(1649): CodeIgniter\Database\BaseConnection->query('SELECT `id`, `title`, `description`, `instructor_id`, `created_at`, `users`.`name` as `instructor_name`
FROM `courses`
LEFT JOIN `users` ON `users`.`id` = `courses`.`instructor_id`
ORDER BY `title` ASC', [], false)
 5 APPPATH\Controllers\Materials.php(239): CodeIgniter\Database\BaseBuilder->get()
 6 SYSTEMPATH\CodeIgniter.php(933): App\Controllers\Materials->studentCourses()
 7 SYSTEMPATH\CodeIgniter.php(507): CodeIgniter\CodeIgniter->runController(Object(App\Controllers\Materials))
 8 SYSTEMPATH\CodeIgniter.php(354): CodeIgniter\CodeIgniter->handleRequest(null, Object(Config\Cache), false)
 9 SYSTEMPATH\Boot.php(363): CodeIgniter\CodeIgniter->run()
10 SYSTEMPATH\Boot.php(68): CodeIgniter\Boot::runCodeIgniter(Object(CodeIgniter\CodeIgniter))
11 FCPATH\index.php(38): CodeIgniter\Boot::bootWeb(Object(Config\Paths))
ERROR - 2025-11-27 14:18:46 --> mysqli_sql_exception: Column 'id' in field list is ambiguous in C:\xampp\htdocs\ITE311-RANISES\system\Database\MySQLi\Connection.php:327
Stack trace:
#0 C:\xampp\htdocs\ITE311-RANISES\system\Database\MySQLi\Connection.php(327): mysqli->query('SELECT `id`, `t...', 0)
#1 C:\xampp\htdocs\ITE311-RANISES\system\Database\BaseConnection.php(729): CodeIgniter\Database\MySQLi\Connection->execute('SELECT `id`, `t...')
#2 C:\xampp\htdocs\ITE311-RANISES\system\Database\BaseConnection.php(646): CodeIgniter\Database\BaseConnection->simpleQuery('SELECT `id`, `t...')
#3 C:\xampp\htdocs\ITE311-RANISES\system\Database\BaseBuilder.php(1649): CodeIgniter\Database\BaseConnection->query('SELECT `id`, `t...', Array, false)
#4 C:\xampp\htdocs\ITE311-RANISES\app\Controllers\Materials.php(239): CodeIgniter\Database\BaseBuilder->get()
#5 C:\xampp\htdocs\ITE311-RANISES\system\CodeIgniter.php(933): App\Controllers\Materials->studentCourses()
#6 C:\xampp\htdocs\ITE311-RANISES\system\CodeIgniter.php(507): CodeIgniter\CodeIgniter->runController(Object(App\Controllers\Materials))
#7 C:\xampp\htdocs\ITE311-RANISES\system\CodeIgniter.php(354): CodeIgniter\CodeIgniter->handleRequest(NULL, Object(Config\Cache), false)
#8 C:\xampp\htdocs\ITE311-RANISES\system\Boot.php(363): CodeIgniter\CodeIgniter->run()
#9 C:\xampp\htdocs\ITE311-RANISES\system\Boot.php(68): CodeIgniter\Boot::runCodeIgniter(Object(CodeIgniter\CodeIgniter))
#10 C:\xampp\htdocs\ITE311-RANISES\index.php(38): CodeIgniter\Boot::bootWeb(Object(Config\Paths))
#11 {main}
CRITICAL - 2025-11-27 14:18:46 --> CodeIgniter\Database\Exceptions\DatabaseException: Column 'id' in field list is ambiguous
[Method: GET, Route: student/courses]
in SYSTEMPATH\Database\BaseConnection.php on line 684.
 1 SYSTEMPATH\Database\BaseBuilder.php(1649): CodeIgniter\Database\BaseConnection->query('SELECT `id`, `title`, `description`, `instructor_id`, `created_at`, `users`.`name` as `instructor_name`
FROM `courses`
LEFT JOIN `users` ON `users`.`id` = `courses`.`instructor_id`
ORDER BY `title` ASC', [], false)
 2 APPPATH\Controllers\Materials.php(239): CodeIgniter\Database\BaseBuilder->get()
 3 SYSTEMPATH\CodeIgniter.php(933): App\Controllers\Materials->studentCourses()
 4 SYSTEMPATH\CodeIgniter.php(507): CodeIgniter\CodeIgniter->runController(Object(App\Controllers\Materials))
 5 SYSTEMPATH\CodeIgniter.php(354): CodeIgniter\CodeIgniter->handleRequest(null, Object(Config\Cache), false)
 6 SYSTEMPATH\Boot.php(363): CodeIgniter\CodeIgniter->run()
 7 SYSTEMPATH\Boot.php(68): CodeIgniter\Boot::runCodeIgniter(Object(CodeIgniter\CodeIgniter))
 8 FCPATH\index.php(38): CodeIgniter\Boot::bootWeb(Object(Config\Paths))
CRITICAL - 2025-11-27 14:18:46 --> [Caused by] CodeIgniter\Database\Exceptions\DatabaseException: Column 'id' in field list is ambiguous
in SYSTEMPATH\Database\MySQLi\Connection.php on line 332.
 1 SYSTEMPATH\Database\BaseConnection.php(729): CodeIgniter\Database\MySQLi\Connection->execute('SELECT `id`, `title`, `description`, `instructor_id`, `created_at`, `users`.`name` as `instructor_name`
FROM `courses`
LEFT JOIN `users` ON `users`.`id` = `courses`.`instructor_id`
ORDER BY `title` ASC')
 2 SYSTEMPATH\Database\BaseConnection.php(646): CodeIgniter\Database\BaseConnection->simpleQuery('SELECT `id`, `title`, `description`, `instructor_id`, `created_at`, `users`.`name` as `instructor_name`
FROM `courses`
LEFT JOIN `users` ON `users`.`id` = `courses`.`instructor_id`
ORDER BY `title` ASC')
 3 SYSTEMPATH\Database\BaseBuilder.php(1649): CodeIgniter\Database\BaseConnection->query('SELECT `id`, `title`, `description`, `instructor_id`, `created_at`, `users`.`name` as `instructor_name`
FROM `courses`
LEFT JOIN `users` ON `users`.`id` = `courses`.`instructor_id`
ORDER BY `title` ASC', [], false)
 4 APPPATH\Controllers\Materials.php(239): CodeIgniter\Database\BaseBuilder->get()
 5 SYSTEMPATH\CodeIgniter.php(933): App\Controllers\Materials->studentCourses()
 6 SYSTEMPATH\CodeIgniter.php(507): CodeIgniter\CodeIgniter->runController(Object(App\Controllers\Materials))
 7 SYSTEMPATH\CodeIgniter.php(354): CodeIgniter\CodeIgniter->handleRequest(null, Object(Config\Cache), false)
 8 SYSTEMPATH\Boot.php(363): CodeIgniter\CodeIgniter->run()
 9 SYSTEMPATH\Boot.php(68): CodeIgniter\Boot::runCodeIgniter(Object(CodeIgniter\CodeIgniter))
10 FCPATH\index.php(38): CodeIgniter\Boot::bootWeb(Object(Config\Paths))
CRITICAL - 2025-11-27 14:18:46 --> [Caused by] mysqli_sql_exception: Column 'id' in field list is ambiguous
in SYSTEMPATH\Database\MySQLi\Connection.php on line 327.
 1 SYSTEMPATH\Database\MySQLi\Connection.php(327): mysqli->query('SELECT `id`, `title`, `description`, `instructor_id`, `created_at`, `users`.`name` as `instructor_name`
FROM `courses`
LEFT JOIN `users` ON `users`.`id` = `courses`.`instructor_id`
ORDER BY `title` ASC', 0)
 2 SYSTEMPATH\Database\BaseConnection.php(729): CodeIgniter\Database\MySQLi\Connection->execute('SELECT `id`, `title`, `description`, `instructor_id`, `created_at`, `users`.`name` as `instructor_name`
FROM `courses`
LEFT JOIN `users` ON `users`.`id` = `courses`.`instructor_id`
ORDER BY `title` ASC')
 3 SYSTEMPATH\Database\BaseConnection.php(646): CodeIgniter\Database\BaseConnection->simpleQuery('SELECT `id`, `title`, `description`, `instructor_id`, `created_at`, `users`.`name` as `instructor_name`
FROM `courses`
LEFT JOIN `users` ON `users`.`id` = `courses`.`instructor_id`
ORDER BY `title` ASC')
 4 SYSTEMPATH\Database\BaseBuilder.php(1649): CodeIgniter\Database\BaseConnection->query('SELECT `id`, `title`, `description`, `instructor_id`, `created_at`, `users`.`name` as `instructor_name`
FROM `courses`
LEFT JOIN `users` ON `users`.`id` = `courses`.`instructor_id`
ORDER BY `title` ASC', [], false)
 5 APPPATH\Controllers\Materials.php(239): CodeIgniter\Database\BaseBuilder->get()
 6 SYSTEMPATH\CodeIgniter.php(933): App\Controllers\Materials->studentCourses()
 7 SYSTEMPATH\CodeIgniter.php(507): CodeIgniter\CodeIgniter->runController(Object(App\Controllers\Materials))
 8 SYSTEMPATH\CodeIgniter.php(354): CodeIgniter\CodeIgniter->handleRequest(null, Object(Config\Cache), false)
 9 SYSTEMPATH\Boot.php(363): CodeIgniter\CodeIgniter->run()
10 SYSTEMPATH\Boot.php(68): CodeIgniter\Boot::runCodeIgniter(Object(CodeIgniter\CodeIgniter))
11 FCPATH\index.php(38): CodeIgniter\Boot::bootWeb(Object(Config\Paths))
ERROR - 2025-11-27 14:20:34 --> mysqli_sql_exception: Column 'id' in field list is ambiguous in C:\xampp\htdocs\ITE311-RANISES\system\Database\MySQLi\Connection.php:327
Stack trace:
#0 C:\xampp\htdocs\ITE311-RANISES\system\Database\MySQLi\Connection.php(327): mysqli->query('SELECT `id`, `t...', 0)
#1 C:\xampp\htdocs\ITE311-RANISES\system\Database\BaseConnection.php(729): CodeIgniter\Database\MySQLi\Connection->execute('SELECT `id`, `t...')
#2 C:\xampp\htdocs\ITE311-RANISES\system\Database\BaseConnection.php(646): CodeIgniter\Database\BaseConnection->simpleQuery('SELECT `id`, `t...')
#3 C:\xampp\htdocs\ITE311-RANISES\system\Database\BaseBuilder.php(1649): CodeIgniter\Database\BaseConnection->query('SELECT `id`, `t...', Array, false)
#4 C:\xampp\htdocs\ITE311-RANISES\app\Controllers\Materials.php(239): CodeIgniter\Database\BaseBuilder->get()
#5 C:\xampp\htdocs\ITE311-RANISES\system\CodeIgniter.php(933): App\Controllers\Materials->studentCourses()
#6 C:\xampp\htdocs\ITE311-RANISES\system\CodeIgniter.php(507): CodeIgniter\CodeIgniter->runController(Object(App\Controllers\Materials))
#7 C:\xampp\htdocs\ITE311-RANISES\system\CodeIgniter.php(354): CodeIgniter\CodeIgniter->handleRequest(NULL, Object(Config\Cache), false)
#8 C:\xampp\htdocs\ITE311-RANISES\system\Boot.php(363): CodeIgniter\CodeIgniter->run()
#9 C:\xampp\htdocs\ITE311-RANISES\system\Boot.php(68): CodeIgniter\Boot::runCodeIgniter(Object(CodeIgniter\CodeIgniter))
#10 C:\xampp\htdocs\ITE311-RANISES\index.php(38): CodeIgniter\Boot::bootWeb(Object(Config\Paths))
#11 {main}
CRITICAL - 2025-11-27 14:20:34 --> CodeIgniter\Database\Exceptions\DatabaseException: Column 'id' in field list is ambiguous
[Method: GET, Route: student/courses]
in SYSTEMPATH\Database\BaseConnection.php on line 684.
 1 SYSTEMPATH\Database\BaseBuilder.php(1649): CodeIgniter\Database\BaseConnection->query('SELECT `id`, `title`, `description`, `instructor_id`, `created_at`, `users`.`name` as `instructor_name`
FROM `courses`
LEFT JOIN `users` ON `users`.`id` = `courses`.`instructor_id`
ORDER BY `title` ASC', [], false)
 2 APPPATH\Controllers\Materials.php(239): CodeIgniter\Database\BaseBuilder->get()
 3 SYSTEMPATH\CodeIgniter.php(933): App\Controllers\Materials->studentCourses()
 4 SYSTEMPATH\CodeIgniter.php(507): CodeIgniter\CodeIgniter->runController(Object(App\Controllers\Materials))
 5 SYSTEMPATH\CodeIgniter.php(354): CodeIgniter\CodeIgniter->handleRequest(null, Object(Config\Cache), false)
 6 SYSTEMPATH\Boot.php(363): CodeIgniter\CodeIgniter->run()
 7 SYSTEMPATH\Boot.php(68): CodeIgniter\Boot::runCodeIgniter(Object(CodeIgniter\CodeIgniter))
 8 FCPATH\index.php(38): CodeIgniter\Boot::bootWeb(Object(Config\Paths))
CRITICAL - 2025-11-27 14:20:34 --> [Caused by] CodeIgniter\Database\Exceptions\DatabaseException: Column 'id' in field list is ambiguous
in SYSTEMPATH\Database\MySQLi\Connection.php on line 332.
 1 SYSTEMPATH\Database\BaseConnection.php(729): CodeIgniter\Database\MySQLi\Connection->execute('SELECT `id`, `title`, `description`, `instructor_id`, `created_at`, `users`.`name` as `instructor_name`
FROM `courses`
LEFT JOIN `users` ON `users`.`id` = `courses`.`instructor_id`
ORDER BY `title` ASC')
 2 SYSTEMPATH\Database\BaseConnection.php(646): CodeIgniter\Database\BaseConnection->simpleQuery('SELECT `id`, `title`, `description`, `instructor_id`, `created_at`, `users`.`name` as `instructor_name`
FROM `courses`
LEFT JOIN `users` ON `users`.`id` = `courses`.`instructor_id`
ORDER BY `title` ASC')
 3 SYSTEMPATH\Database\BaseBuilder.php(1649): CodeIgniter\Database\BaseConnection->query('SELECT `id`, `title`, `description`, `instructor_id`, `created_at`, `users`.`name` as `instructor_name`
FROM `courses`
LEFT JOIN `users` ON `users`.`id` = `courses`.`instructor_id`
ORDER BY `title` ASC', [], false)
 4 APPPATH\Controllers\Materials.php(239): CodeIgniter\Database\BaseBuilder->get()
 5 SYSTEMPATH\CodeIgniter.php(933): App\Controllers\Materials->studentCourses()
 6 SYSTEMPATH\CodeIgniter.php(507): CodeIgniter\CodeIgniter->runController(Object(App\Controllers\Materials))
 7 SYSTEMPATH\CodeIgniter.php(354): CodeIgniter\CodeIgniter->handleRequest(null, Object(Config\Cache), false)
 8 SYSTEMPATH\Boot.php(363): CodeIgniter\CodeIgniter->run()
 9 SYSTEMPATH\Boot.php(68): CodeIgniter\Boot::runCodeIgniter(Object(CodeIgniter\CodeIgniter))
10 FCPATH\index.php(38): CodeIgniter\Boot::bootWeb(Object(Config\Paths))
CRITICAL - 2025-11-27 14:20:34 --> [Caused by] mysqli_sql_exception: Column 'id' in field list is ambiguous
in SYSTEMPATH\Database\MySQLi\Connection.php on line 327.
 1 SYSTEMPATH\Database\MySQLi\Connection.php(327): mysqli->query('SELECT `id`, `title`, `description`, `instructor_id`, `created_at`, `users`.`name` as `instructor_name`
FROM `courses`
LEFT JOIN `users` ON `users`.`id` = `courses`.`instructor_id`
ORDER BY `title` ASC', 0)
 2 SYSTEMPATH\Database\BaseConnection.php(729): CodeIgniter\Database\MySQLi\Connection->execute('SELECT `id`, `title`, `description`, `instructor_id`, `created_at`, `users`.`name` as `instructor_name`
FROM `courses`
LEFT JOIN `users` ON `users`.`id` = `courses`.`instructor_id`
ORDER BY `title` ASC')
 3 SYSTEMPATH\Database\BaseConnection.php(646): CodeIgniter\Database\BaseConnection->simpleQuery('SELECT `id`, `title`, `description`, `instructor_id`, `created_at`, `users`.`name` as `instructor_name`
FROM `courses`
LEFT JOIN `users` ON `users`.`id` = `courses`.`instructor_id`
ORDER BY `title` ASC')
 4 SYSTEMPATH\Database\BaseBuilder.php(1649): CodeIgniter\Database\BaseConnection->query('SELECT `id`, `title`, `description`, `instructor_id`, `created_at`, `users`.`name` as `instructor_name`
FROM `courses`
LEFT JOIN `users` ON `users`.`id` = `courses`.`instructor_id`
ORDER BY `title` ASC', [], false)
 5 APPPATH\Controllers\Materials.php(239): CodeIgniter\Database\BaseBuilder->get()
 6 SYSTEMPATH\CodeIgniter.php(933): App\Controllers\Materials->studentCourses()
 7 SYSTEMPATH\CodeIgniter.php(507): CodeIgniter\CodeIgniter->runController(Object(App\Controllers\Materials))
 8 SYSTEMPATH\CodeIgniter.php(354): CodeIgniter\CodeIgniter->handleRequest(null, Object(Config\Cache), false)
 9 SYSTEMPATH\Boot.php(363): CodeIgniter\CodeIgniter->run()
10 SYSTEMPATH\Boot.php(68): CodeIgniter\Boot::runCodeIgniter(Object(CodeIgniter\CodeIgniter))
11 FCPATH\index.php(38): CodeIgniter\Boot::bootWeb(Object(Config\Paths))
ERROR - 2025-11-27 14:20:37 --> mysqli_sql_exception: Column 'id' in field list is ambiguous in C:\xampp\htdocs\ITE311-RANISES\system\Database\MySQLi\Connection.php:327
Stack trace:
#0 C:\xampp\htdocs\ITE311-RANISES\system\Database\MySQLi\Connection.php(327): mysqli->query('SELECT `id`, `t...', 0)
#1 C:\xampp\htdocs\ITE311-RANISES\system\Database\BaseConnection.php(729): CodeIgniter\Database\MySQLi\Connection->execute('SELECT `id`, `t...')
#2 C:\xampp\htdocs\ITE311-RANISES\system\Database\BaseConnection.php(646): CodeIgniter\Database\BaseConnection->simpleQuery('SELECT `id`, `t...')
#3 C:\xampp\htdocs\ITE311-RANISES\system\Database\BaseBuilder.php(1649): CodeIgniter\Database\BaseConnection->query('SELECT `id`, `t...', Array, false)
#4 C:\xampp\htdocs\ITE311-RANISES\app\Controllers\Materials.php(239): CodeIgniter\Database\BaseBuilder->get()
#5 C:\xampp\htdocs\ITE311-RANISES\system\CodeIgniter.php(933): App\Controllers\Materials->studentCourses()
#6 C:\xampp\htdocs\ITE311-RANISES\system\CodeIgniter.php(507): CodeIgniter\CodeIgniter->runController(Object(App\Controllers\Materials))
#7 C:\xampp\htdocs\ITE311-RANISES\system\CodeIgniter.php(354): CodeIgniter\CodeIgniter->handleRequest(NULL, Object(Config\Cache), false)
#8 C:\xampp\htdocs\ITE311-RANISES\system\Boot.php(363): CodeIgniter\CodeIgniter->run()
#9 C:\xampp\htdocs\ITE311-RANISES\system\Boot.php(68): CodeIgniter\Boot::runCodeIgniter(Object(CodeIgniter\CodeIgniter))
#10 C:\xampp\htdocs\ITE311-RANISES\index.php(38): CodeIgniter\Boot::bootWeb(Object(Config\Paths))
#11 {main}
CRITICAL - 2025-11-27 14:20:37 --> CodeIgniter\Database\Exceptions\DatabaseException: Column 'id' in field list is ambiguous
[Method: GET, Route: student/courses]
in SYSTEMPATH\Database\BaseConnection.php on line 684.
 1 SYSTEMPATH\Database\BaseBuilder.php(1649): CodeIgniter\Database\BaseConnection->query('SELECT `id`, `title`, `description`, `instructor_id`, `created_at`, `users`.`name` as `instructor_name`
FROM `courses`
LEFT JOIN `users` ON `users`.`id` = `courses`.`instructor_id`
ORDER BY `title` ASC', [], false)
 2 APPPATH\Controllers\Materials.php(239): CodeIgniter\Database\BaseBuilder->get()
 3 SYSTEMPATH\CodeIgniter.php(933): App\Controllers\Materials->studentCourses()
 4 SYSTEMPATH\CodeIgniter.php(507): CodeIgniter\CodeIgniter->runController(Object(App\Controllers\Materials))
 5 SYSTEMPATH\CodeIgniter.php(354): CodeIgniter\CodeIgniter->handleRequest(null, Object(Config\Cache), false)
 6 SYSTEMPATH\Boot.php(363): CodeIgniter\CodeIgniter->run()
 7 SYSTEMPATH\Boot.php(68): CodeIgniter\Boot::runCodeIgniter(Object(CodeIgniter\CodeIgniter))
 8 FCPATH\index.php(38): CodeIgniter\Boot::bootWeb(Object(Config\Paths))
CRITICAL - 2025-11-27 14:20:37 --> [Caused by] CodeIgniter\Database\Exceptions\DatabaseException: Column 'id' in field list is ambiguous
in SYSTEMPATH\Database\MySQLi\Connection.php on line 332.
 1 SYSTEMPATH\Database\BaseConnection.php(729): CodeIgniter\Database\MySQLi\Connection->execute('SELECT `id`, `title`, `description`, `instructor_id`, `created_at`, `users`.`name` as `instructor_name`
FROM `courses`
LEFT JOIN `users` ON `users`.`id` = `courses`.`instructor_id`
ORDER BY `title` ASC')
 2 SYSTEMPATH\Database\BaseConnection.php(646): CodeIgniter\Database\BaseConnection->simpleQuery('SELECT `id`, `title`, `description`, `instructor_id`, `created_at`, `users`.`name` as `instructor_name`
FROM `courses`
LEFT JOIN `users` ON `users`.`id` = `courses`.`instructor_id`
ORDER BY `title` ASC')
 3 SYSTEMPATH\Database\BaseBuilder.php(1649): CodeIgniter\Database\BaseConnection->query('SELECT `id`, `title`, `description`, `instructor_id`, `created_at`, `users`.`name` as `instructor_name`
FROM `courses`
LEFT JOIN `users` ON `users`.`id` = `courses`.`instructor_id`
ORDER BY `title` ASC', [], false)
 4 APPPATH\Controllers\Materials.php(239): CodeIgniter\Database\BaseBuilder->get()
 5 SYSTEMPATH\CodeIgniter.php(933): App\Controllers\Materials->studentCourses()
 6 SYSTEMPATH\CodeIgniter.php(507): CodeIgniter\CodeIgniter->runController(Object(App\Controllers\Materials))
 7 SYSTEMPATH\CodeIgniter.php(354): CodeIgniter\CodeIgniter->handleRequest(null, Object(Config\Cache), false)
 8 SYSTEMPATH\Boot.php(363): CodeIgniter\CodeIgniter->run()
 9 SYSTEMPATH\Boot.php(68): CodeIgniter\Boot::runCodeIgniter(Object(CodeIgniter\CodeIgniter))
10 FCPATH\index.php(38): CodeIgniter\Boot::bootWeb(Object(Config\Paths))
CRITICAL - 2025-11-27 14:20:37 --> [Caused by] mysqli_sql_exception: Column 'id' in field list is ambiguous
in SYSTEMPATH\Database\MySQLi\Connection.php on line 327.
 1 SYSTEMPATH\Database\MySQLi\Connection.php(327): mysqli->query('SELECT `id`, `title`, `description`, `instructor_id`, `created_at`, `users`.`name` as `instructor_name`
FROM `courses`
LEFT JOIN `users` ON `users`.`id` = `courses`.`instructor_id`
ORDER BY `title` ASC', 0)
 2 SYSTEMPATH\Database\BaseConnection.php(729): CodeIgniter\Database\MySQLi\Connection->execute('SELECT `id`, `title`, `description`, `instructor_id`, `created_at`, `users`.`name` as `instructor_name`
FROM `courses`
LEFT JOIN `users` ON `users`.`id` = `courses`.`instructor_id`
ORDER BY `title` ASC')
 3 SYSTEMPATH\Database\BaseConnection.php(646): CodeIgniter\Database\BaseConnection->simpleQuery('SELECT `id`, `title`, `description`, `instructor_id`, `created_at`, `users`.`name` as `instructor_name`
FROM `courses`
LEFT JOIN `users` ON `users`.`id` = `courses`.`instructor_id`
ORDER BY `title` ASC')
 4 SYSTEMPATH\Database\BaseBuilder.php(1649): CodeIgniter\Database\BaseConnection->query('SELECT `id`, `title`, `description`, `instructor_id`, `created_at`, `users`.`name` as `instructor_name`
FROM `courses`
LEFT JOIN `users` ON `users`.`id` = `courses`.`instructor_id`
ORDER BY `title` ASC', [], false)
 5 APPPATH\Controllers\Materials.php(239): CodeIgniter\Database\BaseBuilder->get()
 6 SYSTEMPATH\CodeIgniter.php(933): App\Controllers\Materials->studentCourses()
 7 SYSTEMPATH\CodeIgniter.php(507): CodeIgniter\CodeIgniter->runController(Object(App\Controllers\Materials))
 8 SYSTEMPATH\CodeIgniter.php(354): CodeIgniter\CodeIgniter->handleRequest(null, Object(Config\Cache), false)
 9 SYSTEMPATH\Boot.php(363): CodeIgniter\CodeIgniter->run()
10 SYSTEMPATH\Boot.php(68): CodeIgniter\Boot::runCodeIgniter(Object(CodeIgniter\CodeIgniter))
11 FCPATH\index.php(38): CodeIgniter\Boot::bootWeb(Object(Config\Paths))
ERROR - 2025-11-27 14:20:50 --> mysqli_sql_exception: Column 'id' in field list is ambiguous in C:\xampp\htdocs\ITE311-RANISES\system\Database\MySQLi\Connection.php:327
Stack trace:
#0 C:\xampp\htdocs\ITE311-RANISES\system\Database\MySQLi\Connection.php(327): mysqli->query('SELECT `id`, `t...', 0)
#1 C:\xampp\htdocs\ITE311-RANISES\system\Database\BaseConnection.php(729): CodeIgniter\Database\MySQLi\Connection->execute('SELECT `id`, `t...')
#2 C:\xampp\htdocs\ITE311-RANISES\system\Database\BaseConnection.php(646): CodeIgniter\Database\BaseConnection->simpleQuery('SELECT `id`, `t...')
#3 C:\xampp\htdocs\ITE311-RANISES\system\Database\BaseBuilder.php(1649): CodeIgniter\Database\BaseConnection->query('SELECT `id`, `t...', Array, false)
#4 C:\xampp\htdocs\ITE311-RANISES\app\Controllers\Materials.php(239): CodeIgniter\Database\BaseBuilder->get()
#5 C:\xampp\htdocs\ITE311-RANISES\system\CodeIgniter.php(933): App\Controllers\Materials->studentCourses()
#6 C:\xampp\htdocs\ITE311-RANISES\system\CodeIgniter.php(507): CodeIgniter\CodeIgniter->runController(Object(App\Controllers\Materials))
#7 C:\xampp\htdocs\ITE311-RANISES\system\CodeIgniter.php(354): CodeIgniter\CodeIgniter->handleRequest(NULL, Object(Config\Cache), false)
#8 C:\xampp\htdocs\ITE311-RANISES\system\Boot.php(363): CodeIgniter\CodeIgniter->run()
#9 C:\xampp\htdocs\ITE311-RANISES\system\Boot.php(68): CodeIgniter\Boot::runCodeIgniter(Object(CodeIgniter\CodeIgniter))
#10 C:\xampp\htdocs\ITE311-RANISES\index.php(38): CodeIgniter\Boot::bootWeb(Object(Config\Paths))
#11 {main}
CRITICAL - 2025-11-27 14:20:50 --> CodeIgniter\Database\Exceptions\DatabaseException: Column 'id' in field list is ambiguous
[Method: GET, Route: student/courses]
in SYSTEMPATH\Database\BaseConnection.php on line 684.
 1 SYSTEMPATH\Database\BaseBuilder.php(1649): CodeIgniter\Database\BaseConnection->query('SELECT `id`, `title`, `description`, `instructor_id`, `created_at`, `users`.`name` as `instructor_name`
FROM `courses`
LEFT JOIN `users` ON `users`.`id` = `courses`.`instructor_id`
ORDER BY `title` ASC', [], false)
 2 APPPATH\Controllers\Materials.php(239): CodeIgniter\Database\BaseBuilder->get()
 3 SYSTEMPATH\CodeIgniter.php(933): App\Controllers\Materials->studentCourses()
 4 SYSTEMPATH\CodeIgniter.php(507): CodeIgniter\CodeIgniter->runController(Object(App\Controllers\Materials))
 5 SYSTEMPATH\CodeIgniter.php(354): CodeIgniter\CodeIgniter->handleRequest(null, Object(Config\Cache), false)
 6 SYSTEMPATH\Boot.php(363): CodeIgniter\CodeIgniter->run()
 7 SYSTEMPATH\Boot.php(68): CodeIgniter\Boot::runCodeIgniter(Object(CodeIgniter\CodeIgniter))
 8 FCPATH\index.php(38): CodeIgniter\Boot::bootWeb(Object(Config\Paths))
CRITICAL - 2025-11-27 14:20:50 --> [Caused by] CodeIgniter\Database\Exceptions\DatabaseException: Column 'id' in field list is ambiguous
in SYSTEMPATH\Database\MySQLi\Connection.php on line 332.
 1 SYSTEMPATH\Database\BaseConnection.php(729): CodeIgniter\Database\MySQLi\Connection->execute('SELECT `id`, `title`, `description`, `instructor_id`, `created_at`, `users`.`name` as `instructor_name`
FROM `courses`
LEFT JOIN `users` ON `users`.`id` = `courses`.`instructor_id`
ORDER BY `title` ASC')
 2 SYSTEMPATH\Database\BaseConnection.php(646): CodeIgniter\Database\BaseConnection->simpleQuery('SELECT `id`, `title`, `description`, `instructor_id`, `created_at`, `users`.`name` as `instructor_name`
FROM `courses`
LEFT JOIN `users` ON `users`.`id` = `courses`.`instructor_id`
ORDER BY `title` ASC')
 3 SYSTEMPATH\Database\BaseBuilder.php(1649): CodeIgniter\Database\BaseConnection->query('SELECT `id`, `title`, `description`, `instructor_id`, `created_at`, `users`.`name` as `instructor_name`
FROM `courses`
LEFT JOIN `users` ON `users`.`id` = `courses`.`instructor_id`
ORDER BY `title` ASC', [], false)
 4 APPPATH\Controllers\Materials.php(239): CodeIgniter\Database\BaseBuilder->get()
 5 SYSTEMPATH\CodeIgniter.php(933): App\Controllers\Materials->studentCourses()
 6 SYSTEMPATH\CodeIgniter.php(507): CodeIgniter\CodeIgniter->runController(Object(App\Controllers\Materials))
 7 SYSTEMPATH\CodeIgniter.php(354): CodeIgniter\CodeIgniter->handleRequest(null, Object(Config\Cache), false)
 8 SYSTEMPATH\Boot.php(363): CodeIgniter\CodeIgniter->run()
 9 SYSTEMPATH\Boot.php(68): CodeIgniter\Boot::runCodeIgniter(Object(CodeIgniter\CodeIgniter))
10 FCPATH\index.php(38): CodeIgniter\Boot::bootWeb(Object(Config\Paths))
CRITICAL - 2025-11-27 14:20:50 --> [Caused by] mysqli_sql_exception: Column 'id' in field list is ambiguous
in SYSTEMPATH\Database\MySQLi\Connection.php on line 327.
 1 SYSTEMPATH\Database\MySQLi\Connection.php(327): mysqli->query('SELECT `id`, `title`, `description`, `instructor_id`, `created_at`, `users`.`name` as `instructor_name`
FROM `courses`
LEFT JOIN `users` ON `users`.`id` = `courses`.`instructor_id`
ORDER BY `title` ASC', 0)
 2 SYSTEMPATH\Database\BaseConnection.php(729): CodeIgniter\Database\MySQLi\Connection->execute('SELECT `id`, `title`, `description`, `instructor_id`, `created_at`, `users`.`name` as `instructor_name`
FROM `courses`
LEFT JOIN `users` ON `users`.`id` = `courses`.`instructor_id`
ORDER BY `title` ASC')
 3 SYSTEMPATH\Database\BaseConnection.php(646): CodeIgniter\Database\BaseConnection->simpleQuery('SELECT `id`, `title`, `description`, `instructor_id`, `created_at`, `users`.`name` as `instructor_name`
FROM `courses`
LEFT JOIN `users` ON `users`.`id` = `courses`.`instructor_id`
ORDER BY `title` ASC')
 4 SYSTEMPATH\Database\BaseBuilder.php(1649): CodeIgniter\Database\BaseConnection->query('SELECT `id`, `title`, `description`, `instructor_id`, `created_at`, `users`.`name` as `instructor_name`
FROM `courses`
LEFT JOIN `users` ON `users`.`id` = `courses`.`instructor_id`
ORDER BY `title` ASC', [], false)
 5 APPPATH\Controllers\Materials.php(239): CodeIgniter\Database\BaseBuilder->get()
 6 SYSTEMPATH\CodeIgniter.php(933): App\Controllers\Materials->studentCourses()
 7 SYSTEMPATH\CodeIgniter.php(507): CodeIgniter\CodeIgniter->runController(Object(App\Controllers\Materials))
 8 SYSTEMPATH\CodeIgniter.php(354): CodeIgniter\CodeIgniter->handleRequest(null, Object(Config\Cache), false)
 9 SYSTEMPATH\Boot.php(363): CodeIgniter\CodeIgniter->run()
10 SYSTEMPATH\Boot.php(68): CodeIgniter\Boot::runCodeIgniter(Object(CodeIgniter\CodeIgniter))
11 FCPATH\index.php(38): CodeIgniter\Boot::bootWeb(Object(Config\Paths))
ERROR - 2025-11-27 14:20:58 --> mysqli_sql_exception: Column 'id' in field list is ambiguous in C:\xampp\htdocs\ITE311-RANISES\system\Database\MySQLi\Connection.php:327
Stack trace:
#0 C:\xampp\htdocs\ITE311-RANISES\system\Database\MySQLi\Connection.php(327): mysqli->query('SELECT `id`, `t...', 0)
#1 C:\xampp\htdocs\ITE311-RANISES\system\Database\BaseConnection.php(729): CodeIgniter\Database\MySQLi\Connection->execute('SELECT `id`, `t...')
#2 C:\xampp\htdocs\ITE311-RANISES\system\Database\BaseConnection.php(646): CodeIgniter\Database\BaseConnection->simpleQuery('SELECT `id`, `t...')
#3 C:\xampp\htdocs\ITE311-RANISES\system\Database\BaseBuilder.php(1649): CodeIgniter\Database\BaseConnection->query('SELECT `id`, `t...', Array, false)
#4 C:\xampp\htdocs\ITE311-RANISES\app\Controllers\Materials.php(239): CodeIgniter\Database\BaseBuilder->get()
#5 C:\xampp\htdocs\ITE311-RANISES\system\CodeIgniter.php(933): App\Controllers\Materials->studentCourses()
#6 C:\xampp\htdocs\ITE311-RANISES\system\CodeIgniter.php(507): CodeIgniter\CodeIgniter->runController(Object(App\Controllers\Materials))
#7 C:\xampp\htdocs\ITE311-RANISES\system\CodeIgniter.php(354): CodeIgniter\CodeIgniter->handleRequest(NULL, Object(Config\Cache), false)
#8 C:\xampp\htdocs\ITE311-RANISES\system\Boot.php(363): CodeIgniter\CodeIgniter->run()
#9 C:\xampp\htdocs\ITE311-RANISES\system\Boot.php(68): CodeIgniter\Boot::runCodeIgniter(Object(CodeIgniter\CodeIgniter))
#10 C:\xampp\htdocs\ITE311-RANISES\index.php(38): CodeIgniter\Boot::bootWeb(Object(Config\Paths))
#11 {main}
CRITICAL - 2025-11-27 14:20:58 --> CodeIgniter\Database\Exceptions\DatabaseException: Column 'id' in field list is ambiguous
[Method: GET, Route: student/courses]
in SYSTEMPATH\Database\BaseConnection.php on line 684.
 1 SYSTEMPATH\Database\BaseBuilder.php(1649): CodeIgniter\Database\BaseConnection->query('SELECT `id`, `title`, `description`, `instructor_id`, `created_at`, `users`.`name` as `instructor_name`
FROM `courses`
LEFT JOIN `users` ON `users`.`id` = `courses`.`instructor_id`
ORDER BY `title` ASC', [], false)
 2 APPPATH\Controllers\Materials.php(239): CodeIgniter\Database\BaseBuilder->get()
 3 SYSTEMPATH\CodeIgniter.php(933): App\Controllers\Materials->studentCourses()
 4 SYSTEMPATH\CodeIgniter.php(507): CodeIgniter\CodeIgniter->runController(Object(App\Controllers\Materials))
 5 SYSTEMPATH\CodeIgniter.php(354): CodeIgniter\CodeIgniter->handleRequest(null, Object(Config\Cache), false)
 6 SYSTEMPATH\Boot.php(363): CodeIgniter\CodeIgniter->run()
 7 SYSTEMPATH\Boot.php(68): CodeIgniter\Boot::runCodeIgniter(Object(CodeIgniter\CodeIgniter))
 8 FCPATH\index.php(38): CodeIgniter\Boot::bootWeb(Object(Config\Paths))
CRITICAL - 2025-11-27 14:20:58 --> [Caused by] CodeIgniter\Database\Exceptions\DatabaseException: Column 'id' in field list is ambiguous
in SYSTEMPATH\Database\MySQLi\Connection.php on line 332.
 1 SYSTEMPATH\Database\BaseConnection.php(729): CodeIgniter\Database\MySQLi\Connection->execute('SELECT `id`, `title`, `description`, `instructor_id`, `created_at`, `users`.`name` as `instructor_name`
FROM `courses`
LEFT JOIN `users` ON `users`.`id` = `courses`.`instructor_id`
ORDER BY `title` ASC')
 2 SYSTEMPATH\Database\BaseConnection.php(646): CodeIgniter\Database\BaseConnection->simpleQuery('SELECT `id`, `title`, `description`, `instructor_id`, `created_at`, `users`.`name` as `instructor_name`
FROM `courses`
LEFT JOIN `users` ON `users`.`id` = `courses`.`instructor_id`
ORDER BY `title` ASC')
 3 SYSTEMPATH\Database\BaseBuilder.php(1649): CodeIgniter\Database\BaseConnection->query('SELECT `id`, `title`, `description`, `instructor_id`, `created_at`, `users`.`name` as `instructor_name`
FROM `courses`
LEFT JOIN `users` ON `users`.`id` = `courses`.`instructor_id`
ORDER BY `title` ASC', [], false)
 4 APPPATH\Controllers\Materials.php(239): CodeIgniter\Database\BaseBuilder->get()
 5 SYSTEMPATH\CodeIgniter.php(933): App\Controllers\Materials->studentCourses()
 6 SYSTEMPATH\CodeIgniter.php(507): CodeIgniter\CodeIgniter->runController(Object(App\Controllers\Materials))
 7 SYSTEMPATH\CodeIgniter.php(354): CodeIgniter\CodeIgniter->handleRequest(null, Object(Config\Cache), false)
 8 SYSTEMPATH\Boot.php(363): CodeIgniter\CodeIgniter->run()
 9 SYSTEMPATH\Boot.php(68): CodeIgniter\Boot::runCodeIgniter(Object(CodeIgniter\CodeIgniter))
10 FCPATH\index.php(38): CodeIgniter\Boot::bootWeb(Object(Config\Paths))
CRITICAL - 2025-11-27 14:20:58 --> [Caused by] mysqli_sql_exception: Column 'id' in field list is ambiguous
in SYSTEMPATH\Database\MySQLi\Connection.php on line 327.
 1 SYSTEMPATH\Database\MySQLi\Connection.php(327): mysqli->query('SELECT `id`, `title`, `description`, `instructor_id`, `created_at`, `users`.`name` as `instructor_name`
FROM `courses`
LEFT JOIN `users` ON `users`.`id` = `courses`.`instructor_id`
ORDER BY `title` ASC', 0)
 2 SYSTEMPATH\Database\BaseConnection.php(729): CodeIgniter\Database\MySQLi\Connection->execute('SELECT `id`, `title`, `description`, `instructor_id`, `created_at`, `users`.`name` as `instructor_name`
FROM `courses`
LEFT JOIN `users` ON `users`.`id` = `courses`.`instructor_id`
ORDER BY `title` ASC')
 3 SYSTEMPATH\Database\BaseConnection.php(646): CodeIgniter\Database\BaseConnection->simpleQuery('SELECT `id`, `title`, `description`, `instructor_id`, `created_at`, `users`.`name` as `instructor_name`
FROM `courses`
LEFT JOIN `users` ON `users`.`id` = `courses`.`instructor_id`
ORDER BY `title` ASC')
 4 SYSTEMPATH\Database\BaseBuilder.php(1649): CodeIgniter\Database\BaseConnection->query('SELECT `id`, `title`, `description`, `instructor_id`, `created_at`, `users`.`name` as `instructor_name`
FROM `courses`
LEFT JOIN `users` ON `users`.`id` = `courses`.`instructor_id`
ORDER BY `title` ASC', [], false)
 5 APPPATH\Controllers\Materials.php(239): CodeIgniter\Database\BaseBuilder->get()
 6 SYSTEMPATH\CodeIgniter.php(933): App\Controllers\Materials->studentCourses()
 7 SYSTEMPATH\CodeIgniter.php(507): CodeIgniter\CodeIgniter->runController(Object(App\Controllers\Materials))
 8 SYSTEMPATH\CodeIgniter.php(354): CodeIgniter\CodeIgniter->handleRequest(null, Object(Config\Cache), false)
 9 SYSTEMPATH\Boot.php(363): CodeIgniter\CodeIgniter->run()
10 SYSTEMPATH\Boot.php(68): CodeIgniter\Boot::runCodeIgniter(Object(CodeIgniter\CodeIgniter))
11 FCPATH\index.php(38): CodeIgniter\Boot::bootWeb(Object(Config\Paths))
