ERROR - 2025-12-12 01:24:35 --> mysqli_sql_exception: Unknown column 'DISTINCT' in 'field list' in C:\xampp\htdocs\ITE311-RANISES\system\Database\MySQLi\Connection.php:327
Stack trace:
#0 C:\xampp\htdocs\ITE311-RANISES\system\Database\MySQLi\Connection.php(327): mysqli->query('SELECT `DISTINC...', 0)
#1 C:\xampp\htdocs\ITE311-RANISES\system\Database\BaseConnection.php(729): CodeIgniter\Database\MySQLi\Connection->execute('SELECT `DISTINC...')
#2 C:\xampp\htdocs\ITE311-RANISES\system\Database\BaseConnection.php(646): CodeIgniter\Database\BaseConnection->simpleQuery('SELECT `DISTINC...')
#3 C:\xampp\htdocs\ITE311-RANISES\system\Database\BaseBuilder.php(1649): CodeIgniter\Database\BaseConnection->query('SELECT `DISTINC...', Array, false)
#4 C:\xampp\htdocs\ITE311-RANISES\app\Controllers\Materials.php(224): CodeIgniter\Database\BaseBuilder->get()
#5 C:\xampp\htdocs\ITE311-RANISES\system\CodeIgniter.php(933): App\Controllers\Materials->upload('6')
#6 C:\xampp\htdocs\ITE311-RANISES\system\CodeIgniter.php(507): CodeIgniter\CodeIgniter->runController(Object(App\Controllers\Materials))
#7 C:\xampp\htdocs\ITE311-RANISES\system\CodeIgniter.php(354): CodeIgniter\CodeIgniter->handleRequest(NULL, Object(Config\Cache), false)
#8 C:\xampp\htdocs\ITE311-RANISES\system\Boot.php(363): CodeIgniter\CodeIgniter->run()
#9 C:\xampp\htdocs\ITE311-RANISES\system\Boot.php(68): CodeIgniter\Boot::runCodeIgniter(Object(CodeIgniter\CodeIgniter))
#10 C:\xampp\htdocs\ITE311-RANISES\index.php(38): CodeIgniter\Boot::bootWeb(Object(Config\Paths))
#11 {main}
ERROR - 2025-12-12 01:29:01 --> mysqli_sql_exception: Unknown column 'deleted_at' in 'where clause' in C:\xampp\htdocs\ITE311-RANISES\system\Database\MySQLi\Connection.php:327
Stack trace:
#0 C:\xampp\htdocs\ITE311-RANISES\system\Database\MySQLi\Connection.php(327): mysqli->query('SELECT `user_id...', 0)
#1 C:\xampp\htdocs\ITE311-RANISES\system\Database\BaseConnection.php(729): CodeIgniter\Database\MySQLi\Connection->execute('SELECT `user_id...')
#2 C:\xampp\htdocs\ITE311-RANISES\system\Database\BaseConnection.php(646): CodeIgniter\Database\BaseConnection->simpleQuery('SELECT `user_id...')
#3 C:\xampp\htdocs\ITE311-RANISES\system\Database\BaseBuilder.php(1649): CodeIgniter\Database\BaseConnection->query('SELECT `user_id...', Array, false)
#4 C:\xampp\htdocs\ITE311-RANISES\app\Controllers\Materials.php(226): CodeIgniter\Database\BaseBuilder->get()
#5 C:\xampp\htdocs\ITE311-RANISES\system\CodeIgniter.php(933): App\Controllers\Materials->upload('9')
#6 C:\xampp\htdocs\ITE311-RANISES\system\CodeIgniter.php(507): CodeIgniter\CodeIgniter->runController(Object(App\Controllers\Materials))
#7 C:\xampp\htdocs\ITE311-RANISES\system\CodeIgniter.php(354): CodeIgniter\CodeIgniter->handleRequest(NULL, Object(Config\Cache), false)
#8 C:\xampp\htdocs\ITE311-RANISES\system\Boot.php(363): CodeIgniter\CodeIgniter->run()
#9 C:\xampp\htdocs\ITE311-RANISES\system\Boot.php(68): CodeIgniter\Boot::runCodeIgniter(Object(CodeIgniter\CodeIgniter))
#10 C:\xampp\htdocs\ITE311-RANISES\index.php(38): CodeIgniter\Boot::bootWeb(Object(Config\Paths))
#11 {main}
ERROR - 2025-12-12 01:30:01 --> mysqli_sql_exception: Unknown column 'deleted_at' in 'where clause' in C:\xampp\htdocs\ITE311-RANISES\system\Database\MySQLi\Connection.php:327
Stack trace:
#0 C:\xampp\htdocs\ITE311-RANISES\system\Database\MySQLi\Connection.php(327): mysqli->query('SELECT `user_id...', 0)
#1 C:\xampp\htdocs\ITE311-RANISES\system\Database\BaseConnection.php(729): CodeIgniter\Database\MySQLi\Connection->execute('SELECT `user_id...')
#2 C:\xampp\htdocs\ITE311-RANISES\system\Database\BaseConnection.php(646): CodeIgniter\Database\BaseConnection->simpleQuery('SELECT `user_id...')
#3 C:\xampp\htdocs\ITE311-RANISES\system\Database\BaseBuilder.php(1649): CodeIgniter\Database\BaseConnection->query('SELECT `user_id...', Array, false)
#4 C:\xampp\htdocs\ITE311-RANISES\app\Controllers\Materials.php(226): CodeIgniter\Database\BaseBuilder->get()
#5 C:\xampp\htdocs\ITE311-RANISES\system\CodeIgniter.php(933): App\Controllers\Materials->upload('9')
#6 C:\xampp\htdocs\ITE311-RANISES\system\CodeIgniter.php(507): CodeIgniter\CodeIgniter->runController(Object(App\Controllers\Materials))
#7 C:\xampp\htdocs\ITE311-RANISES\system\CodeIgniter.php(354): CodeIgniter\CodeIgniter->handleRequest(NULL, Object(Config\Cache), false)
#8 C:\xampp\htdocs\ITE311-RANISES\system\Boot.php(363): CodeIgniter\CodeIgniter->run()
#9 C:\xampp\htdocs\ITE311-RANISES\system\Boot.php(68): CodeIgniter\Boot::runCodeIgniter(Object(CodeIgniter\CodeIgniter))
#10 C:\xampp\htdocs\ITE311-RANISES\index.php(38): CodeIgniter\Boot::bootWeb(Object(Config\Paths))
#11 {main}
CRITICAL - 2025-12-12 01:38:25 --> ErrorException: Undefined array key "enrollment_id"
[Method: GET, Route: teacher/students]
in APPPATH\Views\teacher\students.php on line 165.
 1 APPPATH\Views\teacher\students.php(165): CodeIgniter\Debug\Exceptions->errorHandler(2, 'Undefined array key "enrollment_id"', 'C:\\xampp\\htdocs\\ITE311-RANISES\\app\\Views\\teacher\\students.php', 165)
 2 SYSTEMPATH\View\View.php(226): include('C:\\xampp\\htdocs\\ITE311-RANISES\\app\\Views\\teacher\\students.php')
 3 SYSTEMPATH\View\View.php(229): CodeIgniter\View\View->CodeIgniter\View\{closure}()
 4 SYSTEMPATH\Common.php(1167): CodeIgniter\View\View->render('teacher/students', [], true)
 5 APPPATH\Controllers\Teacher.php(130): view('teacher/students', [...])
 6 SYSTEMPATH\CodeIgniter.php(933): App\Controllers\Teacher->students()
 7 SYSTEMPATH\CodeIgniter.php(507): CodeIgniter\CodeIgniter->runController(Object(App\Controllers\Teacher))
 8 SYSTEMPATH\CodeIgniter.php(354): CodeIgniter\CodeIgniter->handleRequest(null, Object(Config\Cache), false)
 9 SYSTEMPATH\Boot.php(363): CodeIgniter\CodeIgniter->run()
10 SYSTEMPATH\Boot.php(68): CodeIgniter\Boot::runCodeIgniter(Object(CodeIgniter\CodeIgniter))
11 FCPATH\index.php(38): CodeIgniter\Boot::bootWeb(Object(Config\Paths))
CRITICAL - 2025-12-12 01:38:30 --> ErrorException: Undefined array key "enrollment_id"
[Method: GET, Route: teacher/students]
in APPPATH\Views\teacher\students.php on line 165.
 1 APPPATH\Views\teacher\students.php(165): CodeIgniter\Debug\Exceptions->errorHandler(2, 'Undefined array key "enrollment_id"', 'C:\\xampp\\htdocs\\ITE311-RANISES\\app\\Views\\teacher\\students.php', 165)
 2 SYSTEMPATH\View\View.php(226): include('C:\\xampp\\htdocs\\ITE311-RANISES\\app\\Views\\teacher\\students.php')
 3 SYSTEMPATH\View\View.php(229): CodeIgniter\View\View->CodeIgniter\View\{closure}()
 4 SYSTEMPATH\Common.php(1167): CodeIgniter\View\View->render('teacher/students', [], true)
 5 APPPATH\Controllers\Teacher.php(130): view('teacher/students', [...])
 6 SYSTEMPATH\CodeIgniter.php(933): App\Controllers\Teacher->students()
 7 SYSTEMPATH\CodeIgniter.php(507): CodeIgniter\CodeIgniter->runController(Object(App\Controllers\Teacher))
 8 SYSTEMPATH\CodeIgniter.php(354): CodeIgniter\CodeIgniter->handleRequest(null, Object(Config\Cache), false)
 9 SYSTEMPATH\Boot.php(363): CodeIgniter\CodeIgniter->run()
10 SYSTEMPATH\Boot.php(68): CodeIgniter\Boot::runCodeIgniter(Object(CodeIgniter\CodeIgniter))
11 FCPATH\index.php(38): CodeIgniter\Boot::bootWeb(Object(Config\Paths))
CRITICAL - 2025-12-12 01:38:32 --> ErrorException: Undefined array key "enrollment_id"
[Method: GET, Route: teacher/students]
in APPPATH\Views\teacher\students.php on line 165.
 1 APPPATH\Views\teacher\students.php(165): CodeIgniter\Debug\Exceptions->errorHandler(2, 'Undefined array key "enrollment_id"', 'C:\\xampp\\htdocs\\ITE311-RANISES\\app\\Views\\teacher\\students.php', 165)
 2 SYSTEMPATH\View\View.php(226): include('C:\\xampp\\htdocs\\ITE311-RANISES\\app\\Views\\teacher\\students.php')
 3 SYSTEMPATH\View\View.php(229): CodeIgniter\View\View->CodeIgniter\View\{closure}()
 4 SYSTEMPATH\Common.php(1167): CodeIgniter\View\View->render('teacher/students', [], true)
 5 APPPATH\Controllers\Teacher.php(130): view('teacher/students', [...])
 6 SYSTEMPATH\CodeIgniter.php(933): App\Controllers\Teacher->students()
 7 SYSTEMPATH\CodeIgniter.php(507): CodeIgniter\CodeIgniter->runController(Object(App\Controllers\Teacher))
 8 SYSTEMPATH\CodeIgniter.php(354): CodeIgniter\CodeIgniter->handleRequest(null, Object(Config\Cache), false)
 9 SYSTEMPATH\Boot.php(363): CodeIgniter\CodeIgniter->run()
10 SYSTEMPATH\Boot.php(68): CodeIgniter\Boot::runCodeIgniter(Object(CodeIgniter\CodeIgniter))
11 FCPATH\index.php(38): CodeIgniter\Boot::bootWeb(Object(Config\Paths))
CRITICAL - 2025-12-12 01:38:34 --> ErrorException: Undefined array key "enrollment_id"
[Method: GET, Route: teacher/students]
in APPPATH\Views\teacher\students.php on line 165.
 1 APPPATH\Views\teacher\students.php(165): CodeIgniter\Debug\Exceptions->errorHandler(2, 'Undefined array key "enrollment_id"', 'C:\\xampp\\htdocs\\ITE311-RANISES\\app\\Views\\teacher\\students.php', 165)
 2 SYSTEMPATH\View\View.php(226): include('C:\\xampp\\htdocs\\ITE311-RANISES\\app\\Views\\teacher\\students.php')
 3 SYSTEMPATH\View\View.php(229): CodeIgniter\View\View->CodeIgniter\View\{closure}()
 4 SYSTEMPATH\Common.php(1167): CodeIgniter\View\View->render('teacher/students', [], true)
 5 APPPATH\Controllers\Teacher.php(130): view('teacher/students', [...])
 6 SYSTEMPATH\CodeIgniter.php(933): App\Controllers\Teacher->students()
 7 SYSTEMPATH\CodeIgniter.php(507): CodeIgniter\CodeIgniter->runController(Object(App\Controllers\Teacher))
 8 SYSTEMPATH\CodeIgniter.php(354): CodeIgniter\CodeIgniter->handleRequest(null, Object(Config\Cache), false)
 9 SYSTEMPATH\Boot.php(363): CodeIgniter\CodeIgniter->run()
10 SYSTEMPATH\Boot.php(68): CodeIgniter\Boot::runCodeIgniter(Object(CodeIgniter\CodeIgniter))
11 FCPATH\index.php(38): CodeIgniter\Boot::bootWeb(Object(Config\Paths))
CRITICAL - 2025-12-12 01:38:38 --> ErrorException: Undefined array key "enrollment_id"
[Method: GET, Route: teacher/students]
in APPPATH\Views\teacher\students.php on line 165.
 1 APPPATH\Views\teacher\students.php(165): CodeIgniter\Debug\Exceptions->errorHandler(2, 'Undefined array key "enrollment_id"', 'C:\\xampp\\htdocs\\ITE311-RANISES\\app\\Views\\teacher\\students.php', 165)
 2 SYSTEMPATH\View\View.php(226): include('C:\\xampp\\htdocs\\ITE311-RANISES\\app\\Views\\teacher\\students.php')
 3 SYSTEMPATH\View\View.php(229): CodeIgniter\View\View->CodeIgniter\View\{closure}()
 4 SYSTEMPATH\Common.php(1167): CodeIgniter\View\View->render('teacher/students', [], true)
 5 APPPATH\Controllers\Teacher.php(130): view('teacher/students', [...])
 6 SYSTEMPATH\CodeIgniter.php(933): App\Controllers\Teacher->students()
 7 SYSTEMPATH\CodeIgniter.php(507): CodeIgniter\CodeIgniter->runController(Object(App\Controllers\Teacher))
 8 SYSTEMPATH\CodeIgniter.php(354): CodeIgniter\CodeIgniter->handleRequest(null, Object(Config\Cache), false)
 9 SYSTEMPATH\Boot.php(363): CodeIgniter\CodeIgniter->run()
10 SYSTEMPATH\Boot.php(68): CodeIgniter\Boot::runCodeIgniter(Object(CodeIgniter\CodeIgniter))
11 FCPATH\index.php(38): CodeIgniter\Boot::bootWeb(Object(Config\Paths))
CRITICAL - 2025-12-12 01:40:56 --> ErrorException: Undefined array key "enrollment_id"
[Method: GET, Route: teacher/students]
in APPPATH\Views\teacher\students.php on line 165.
 1 APPPATH\Views\teacher\students.php(165): CodeIgniter\Debug\Exceptions->errorHandler(2, 'Undefined array key "enrollment_id"', 'C:\\xampp\\htdocs\\ITE311-RANISES\\app\\Views\\teacher\\students.php', 165)
 2 SYSTEMPATH\View\View.php(226): include('C:\\xampp\\htdocs\\ITE311-RANISES\\app\\Views\\teacher\\students.php')
 3 SYSTEMPATH\View\View.php(229): CodeIgniter\View\View->CodeIgniter\View\{closure}()
 4 SYSTEMPATH\Common.php(1167): CodeIgniter\View\View->render('teacher/students', [], true)
 5 APPPATH\Controllers\Teacher.php(130): view('teacher/students', [...])
 6 SYSTEMPATH\CodeIgniter.php(933): App\Controllers\Teacher->students()
 7 SYSTEMPATH\CodeIgniter.php(507): CodeIgniter\CodeIgniter->runController(Object(App\Controllers\Teacher))
 8 SYSTEMPATH\CodeIgniter.php(354): CodeIgniter\CodeIgniter->handleRequest(null, Object(Config\Cache), false)
 9 SYSTEMPATH\Boot.php(363): CodeIgniter\CodeIgniter->run()
10 SYSTEMPATH\Boot.php(68): CodeIgniter\Boot::runCodeIgniter(Object(CodeIgniter\CodeIgniter))
11 FCPATH\index.php(38): CodeIgniter\Boot::bootWeb(Object(Config\Paths))
CRITICAL - 2025-12-12 01:41:16 --> ErrorException: Undefined array key "enrollment_id"
[Method: GET, Route: teacher/students]
in APPPATH\Views\teacher\students.php on line 165.
 1 APPPATH\Views\teacher\students.php(165): CodeIgniter\Debug\Exceptions->errorHandler(2, 'Undefined array key "enrollment_id"', 'C:\\xampp\\htdocs\\ITE311-RANISES\\app\\Views\\teacher\\students.php', 165)
 2 SYSTEMPATH\View\View.php(226): include('C:\\xampp\\htdocs\\ITE311-RANISES\\app\\Views\\teacher\\students.php')
 3 SYSTEMPATH\View\View.php(229): CodeIgniter\View\View->CodeIgniter\View\{closure}()
 4 SYSTEMPATH\Common.php(1167): CodeIgniter\View\View->render('teacher/students', [], true)
 5 APPPATH\Controllers\Teacher.php(130): view('teacher/students', [...])
 6 SYSTEMPATH\CodeIgniter.php(933): App\Controllers\Teacher->students()
 7 SYSTEMPATH\CodeIgniter.php(507): CodeIgniter\CodeIgniter->runController(Object(App\Controllers\Teacher))
 8 SYSTEMPATH\CodeIgniter.php(354): CodeIgniter\CodeIgniter->handleRequest(null, Object(Config\Cache), false)
 9 SYSTEMPATH\Boot.php(363): CodeIgniter\CodeIgniter->run()
10 SYSTEMPATH\Boot.php(68): CodeIgniter\Boot::runCodeIgniter(Object(CodeIgniter\CodeIgniter))
11 FCPATH\index.php(38): CodeIgniter\Boot::bootWeb(Object(Config\Paths))
CRITICAL - 2025-12-12 01:41:28 --> ErrorException: Undefined array key "enrollment_id"
[Method: GET, Route: teacher/students]
in APPPATH\Views\teacher\students.php on line 165.
 1 APPPATH\Views\teacher\students.php(165): CodeIgniter\Debug\Exceptions->errorHandler(2, 'Undefined array key "enrollment_id"', 'C:\\xampp\\htdocs\\ITE311-RANISES\\app\\Views\\teacher\\students.php', 165)
 2 SYSTEMPATH\View\View.php(226): include('C:\\xampp\\htdocs\\ITE311-RANISES\\app\\Views\\teacher\\students.php')
 3 SYSTEMPATH\View\View.php(229): CodeIgniter\View\View->CodeIgniter\View\{closure}()
 4 SYSTEMPATH\Common.php(1167): CodeIgniter\View\View->render('teacher/students', [], true)
 5 APPPATH\Controllers\Teacher.php(130): view('teacher/students', [...])
 6 SYSTEMPATH\CodeIgniter.php(933): App\Controllers\Teacher->students()
 7 SYSTEMPATH\CodeIgniter.php(507): CodeIgniter\CodeIgniter->runController(Object(App\Controllers\Teacher))
 8 SYSTEMPATH\CodeIgniter.php(354): CodeIgniter\CodeIgniter->handleRequest(null, Object(Config\Cache), false)
 9 SYSTEMPATH\Boot.php(363): CodeIgniter\CodeIgniter->run()
10 SYSTEMPATH\Boot.php(68): CodeIgniter\Boot::runCodeIgniter(Object(CodeIgniter\CodeIgniter))
11 FCPATH\index.php(38): CodeIgniter\Boot::bootWeb(Object(Config\Paths))
CRITICAL - 2025-12-12 01:43:17 --> ErrorException: Undefined array key "enrollment_id"
[Method: GET, Route: teacher/students]
in APPPATH\Views\teacher\students.php on line 165.
 1 APPPATH\Views\teacher\students.php(165): CodeIgniter\Debug\Exceptions->errorHandler(2, 'Undefined array key "enrollment_id"', 'C:\\xampp\\htdocs\\ITE311-RANISES\\app\\Views\\teacher\\students.php', 165)
 2 SYSTEMPATH\View\View.php(226): include('C:\\xampp\\htdocs\\ITE311-RANISES\\app\\Views\\teacher\\students.php')
 3 SYSTEMPATH\View\View.php(229): CodeIgniter\View\View->CodeIgniter\View\{closure}()
 4 SYSTEMPATH\Common.php(1167): CodeIgniter\View\View->render('teacher/students', [], true)
 5 APPPATH\Controllers\Teacher.php(130): view('teacher/students', [...])
 6 SYSTEMPATH\CodeIgniter.php(933): App\Controllers\Teacher->students()
 7 SYSTEMPATH\CodeIgniter.php(507): CodeIgniter\CodeIgniter->runController(Object(App\Controllers\Teacher))
 8 SYSTEMPATH\CodeIgniter.php(354): CodeIgniter\CodeIgniter->handleRequest(null, Object(Config\Cache), false)
 9 SYSTEMPATH\Boot.php(363): CodeIgniter\CodeIgniter->run()
10 SYSTEMPATH\Boot.php(68): CodeIgniter\Boot::runCodeIgniter(Object(CodeIgniter\CodeIgniter))
11 FCPATH\index.php(38): CodeIgniter\Boot::bootWeb(Object(Config\Paths))
CRITICAL - 2025-12-12 01:43:21 --> ErrorException: Undefined array key "enrollment_id"
[Method: GET, Route: teacher/students]
in APPPATH\Views\teacher\students.php on line 165.
 1 APPPATH\Views\teacher\students.php(165): CodeIgniter\Debug\Exceptions->errorHandler(2, 'Undefined array key "enrollment_id"', 'C:\\xampp\\htdocs\\ITE311-RANISES\\app\\Views\\teacher\\students.php', 165)
 2 SYSTEMPATH\View\View.php(226): include('C:\\xampp\\htdocs\\ITE311-RANISES\\app\\Views\\teacher\\students.php')
 3 SYSTEMPATH\View\View.php(229): CodeIgniter\View\View->CodeIgniter\View\{closure}()
 4 SYSTEMPATH\Common.php(1167): CodeIgniter\View\View->render('teacher/students', [], true)
 5 APPPATH\Controllers\Teacher.php(130): view('teacher/students', [...])
 6 SYSTEMPATH\CodeIgniter.php(933): App\Controllers\Teacher->students()
 7 SYSTEMPATH\CodeIgniter.php(507): CodeIgniter\CodeIgniter->runController(Object(App\Controllers\Teacher))
 8 SYSTEMPATH\CodeIgniter.php(354): CodeIgniter\CodeIgniter->handleRequest(null, Object(Config\Cache), false)
 9 SYSTEMPATH\Boot.php(363): CodeIgniter\CodeIgniter->run()
10 SYSTEMPATH\Boot.php(68): CodeIgniter\Boot::runCodeIgniter(Object(CodeIgniter\CodeIgniter))
11 FCPATH\index.php(38): CodeIgniter\Boot::bootWeb(Object(Config\Paths))
CRITICAL - 2025-12-12 01:43:24 --> ErrorException: Undefined array key "enrollment_id"
[Method: GET, Route: teacher/students]
in APPPATH\Views\teacher\students.php on line 165.
 1 APPPATH\Views\teacher\students.php(165): CodeIgniter\Debug\Exceptions->errorHandler(2, 'Undefined array key "enrollment_id"', 'C:\\xampp\\htdocs\\ITE311-RANISES\\app\\Views\\teacher\\students.php', 165)
 2 SYSTEMPATH\View\View.php(226): include('C:\\xampp\\htdocs\\ITE311-RANISES\\app\\Views\\teacher\\students.php')
 3 SYSTEMPATH\View\View.php(229): CodeIgniter\View\View->CodeIgniter\View\{closure}()
 4 SYSTEMPATH\Common.php(1167): CodeIgniter\View\View->render('teacher/students', [], true)
 5 APPPATH\Controllers\Teacher.php(130): view('teacher/students', [...])
 6 SYSTEMPATH\CodeIgniter.php(933): App\Controllers\Teacher->students()
 7 SYSTEMPATH\CodeIgniter.php(507): CodeIgniter\CodeIgniter->runController(Object(App\Controllers\Teacher))
 8 SYSTEMPATH\CodeIgniter.php(354): CodeIgniter\CodeIgniter->handleRequest(null, Object(Config\Cache), false)
 9 SYSTEMPATH\Boot.php(363): CodeIgniter\CodeIgniter->run()
10 SYSTEMPATH\Boot.php(68): CodeIgniter\Boot::runCodeIgniter(Object(CodeIgniter\CodeIgniter))
11 FCPATH\index.php(38): CodeIgniter\Boot::bootWeb(Object(Config\Paths))
CRITICAL - 2025-12-12 01:43:26 --> ErrorException: Undefined array key "enrollment_id"
[Method: GET, Route: teacher/students]
in APPPATH\Views\teacher\students.php on line 165.
 1 APPPATH\Views\teacher\students.php(165): CodeIgniter\Debug\Exceptions->errorHandler(2, 'Undefined array key "enrollment_id"', 'C:\\xampp\\htdocs\\ITE311-RANISES\\app\\Views\\teacher\\students.php', 165)
 2 SYSTEMPATH\View\View.php(226): include('C:\\xampp\\htdocs\\ITE311-RANISES\\app\\Views\\teacher\\students.php')
 3 SYSTEMPATH\View\View.php(229): CodeIgniter\View\View->CodeIgniter\View\{closure}()
 4 SYSTEMPATH\Common.php(1167): CodeIgniter\View\View->render('teacher/students', [], true)
 5 APPPATH\Controllers\Teacher.php(130): view('teacher/students', [...])
 6 SYSTEMPATH\CodeIgniter.php(933): App\Controllers\Teacher->students()
 7 SYSTEMPATH\CodeIgniter.php(507): CodeIgniter\CodeIgniter->runController(Object(App\Controllers\Teacher))
 8 SYSTEMPATH\CodeIgniter.php(354): CodeIgniter\CodeIgniter->handleRequest(null, Object(Config\Cache), false)
 9 SYSTEMPATH\Boot.php(363): CodeIgniter\CodeIgniter->run()
10 SYSTEMPATH\Boot.php(68): CodeIgniter\Boot::runCodeIgniter(Object(CodeIgniter\CodeIgniter))
11 FCPATH\index.php(38): CodeIgniter\Boot::bootWeb(Object(Config\Paths))
CRITICAL - 2025-12-12 01:43:47 --> ErrorException: Undefined array key "enrollment_id"
[Method: GET, Route: teacher/students]
in APPPATH\Views\teacher\students.php on line 165.
 1 APPPATH\Views\teacher\students.php(165): CodeIgniter\Debug\Exceptions->errorHandler(2, 'Undefined array key "enrollment_id"', 'C:\\xampp\\htdocs\\ITE311-RANISES\\app\\Views\\teacher\\students.php', 165)
 2 SYSTEMPATH\View\View.php(226): include('C:\\xampp\\htdocs\\ITE311-RANISES\\app\\Views\\teacher\\students.php')
 3 SYSTEMPATH\View\View.php(229): CodeIgniter\View\View->CodeIgniter\View\{closure}()
 4 SYSTEMPATH\Common.php(1167): CodeIgniter\View\View->render('teacher/students', [], true)
 5 APPPATH\Controllers\Teacher.php(130): view('teacher/students', [...])
 6 SYSTEMPATH\CodeIgniter.php(933): App\Controllers\Teacher->students()
 7 SYSTEMPATH\CodeIgniter.php(507): CodeIgniter\CodeIgniter->runController(Object(App\Controllers\Teacher))
 8 SYSTEMPATH\CodeIgniter.php(354): CodeIgniter\CodeIgniter->handleRequest(null, Object(Config\Cache), false)
 9 SYSTEMPATH\Boot.php(363): CodeIgniter\CodeIgniter->run()
10 SYSTEMPATH\Boot.php(68): CodeIgniter\Boot::runCodeIgniter(Object(CodeIgniter\CodeIgniter))
11 FCPATH\index.php(38): CodeIgniter\Boot::bootWeb(Object(Config\Paths))
CRITICAL - 2025-12-12 01:43:52 --> ErrorException: Undefined array key "enrollment_id"
[Method: GET, Route: teacher/students]
in APPPATH\Views\teacher\students.php on line 165.
 1 APPPATH\Views\teacher\students.php(165): CodeIgniter\Debug\Exceptions->errorHandler(2, 'Undefined array key "enrollment_id"', 'C:\\xampp\\htdocs\\ITE311-RANISES\\app\\Views\\teacher\\students.php', 165)
 2 SYSTEMPATH\View\View.php(226): include('C:\\xampp\\htdocs\\ITE311-RANISES\\app\\Views\\teacher\\students.php')
 3 SYSTEMPATH\View\View.php(229): CodeIgniter\View\View->CodeIgniter\View\{closure}()
 4 SYSTEMPATH\Common.php(1167): CodeIgniter\View\View->render('teacher/students', [], true)
 5 APPPATH\Controllers\Teacher.php(130): view('teacher/students', [...])
 6 SYSTEMPATH\CodeIgniter.php(933): App\Controllers\Teacher->students()
 7 SYSTEMPATH\CodeIgniter.php(507): CodeIgniter\CodeIgniter->runController(Object(App\Controllers\Teacher))
 8 SYSTEMPATH\CodeIgniter.php(354): CodeIgniter\CodeIgniter->handleRequest(null, Object(Config\Cache), false)
 9 SYSTEMPATH\Boot.php(363): CodeIgniter\CodeIgniter->run()
10 SYSTEMPATH\Boot.php(68): CodeIgniter\Boot::runCodeIgniter(Object(CodeIgniter\CodeIgniter))
11 FCPATH\index.php(38): CodeIgniter\Boot::bootWeb(Object(Config\Paths))
CRITICAL - 2025-12-12 01:43:56 --> ErrorException: Undefined array key "enrollment_id"
[Method: GET, Route: teacher/students]
in APPPATH\Views\teacher\students.php on line 165.
 1 APPPATH\Views\teacher\students.php(165): CodeIgniter\Debug\Exceptions->errorHandler(2, 'Undefined array key "enrollment_id"', 'C:\\xampp\\htdocs\\ITE311-RANISES\\app\\Views\\teacher\\students.php', 165)
 2 SYSTEMPATH\View\View.php(226): include('C:\\xampp\\htdocs\\ITE311-RANISES\\app\\Views\\teacher\\students.php')
 3 SYSTEMPATH\View\View.php(229): CodeIgniter\View\View->CodeIgniter\View\{closure}()
 4 SYSTEMPATH\Common.php(1167): CodeIgniter\View\View->render('teacher/students', [], true)
 5 APPPATH\Controllers\Teacher.php(130): view('teacher/students', [...])
 6 SYSTEMPATH\CodeIgniter.php(933): App\Controllers\Teacher->students()
 7 SYSTEMPATH\CodeIgniter.php(507): CodeIgniter\CodeIgniter->runController(Object(App\Controllers\Teacher))
 8 SYSTEMPATH\CodeIgniter.php(354): CodeIgniter\CodeIgniter->handleRequest(null, Object(Config\Cache), false)
 9 SYSTEMPATH\Boot.php(363): CodeIgniter\CodeIgniter->run()
10 SYSTEMPATH\Boot.php(68): CodeIgniter\Boot::runCodeIgniter(Object(CodeIgniter\CodeIgniter))
11 FCPATH\index.php(38): CodeIgniter\Boot::bootWeb(Object(Config\Paths))
CRITICAL - 2025-12-12 01:43:58 --> ErrorException: Undefined array key "enrollment_id"
[Method: GET, Route: teacher/students]
in APPPATH\Views\teacher\students.php on line 165.
 1 APPPATH\Views\teacher\students.php(165): CodeIgniter\Debug\Exceptions->errorHandler(2, 'Undefined array key "enrollment_id"', 'C:\\xampp\\htdocs\\ITE311-RANISES\\app\\Views\\teacher\\students.php', 165)
 2 SYSTEMPATH\View\View.php(226): include('C:\\xampp\\htdocs\\ITE311-RANISES\\app\\Views\\teacher\\students.php')
 3 SYSTEMPATH\View\View.php(229): CodeIgniter\View\View->CodeIgniter\View\{closure}()
 4 SYSTEMPATH\Common.php(1167): CodeIgniter\View\View->render('teacher/students', [], true)
 5 APPPATH\Controllers\Teacher.php(130): view('teacher/students', [...])
 6 SYSTEMPATH\CodeIgniter.php(933): App\Controllers\Teacher->students()
 7 SYSTEMPATH\CodeIgniter.php(507): CodeIgniter\CodeIgniter->runController(Object(App\Controllers\Teacher))
 8 SYSTEMPATH\CodeIgniter.php(354): CodeIgniter\CodeIgniter->handleRequest(null, Object(Config\Cache), false)
 9 SYSTEMPATH\Boot.php(363): CodeIgniter\CodeIgniter->run()
10 SYSTEMPATH\Boot.php(68): CodeIgniter\Boot::runCodeIgniter(Object(CodeIgniter\CodeIgniter))
11 FCPATH\index.php(38): CodeIgniter\Boot::bootWeb(Object(Config\Paths))
CRITICAL - 2025-12-12 01:45:23 --> Error: Call to undefined method CodeIgniter\Database\MySQLi\Builder::find()
[Method: POST, Route: teacher/students/remove]
in APPPATH\Controllers\Teacher.php on line 583.
 1 SYSTEMPATH\CodeIgniter.php(933): App\Controllers\Teacher->removeStudent()
 2 SYSTEMPATH\CodeIgniter.php(507): CodeIgniter\CodeIgniter->runController(Object(App\Controllers\Teacher))
 3 SYSTEMPATH\CodeIgniter.php(354): CodeIgniter\CodeIgniter->handleRequest(null, Object(Config\Cache), false)
 4 SYSTEMPATH\Boot.php(363): CodeIgniter\CodeIgniter->run()
 5 SYSTEMPATH\Boot.php(68): CodeIgniter\Boot::runCodeIgniter(Object(CodeIgniter\CodeIgniter))
 6 FCPATH\index.php(38): CodeIgniter\Boot::bootWeb(Object(Config\Paths))
CRITICAL - 2025-12-12 01:45:34 --> Error: Call to undefined method CodeIgniter\Database\MySQLi\Builder::find()
[Method: POST, Route: teacher/students/remove]
in APPPATH\Controllers\Teacher.php on line 583.
 1 SYSTEMPATH\CodeIgniter.php(933): App\Controllers\Teacher->removeStudent()
 2 SYSTEMPATH\CodeIgniter.php(507): CodeIgniter\CodeIgniter->runController(Object(App\Controllers\Teacher))
 3 SYSTEMPATH\CodeIgniter.php(354): CodeIgniter\CodeIgniter->handleRequest(null, Object(Config\Cache), false)
 4 SYSTEMPATH\Boot.php(363): CodeIgniter\CodeIgniter->run()
 5 SYSTEMPATH\Boot.php(68): CodeIgniter\Boot::runCodeIgniter(Object(CodeIgniter\CodeIgniter))
 6 FCPATH\index.php(38): CodeIgniter\Boot::bootWeb(Object(Config\Paths))
CRITICAL - 2025-12-12 01:45:39 --> Error: Call to undefined method CodeIgniter\Database\MySQLi\Builder::find()
[Method: POST, Route: teacher/students/remove]
in APPPATH\Controllers\Teacher.php on line 583.
 1 SYSTEMPATH\CodeIgniter.php(933): App\Controllers\Teacher->removeStudent()
 2 SYSTEMPATH\CodeIgniter.php(507): CodeIgniter\CodeIgniter->runController(Object(App\Controllers\Teacher))
 3 SYSTEMPATH\CodeIgniter.php(354): CodeIgniter\CodeIgniter->handleRequest(null, Object(Config\Cache), false)
 4 SYSTEMPATH\Boot.php(363): CodeIgniter\CodeIgniter->run()
 5 SYSTEMPATH\Boot.php(68): CodeIgniter\Boot::runCodeIgniter(Object(CodeIgniter\CodeIgniter))
 6 FCPATH\index.php(38): CodeIgniter\Boot::bootWeb(Object(Config\Paths))
CRITICAL - 2025-12-12 01:46:49 --> Error: Call to undefined method CodeIgniter\Database\MySQLi\Builder::find()
[Method: POST, Route: teacher/students/remove]
in APPPATH\Controllers\Teacher.php on line 583.
 1 SYSTEMPATH\CodeIgniter.php(933): App\Controllers\Teacher->removeStudent()
 2 SYSTEMPATH\CodeIgniter.php(507): CodeIgniter\CodeIgniter->runController(Object(App\Controllers\Teacher))
 3 SYSTEMPATH\CodeIgniter.php(354): CodeIgniter\CodeIgniter->handleRequest(null, Object(Config\Cache), false)
 4 SYSTEMPATH\Boot.php(363): CodeIgniter\CodeIgniter->run()
 5 SYSTEMPATH\Boot.php(68): CodeIgniter\Boot::runCodeIgniter(Object(CodeIgniter\CodeIgniter))
 6 FCPATH\index.php(38): CodeIgniter\Boot::bootWeb(Object(Config\Paths))
CRITICAL - 2025-12-12 01:47:01 --> Error: Call to undefined method CodeIgniter\Database\MySQLi\Builder::find()
[Method: POST, Route: teacher/students/remove]
in APPPATH\Controllers\Teacher.php on line 583.
 1 SYSTEMPATH\CodeIgniter.php(933): App\Controllers\Teacher->removeStudent()
 2 SYSTEMPATH\CodeIgniter.php(507): CodeIgniter\CodeIgniter->runController(Object(App\Controllers\Teacher))
 3 SYSTEMPATH\CodeIgniter.php(354): CodeIgniter\CodeIgniter->handleRequest(null, Object(Config\Cache), false)
 4 SYSTEMPATH\Boot.php(363): CodeIgniter\CodeIgniter->run()
 5 SYSTEMPATH\Boot.php(68): CodeIgniter\Boot::runCodeIgniter(Object(CodeIgniter\CodeIgniter))
 6 FCPATH\index.php(38): CodeIgniter\Boot::bootWeb(Object(Config\Paths))
CRITICAL - 2025-12-12 01:49:01 --> Error: Call to undefined method CodeIgniter\Database\MySQLi\Builder::find()
[Method: POST, Route: teacher/students/remove]
in APPPATH\Controllers\Teacher.php on line 583.
 1 SYSTEMPATH\CodeIgniter.php(933): App\Controllers\Teacher->removeStudent()
 2 SYSTEMPATH\CodeIgniter.php(507): CodeIgniter\CodeIgniter->runController(Object(App\Controllers\Teacher))
 3 SYSTEMPATH\CodeIgniter.php(354): CodeIgniter\CodeIgniter->handleRequest(null, Object(Config\Cache), false)
 4 SYSTEMPATH\Boot.php(363): CodeIgniter\CodeIgniter->run()
 5 SYSTEMPATH\Boot.php(68): CodeIgniter\Boot::runCodeIgniter(Object(CodeIgniter\CodeIgniter))
 6 FCPATH\index.php(38): CodeIgniter\Boot::bootWeb(Object(Config\Paths))
CRITICAL - 2025-12-12 01:49:09 --> Error: Call to undefined method CodeIgniter\Database\MySQLi\Builder::find()
[Method: POST, Route: teacher/students/remove]
in APPPATH\Controllers\Teacher.php on line 583.
 1 SYSTEMPATH\CodeIgniter.php(933): App\Controllers\Teacher->removeStudent()
 2 SYSTEMPATH\CodeIgniter.php(507): CodeIgniter\CodeIgniter->runController(Object(App\Controllers\Teacher))
 3 SYSTEMPATH\CodeIgniter.php(354): CodeIgniter\CodeIgniter->handleRequest(null, Object(Config\Cache), false)
 4 SYSTEMPATH\Boot.php(363): CodeIgniter\CodeIgniter->run()
 5 SYSTEMPATH\Boot.php(68): CodeIgniter\Boot::runCodeIgniter(Object(CodeIgniter\CodeIgniter))
 6 FCPATH\index.php(38): CodeIgniter\Boot::bootWeb(Object(Config\Paths))
CRITICAL - 2025-12-12 01:52:47 --> Error: Call to undefined method CodeIgniter\Database\MySQLi\Builder::find()
[Method: POST, Route: teacher/students/remove]
in APPPATH\Controllers\Teacher.php on line 583.
 1 SYSTEMPATH\CodeIgniter.php(933): App\Controllers\Teacher->removeStudent()
 2 SYSTEMPATH\CodeIgniter.php(507): CodeIgniter\CodeIgniter->runController(Object(App\Controllers\Teacher))
 3 SYSTEMPATH\CodeIgniter.php(354): CodeIgniter\CodeIgniter->handleRequest(null, Object(Config\Cache), false)
 4 SYSTEMPATH\Boot.php(363): CodeIgniter\CodeIgniter->run()
 5 SYSTEMPATH\Boot.php(68): CodeIgniter\Boot::runCodeIgniter(Object(CodeIgniter\CodeIgniter))
 6 FCPATH\index.php(38): CodeIgniter\Boot::bootWeb(Object(Config\Paths))
CRITICAL - 2025-12-12 01:56:18 --> Error: Call to undefined method CodeIgniter\Database\MySQLi\Builder::find()
[Method: POST, Route: teacher/students/remove]
in APPPATH\Controllers\Teacher.php on line 583.
 1 SYSTEMPATH\CodeIgniter.php(933): App\Controllers\Teacher->removeStudent()
 2 SYSTEMPATH\CodeIgniter.php(507): CodeIgniter\CodeIgniter->runController(Object(App\Controllers\Teacher))
 3 SYSTEMPATH\CodeIgniter.php(354): CodeIgniter\CodeIgniter->handleRequest(null, Object(Config\Cache), false)
 4 SYSTEMPATH\Boot.php(363): CodeIgniter\CodeIgniter->run()
 5 SYSTEMPATH\Boot.php(68): CodeIgniter\Boot::runCodeIgniter(Object(CodeIgniter\CodeIgniter))
 6 FCPATH\index.php(38): CodeIgniter\Boot::bootWeb(Object(Config\Paths))
CRITICAL - 2025-12-12 01:58:44 --> Error: Call to undefined method CodeIgniter\Database\MySQLi\Builder::find()
[Method: POST, Route: teacher/students/remove]
in APPPATH\Controllers\Teacher.php on line 583.
 1 SYSTEMPATH\CodeIgniter.php(933): App\Controllers\Teacher->removeStudent()
 2 SYSTEMPATH\CodeIgniter.php(507): CodeIgniter\CodeIgniter->runController(Object(App\Controllers\Teacher))
 3 SYSTEMPATH\CodeIgniter.php(354): CodeIgniter\CodeIgniter->handleRequest(null, Object(Config\Cache), false)
 4 SYSTEMPATH\Boot.php(363): CodeIgniter\CodeIgniter->run()
 5 SYSTEMPATH\Boot.php(68): CodeIgniter\Boot::runCodeIgniter(Object(CodeIgniter\CodeIgniter))
 6 FCPATH\index.php(38): CodeIgniter\Boot::bootWeb(Object(Config\Paths))
CRITICAL - 2025-12-12 01:59:21 --> Error: Call to undefined method CodeIgniter\Database\MySQLi\Builder::find()
[Method: POST, Route: teacher/students/remove]
in APPPATH\Controllers\Teacher.php on line 583.
 1 SYSTEMPATH\CodeIgniter.php(933): App\Controllers\Teacher->removeStudent()
 2 SYSTEMPATH\CodeIgniter.php(507): CodeIgniter\CodeIgniter->runController(Object(App\Controllers\Teacher))
 3 SYSTEMPATH\CodeIgniter.php(354): CodeIgniter\CodeIgniter->handleRequest(null, Object(Config\Cache), false)
 4 SYSTEMPATH\Boot.php(363): CodeIgniter\CodeIgniter->run()
 5 SYSTEMPATH\Boot.php(68): CodeIgniter\Boot::runCodeIgniter(Object(CodeIgniter\CodeIgniter))
 6 FCPATH\index.php(38): CodeIgniter\Boot::bootWeb(Object(Config\Paths))
CRITICAL - 2025-12-12 02:01:26 --> Error: Call to undefined method CodeIgniter\Database\MySQLi\Builder::first()
[Method: POST, Route: teacher/students/remove]
in APPPATH\Controllers\Teacher.php on line 575.
 1 SYSTEMPATH\CodeIgniter.php(933): App\Controllers\Teacher->removeStudent()
 2 SYSTEMPATH\CodeIgniter.php(507): CodeIgniter\CodeIgniter->runController(Object(App\Controllers\Teacher))
 3 SYSTEMPATH\CodeIgniter.php(354): CodeIgniter\CodeIgniter->handleRequest(null, Object(Config\Cache), false)
 4 SYSTEMPATH\Boot.php(363): CodeIgniter\CodeIgniter->run()
 5 SYSTEMPATH\Boot.php(68): CodeIgniter\Boot::runCodeIgniter(Object(CodeIgniter\CodeIgniter))
 6 FCPATH\index.php(38): CodeIgniter\Boot::bootWeb(Object(Config\Paths))
CRITICAL - 2025-12-12 02:01:42 --> Error: Call to undefined method CodeIgniter\Database\MySQLi\Builder::first()
[Method: POST, Route: teacher/students/remove]
in APPPATH\Controllers\Teacher.php on line 575.
 1 SYSTEMPATH\CodeIgniter.php(933): App\Controllers\Teacher->removeStudent()
 2 SYSTEMPATH\CodeIgniter.php(507): CodeIgniter\CodeIgniter->runController(Object(App\Controllers\Teacher))
 3 SYSTEMPATH\CodeIgniter.php(354): CodeIgniter\CodeIgniter->handleRequest(null, Object(Config\Cache), false)
 4 SYSTEMPATH\Boot.php(363): CodeIgniter\CodeIgniter->run()
 5 SYSTEMPATH\Boot.php(68): CodeIgniter\Boot::runCodeIgniter(Object(CodeIgniter\CodeIgniter))
 6 FCPATH\index.php(38): CodeIgniter\Boot::bootWeb(Object(Config\Paths))
CRITICAL - 2025-12-12 02:01:55 --> Error: Call to undefined method CodeIgniter\Database\MySQLi\Builder::first()
[Method: POST, Route: teacher/students/remove]
in APPPATH\Controllers\Teacher.php on line 575.
 1 SYSTEMPATH\CodeIgniter.php(933): App\Controllers\Teacher->removeStudent()
 2 SYSTEMPATH\CodeIgniter.php(507): CodeIgniter\CodeIgniter->runController(Object(App\Controllers\Teacher))
 3 SYSTEMPATH\CodeIgniter.php(354): CodeIgniter\CodeIgniter->handleRequest(null, Object(Config\Cache), false)
 4 SYSTEMPATH\Boot.php(363): CodeIgniter\CodeIgniter->run()
 5 SYSTEMPATH\Boot.php(68): CodeIgniter\Boot::runCodeIgniter(Object(CodeIgniter\CodeIgniter))
 6 FCPATH\index.php(38): CodeIgniter\Boot::bootWeb(Object(Config\Paths))
CRITICAL - 2025-12-12 02:06:13 --> Error: Call to undefined method CodeIgniter\Database\MySQLi\Builder::first()
[Method: POST, Route: teacher/students/remove]
in APPPATH\Controllers\Teacher.php on line 562.
 1 SYSTEMPATH\CodeIgniter.php(933): App\Controllers\Teacher->removeStudent()
 2 SYSTEMPATH\CodeIgniter.php(507): CodeIgniter\CodeIgniter->runController(Object(App\Controllers\Teacher))
 3 SYSTEMPATH\CodeIgniter.php(354): CodeIgniter\CodeIgniter->handleRequest(null, Object(Config\Cache), false)
 4 SYSTEMPATH\Boot.php(363): CodeIgniter\CodeIgniter->run()
 5 SYSTEMPATH\Boot.php(68): CodeIgniter\Boot::runCodeIgniter(Object(CodeIgniter\CodeIgniter))
 6 FCPATH\index.php(38): CodeIgniter\Boot::bootWeb(Object(Config\Paths))
CRITICAL - 2025-12-12 02:06:23 --> Error: Call to undefined method CodeIgniter\Database\MySQLi\Builder::first()
[Method: POST, Route: teacher/students/remove]
in APPPATH\Controllers\Teacher.php on line 562.
 1 SYSTEMPATH\CodeIgniter.php(933): App\Controllers\Teacher->removeStudent()
 2 SYSTEMPATH\CodeIgniter.php(507): CodeIgniter\CodeIgniter->runController(Object(App\Controllers\Teacher))
 3 SYSTEMPATH\CodeIgniter.php(354): CodeIgniter\CodeIgniter->handleRequest(null, Object(Config\Cache), false)
 4 SYSTEMPATH\Boot.php(363): CodeIgniter\CodeIgniter->run()
 5 SYSTEMPATH\Boot.php(68): CodeIgniter\Boot::runCodeIgniter(Object(CodeIgniter\CodeIgniter))
 6 FCPATH\index.php(38): CodeIgniter\Boot::bootWeb(Object(Config\Paths))
CRITICAL - 2025-12-12 02:06:35 --> Error: Call to undefined method CodeIgniter\Database\MySQLi\Builder::first()
[Method: POST, Route: teacher/students/remove]
in APPPATH\Controllers\Teacher.php on line 562.
 1 SYSTEMPATH\CodeIgniter.php(933): App\Controllers\Teacher->removeStudent()
 2 SYSTEMPATH\CodeIgniter.php(507): CodeIgniter\CodeIgniter->runController(Object(App\Controllers\Teacher))
 3 SYSTEMPATH\CodeIgniter.php(354): CodeIgniter\CodeIgniter->handleRequest(null, Object(Config\Cache), false)
 4 SYSTEMPATH\Boot.php(363): CodeIgniter\CodeIgniter->run()
 5 SYSTEMPATH\Boot.php(68): CodeIgniter\Boot::runCodeIgniter(Object(CodeIgniter\CodeIgniter))
 6 FCPATH\index.php(38): CodeIgniter\Boot::bootWeb(Object(Config\Paths))
ERROR - 2025-12-12 02:35:00 --> Schedule update validation failed: {"start_time":"The start_time field is not in the correct format.","end_time":"The end_time field is not in the correct format."}
ERROR - 2025-12-12 02:35:27 --> Schedule update validation failed: {"start_time":"The start_time field is not in the correct format.","end_time":"The end_time field is not in the correct format."}
ERROR - 2025-12-12 02:35:45 --> Schedule update validation failed: {"start_time":"The start_time field is not in the correct format.","end_time":"The end_time field is not in the correct format."}
CRITICAL - 2025-12-12 03:23:30 --> ErrorException: Undefined variable $enrolledIds
[Method: GET, Route: teacher/students/search]
in APPPATH\Controllers\Teacher.php on line 338.
 1 APPPATH\Controllers\Teacher.php(338): CodeIgniter\Debug\Exceptions->errorHandler(2, 'Undefined variable $enrolledIds', 'C:\\xampp\\htdocs\\ITE311-RANISES\\app\\Controllers\\Teacher.php', 338)
 2 SYSTEMPATH\CodeIgniter.php(933): App\Controllers\Teacher->searchStudents()
 3 SYSTEMPATH\CodeIgniter.php(507): CodeIgniter\CodeIgniter->runController(Object(App\Controllers\Teacher))
 4 SYSTEMPATH\CodeIgniter.php(354): CodeIgniter\CodeIgniter->handleRequest(null, Object(Config\Cache), false)
 5 SYSTEMPATH\Boot.php(363): CodeIgniter\CodeIgniter->run()
 6 SYSTEMPATH\Boot.php(68): CodeIgniter\Boot::runCodeIgniter(Object(CodeIgniter\CodeIgniter))
 7 FCPATH\index.php(38): CodeIgniter\Boot::bootWeb(Object(Config\Paths))
