ERROR - 2025-10-17 03:10:59 --> mysqli_sql_exception: Duplicate column name 'role' in C:\xampp\htdocs\ITE311-RANISES\system\Database\MySQLi\Connection.php:327
Stack trace:
#0 C:\xampp\htdocs\ITE311-RANISES\system\Database\MySQLi\Connection.php(327): mysqli->query('ALTER TABLE `us...', 0)
#1 C:\xampp\htdocs\ITE311-RANISES\system\Database\BaseConnection.php(729): CodeIgniter\Database\MySQLi\Connection->execute('ALTER TABLE `us...')
#2 C:\xampp\htdocs\ITE311-RANISES\system\Database\BaseConnection.php(646): CodeIgniter\Database\BaseConnection->simpleQuery('ALTER TABLE `us...')
#3 C:\xampp\htdocs\ITE311-RANISES\system\Database\Forge.php(772): CodeIgniter\Database\BaseConnection->query('ALTER TABLE `us...')
#4 C:\xampp\htdocs\ITE311-RANISES\app\Database\Migrations\20251017031019_AddRoleToUsers.php(12): CodeIgniter\Database\Forge->addColumn('users', Array)
#5 C:\xampp\htdocs\ITE311-RANISES\system\Database\MigrationRunner.php(876): App\Database\Migrations\AddRoleToUsers->up()
#6 C:\xampp\htdocs\ITE311-RANISES\system\Database\MigrationRunner.php(182): CodeIgniter\Database\MigrationRunner->migrate('up', Object(stdClass))
#7 C:\xampp\htdocs\ITE311-RANISES\system\Commands\Database\Migrate.php(85): CodeIgniter\Database\MigrationRunner->latest(NULL)
#8 C:\xampp\htdocs\ITE311-RANISES\system\CLI\Commands.php(74): CodeIgniter\Commands\Database\Migrate->run(Array)
#9 C:\xampp\htdocs\ITE311-RANISES\system\CLI\Console.php(47): CodeIgniter\CLI\Commands->run('migrate', Array)
#10 C:\xampp\htdocs\ITE311-RANISES\system\Boot.php(388): CodeIgniter\CLI\Console->run()
#11 C:\xampp\htdocs\ITE311-RANISES\system\Boot.php(133): CodeIgniter\Boot::runCommand(Object(CodeIgniter\CLI\Console))
#12 C:\xampp\htdocs\ITE311-RANISES\spark(40): CodeIgniter\Boot::bootSpark(Object(Config\Paths))
#13 {main}
CRITICAL - 2025-10-17 03:10:59 --> ErrorException: require(C:\xampp\htdocs\ITE311-RANISES\app\Views/errors/cli/error_exception.php): Failed to open stream: No such file or directory
[Method: CLI, Route: migrate]
in SYSTEMPATH\CLI\BaseCommand.php on line 133.
 1 SYSTEMPATH\CLI\BaseCommand.php(133): CodeIgniter\Debug\Exceptions->errorHandler(2, 'require(C:\\xampp\\htdocs\\ITE311-RANISES\\app\\Views/errors/cli/error_exception.php): Failed to open stream: No such file or directory', 'C:\\xampp\\htdocs\\ITE311-RANISES\\system\\CLI\\BaseCommand.php', 133)
 2 SYSTEMPATH\CLI\BaseCommand.php(133): require()
 3 SYSTEMPATH\Commands\Database\Migrate.php(99): CodeIgniter\CLI\BaseCommand->showError(Object(CodeIgniter\Database\Exceptions\DatabaseException))
 4 SYSTEMPATH\CLI\Commands.php(74): CodeIgniter\Commands\Database\Migrate->run([])
 5 SYSTEMPATH\CLI\Console.php(47): CodeIgniter\CLI\Commands->run('migrate', [])
 6 SYSTEMPATH\Boot.php(388): CodeIgniter\CLI\Console->run()
 7 SYSTEMPATH\Boot.php(133): CodeIgniter\Boot::runCommand(Object(CodeIgniter\CLI\Console))
 8 FCPATH\spark(40): CodeIgniter\Boot::bootSpark(Object(Config\Paths))
CRITICAL - 2025-10-17 03:12:31 --> CodeIgniter\View\Exceptions\ViewException: Invalid file: "teacher_dashboard.php"
[Method: GET, Route: teacher/dashboard]
in SYSTEMPATH\Exceptions\FrameworkException.php on line 39.
 1 SYSTEMPATH\View\View.php(214): CodeIgniter\Exceptions\FrameworkException::forInvalidFile('teacher_dashboard.php')
 2 SYSTEMPATH\Common.php(1167): CodeIgniter\View\View->render('teacher_dashboard', [], true)
 3 APPPATH\Controllers\Teacher.php(9): view('teacher_dashboard')
 4 SYSTEMPATH\CodeIgniter.php(933): App\Controllers\Teacher->dashboard()
 5 SYSTEMPATH\CodeIgniter.php(507): CodeIgniter\CodeIgniter->runController(Object(App\Controllers\Teacher))
 6 SYSTEMPATH\CodeIgniter.php(354): CodeIgniter\CodeIgniter->handleRequest(null, Object(Config\Cache), false)
 7 SYSTEMPATH\Boot.php(363): CodeIgniter\CodeIgniter->run()
 8 SYSTEMPATH\Boot.php(68): CodeIgniter\Boot::runCodeIgniter(Object(CodeIgniter\CodeIgniter))
 9 FCPATH\index.php(38): CodeIgniter\Boot::bootWeb(Object(Config\Paths))
CRITICAL - 2025-10-17 03:12:41 --> CodeIgniter\View\Exceptions\ViewException: Invalid file: "teacher_dashboard.php"
[Method: GET, Route: teacher/dashboard]
in SYSTEMPATH\Exceptions\FrameworkException.php on line 39.
 1 SYSTEMPATH\View\View.php(214): CodeIgniter\Exceptions\FrameworkException::forInvalidFile('teacher_dashboard.php')
 2 SYSTEMPATH\Common.php(1167): CodeIgniter\View\View->render('teacher_dashboard', [], true)
 3 APPPATH\Controllers\Teacher.php(9): view('teacher_dashboard')
 4 SYSTEMPATH\CodeIgniter.php(933): App\Controllers\Teacher->dashboard()
 5 SYSTEMPATH\CodeIgniter.php(507): CodeIgniter\CodeIgniter->runController(Object(App\Controllers\Teacher))
 6 SYSTEMPATH\CodeIgniter.php(354): CodeIgniter\CodeIgniter->handleRequest(null, Object(Config\Cache), false)
 7 SYSTEMPATH\Boot.php(363): CodeIgniter\CodeIgniter->run()
 8 SYSTEMPATH\Boot.php(68): CodeIgniter\Boot::runCodeIgniter(Object(CodeIgniter\CodeIgniter))
 9 FCPATH\index.php(38): CodeIgniter\Boot::bootWeb(Object(Config\Paths))
CRITICAL - 2025-10-17 03:12:45 --> CodeIgniter\View\Exceptions\ViewException: Invalid file: "teacher_dashboard.php"
[Method: GET, Route: teacher/dashboard]
in SYSTEMPATH\Exceptions\FrameworkException.php on line 39.
 1 SYSTEMPATH\View\View.php(214): CodeIgniter\Exceptions\FrameworkException::forInvalidFile('teacher_dashboard.php')
 2 SYSTEMPATH\Common.php(1167): CodeIgniter\View\View->render('teacher_dashboard', [], true)
 3 APPPATH\Controllers\Teacher.php(9): view('teacher_dashboard')
 4 SYSTEMPATH\CodeIgniter.php(933): App\Controllers\Teacher->dashboard()
 5 SYSTEMPATH\CodeIgniter.php(507): CodeIgniter\CodeIgniter->runController(Object(App\Controllers\Teacher))
 6 SYSTEMPATH\CodeIgniter.php(354): CodeIgniter\CodeIgniter->handleRequest(null, Object(Config\Cache), false)
 7 SYSTEMPATH\Boot.php(363): CodeIgniter\CodeIgniter->run()
 8 SYSTEMPATH\Boot.php(68): CodeIgniter\Boot::runCodeIgniter(Object(CodeIgniter\CodeIgniter))
 9 FCPATH\index.php(38): CodeIgniter\Boot::bootWeb(Object(Config\Paths))
CRITICAL - 2025-10-17 03:12:53 --> CodeIgniter\View\Exceptions\ViewException: Invalid file: "teacher_dashboard.php"
[Method: GET, Route: teacher/dashboard]
in SYSTEMPATH\Exceptions\FrameworkException.php on line 39.
 1 SYSTEMPATH\View\View.php(214): CodeIgniter\Exceptions\FrameworkException::forInvalidFile('teacher_dashboard.php')
 2 SYSTEMPATH\Common.php(1167): CodeIgniter\View\View->render('teacher_dashboard', [], true)
 3 APPPATH\Controllers\Teacher.php(9): view('teacher_dashboard')
 4 SYSTEMPATH\CodeIgniter.php(933): App\Controllers\Teacher->dashboard()
 5 SYSTEMPATH\CodeIgniter.php(507): CodeIgniter\CodeIgniter->runController(Object(App\Controllers\Teacher))
 6 SYSTEMPATH\CodeIgniter.php(354): CodeIgniter\CodeIgniter->handleRequest(null, Object(Config\Cache), false)
 7 SYSTEMPATH\Boot.php(363): CodeIgniter\CodeIgniter->run()
 8 SYSTEMPATH\Boot.php(68): CodeIgniter\Boot::runCodeIgniter(Object(CodeIgniter\CodeIgniter))
 9 FCPATH\index.php(38): CodeIgniter\Boot::bootWeb(Object(Config\Paths))
CRITICAL - 2025-10-17 03:13:38 --> CodeIgniter\View\Exceptions\ViewException: Invalid file: "teacher_dashboard.php"
[Method: GET, Route: teacher/dashboard]
in SYSTEMPATH\Exceptions\FrameworkException.php on line 39.
 1 SYSTEMPATH\View\View.php(214): CodeIgniter\Exceptions\FrameworkException::forInvalidFile('teacher_dashboard.php')
 2 SYSTEMPATH\Common.php(1167): CodeIgniter\View\View->render('teacher_dashboard', [], true)
 3 APPPATH\Controllers\Teacher.php(9): view('teacher_dashboard')
 4 SYSTEMPATH\CodeIgniter.php(933): App\Controllers\Teacher->dashboard()
 5 SYSTEMPATH\CodeIgniter.php(507): CodeIgniter\CodeIgniter->runController(Object(App\Controllers\Teacher))
 6 SYSTEMPATH\CodeIgniter.php(354): CodeIgniter\CodeIgniter->handleRequest(null, Object(Config\Cache), false)
 7 SYSTEMPATH\Boot.php(363): CodeIgniter\CodeIgniter->run()
 8 SYSTEMPATH\Boot.php(68): CodeIgniter\Boot::runCodeIgniter(Object(CodeIgniter\CodeIgniter))
 9 FCPATH\index.php(38): CodeIgniter\Boot::bootWeb(Object(Config\Paths))
CRITICAL - 2025-10-17 03:13:43 --> CodeIgniter\View\Exceptions\ViewException: Invalid file: "teacher_dashboard.php"
[Method: GET, Route: teacher/dashboard]
in SYSTEMPATH\Exceptions\FrameworkException.php on line 39.
 1 SYSTEMPATH\View\View.php(214): CodeIgniter\Exceptions\FrameworkException::forInvalidFile('teacher_dashboard.php')
 2 SYSTEMPATH\Common.php(1167): CodeIgniter\View\View->render('teacher_dashboard', [], true)
 3 APPPATH\Controllers\Teacher.php(9): view('teacher_dashboard')
 4 SYSTEMPATH\CodeIgniter.php(933): App\Controllers\Teacher->dashboard()
 5 SYSTEMPATH\CodeIgniter.php(507): CodeIgniter\CodeIgniter->runController(Object(App\Controllers\Teacher))
 6 SYSTEMPATH\CodeIgniter.php(354): CodeIgniter\CodeIgniter->handleRequest(null, Object(Config\Cache), false)
 7 SYSTEMPATH\Boot.php(363): CodeIgniter\CodeIgniter->run()
 8 SYSTEMPATH\Boot.php(68): CodeIgniter\Boot::runCodeIgniter(Object(CodeIgniter\CodeIgniter))
 9 FCPATH\index.php(38): CodeIgniter\Boot::bootWeb(Object(Config\Paths))
CRITICAL - 2025-10-17 03:13:47 --> CodeIgniter\View\Exceptions\ViewException: Invalid file: "teacher_dashboard.php"
[Method: GET, Route: teacher/dashboard]
in SYSTEMPATH\Exceptions\FrameworkException.php on line 39.
 1 SYSTEMPATH\View\View.php(214): CodeIgniter\Exceptions\FrameworkException::forInvalidFile('teacher_dashboard.php')
 2 SYSTEMPATH\Common.php(1167): CodeIgniter\View\View->render('teacher_dashboard', [], true)
 3 APPPATH\Controllers\Teacher.php(9): view('teacher_dashboard')
 4 SYSTEMPATH\CodeIgniter.php(933): App\Controllers\Teacher->dashboard()
 5 SYSTEMPATH\CodeIgniter.php(507): CodeIgniter\CodeIgniter->runController(Object(App\Controllers\Teacher))
 6 SYSTEMPATH\CodeIgniter.php(354): CodeIgniter\CodeIgniter->handleRequest(null, Object(Config\Cache), false)
 7 SYSTEMPATH\Boot.php(363): CodeIgniter\CodeIgniter->run()
 8 SYSTEMPATH\Boot.php(68): CodeIgniter\Boot::runCodeIgniter(Object(CodeIgniter\CodeIgniter))
 9 FCPATH\index.php(38): CodeIgniter\Boot::bootWeb(Object(Config\Paths))
CRITICAL - 2025-10-17 03:13:48 --> CodeIgniter\View\Exceptions\ViewException: Invalid file: "teacher_dashboard.php"
[Method: GET, Route: teacher/dashboard]
in SYSTEMPATH\Exceptions\FrameworkException.php on line 39.
 1 SYSTEMPATH\View\View.php(214): CodeIgniter\Exceptions\FrameworkException::forInvalidFile('teacher_dashboard.php')
 2 SYSTEMPATH\Common.php(1167): CodeIgniter\View\View->render('teacher_dashboard', [], true)
 3 APPPATH\Controllers\Teacher.php(9): view('teacher_dashboard')
 4 SYSTEMPATH\CodeIgniter.php(933): App\Controllers\Teacher->dashboard()
 5 SYSTEMPATH\CodeIgniter.php(507): CodeIgniter\CodeIgniter->runController(Object(App\Controllers\Teacher))
 6 SYSTEMPATH\CodeIgniter.php(354): CodeIgniter\CodeIgniter->handleRequest(null, Object(Config\Cache), false)
 7 SYSTEMPATH\Boot.php(363): CodeIgniter\CodeIgniter->run()
 8 SYSTEMPATH\Boot.php(68): CodeIgniter\Boot::runCodeIgniter(Object(CodeIgniter\CodeIgniter))
 9 FCPATH\index.php(38): CodeIgniter\Boot::bootWeb(Object(Config\Paths))
CRITICAL - 2025-10-17 03:23:30 --> CodeIgniter\View\Exceptions\ViewException: Invalid file: "teacher_dashboard.php"
[Method: GET, Route: teacher/dashboard]
in SYSTEMPATH\Exceptions\FrameworkException.php on line 39.
 1 SYSTEMPATH\View\View.php(214): CodeIgniter\Exceptions\FrameworkException::forInvalidFile('teacher_dashboard.php')
 2 SYSTEMPATH\Common.php(1167): CodeIgniter\View\View->render('teacher_dashboard', [], true)
 3 APPPATH\Controllers\Teacher.php(9): view('teacher_dashboard')
 4 SYSTEMPATH\CodeIgniter.php(933): App\Controllers\Teacher->dashboard()
 5 SYSTEMPATH\CodeIgniter.php(507): CodeIgniter\CodeIgniter->runController(Object(App\Controllers\Teacher))
 6 SYSTEMPATH\CodeIgniter.php(354): CodeIgniter\CodeIgniter->handleRequest(null, Object(Config\Cache), false)
 7 SYSTEMPATH\Boot.php(363): CodeIgniter\CodeIgniter->run()
 8 SYSTEMPATH\Boot.php(68): CodeIgniter\Boot::runCodeIgniter(Object(CodeIgniter\CodeIgniter))
 9 FCPATH\index.php(38): CodeIgniter\Boot::bootWeb(Object(Config\Paths))
CRITICAL - 2025-10-17 03:24:06 --> CodeIgniter\View\Exceptions\ViewException: Invalid file: "teacher_dashboard.php"
[Method: GET, Route: teacher/dashboard]
in SYSTEMPATH\Exceptions\FrameworkException.php on line 39.
 1 SYSTEMPATH\View\View.php(214): CodeIgniter\Exceptions\FrameworkException::forInvalidFile('teacher_dashboard.php')
 2 SYSTEMPATH\Common.php(1167): CodeIgniter\View\View->render('teacher_dashboard', [], true)
 3 APPPATH\Controllers\Teacher.php(9): view('teacher_dashboard')
 4 SYSTEMPATH\CodeIgniter.php(933): App\Controllers\Teacher->dashboard()
 5 SYSTEMPATH\CodeIgniter.php(507): CodeIgniter\CodeIgniter->runController(Object(App\Controllers\Teacher))
 6 SYSTEMPATH\CodeIgniter.php(354): CodeIgniter\CodeIgniter->handleRequest(null, Object(Config\Cache), false)
 7 SYSTEMPATH\Boot.php(363): CodeIgniter\CodeIgniter->run()
 8 SYSTEMPATH\Boot.php(68): CodeIgniter\Boot::runCodeIgniter(Object(CodeIgniter\CodeIgniter))
 9 FCPATH\index.php(38): CodeIgniter\Boot::bootWeb(Object(Config\Paths))
CRITICAL - 2025-10-17 03:27:33 --> CodeIgniter\View\Exceptions\ViewException: Invalid file: "teacher_dashboard.php"
[Method: GET, Route: teacher/dashboard]
in SYSTEMPATH\Exceptions\FrameworkException.php on line 39.
 1 SYSTEMPATH\View\View.php(214): CodeIgniter\Exceptions\FrameworkException::forInvalidFile('teacher_dashboard.php')
 2 SYSTEMPATH\Common.php(1167): CodeIgniter\View\View->render('teacher_dashboard', [], true)
 3 APPPATH\Controllers\Teacher.php(9): view('teacher_dashboard')
 4 SYSTEMPATH\CodeIgniter.php(933): App\Controllers\Teacher->dashboard()
 5 SYSTEMPATH\CodeIgniter.php(507): CodeIgniter\CodeIgniter->runController(Object(App\Controllers\Teacher))
 6 SYSTEMPATH\CodeIgniter.php(354): CodeIgniter\CodeIgniter->handleRequest(null, Object(Config\Cache), false)
 7 SYSTEMPATH\Boot.php(363): CodeIgniter\CodeIgniter->run()
 8 SYSTEMPATH\Boot.php(68): CodeIgniter\Boot::runCodeIgniter(Object(CodeIgniter\CodeIgniter))
 9 FCPATH\index.php(38): CodeIgniter\Boot::bootWeb(Object(Config\Paths))
CRITICAL - 2025-10-17 03:27:34 --> CodeIgniter\View\Exceptions\ViewException: Invalid file: "teacher_dashboard.php"
[Method: GET, Route: teacher/dashboard]
in SYSTEMPATH\Exceptions\FrameworkException.php on line 39.
 1 SYSTEMPATH\View\View.php(214): CodeIgniter\Exceptions\FrameworkException::forInvalidFile('teacher_dashboard.php')
 2 SYSTEMPATH\Common.php(1167): CodeIgniter\View\View->render('teacher_dashboard', [], true)
 3 APPPATH\Controllers\Teacher.php(9): view('teacher_dashboard')
 4 SYSTEMPATH\CodeIgniter.php(933): App\Controllers\Teacher->dashboard()
 5 SYSTEMPATH\CodeIgniter.php(507): CodeIgniter\CodeIgniter->runController(Object(App\Controllers\Teacher))
 6 SYSTEMPATH\CodeIgniter.php(354): CodeIgniter\CodeIgniter->handleRequest(null, Object(Config\Cache), false)
 7 SYSTEMPATH\Boot.php(363): CodeIgniter\CodeIgniter->run()
 8 SYSTEMPATH\Boot.php(68): CodeIgniter\Boot::runCodeIgniter(Object(CodeIgniter\CodeIgniter))
 9 FCPATH\index.php(38): CodeIgniter\Boot::bootWeb(Object(Config\Paths))
CRITICAL - 2025-10-17 03:27:34 --> CodeIgniter\View\Exceptions\ViewException: Invalid file: "teacher_dashboard.php"
[Method: GET, Route: teacher/dashboard]
in SYSTEMPATH\Exceptions\FrameworkException.php on line 39.
 1 SYSTEMPATH\View\View.php(214): CodeIgniter\Exceptions\FrameworkException::forInvalidFile('teacher_dashboard.php')
 2 SYSTEMPATH\Common.php(1167): CodeIgniter\View\View->render('teacher_dashboard', [], true)
 3 APPPATH\Controllers\Teacher.php(9): view('teacher_dashboard')
 4 SYSTEMPATH\CodeIgniter.php(933): App\Controllers\Teacher->dashboard()
 5 SYSTEMPATH\CodeIgniter.php(507): CodeIgniter\CodeIgniter->runController(Object(App\Controllers\Teacher))
 6 SYSTEMPATH\CodeIgniter.php(354): CodeIgniter\CodeIgniter->handleRequest(null, Object(Config\Cache), false)
 7 SYSTEMPATH\Boot.php(363): CodeIgniter\CodeIgniter->run()
 8 SYSTEMPATH\Boot.php(68): CodeIgniter\Boot::runCodeIgniter(Object(CodeIgniter\CodeIgniter))
 9 FCPATH\index.php(38): CodeIgniter\Boot::bootWeb(Object(Config\Paths))
CRITICAL - 2025-10-17 03:27:35 --> CodeIgniter\View\Exceptions\ViewException: Invalid file: "teacher_dashboard.php"
[Method: GET, Route: teacher/dashboard]
in SYSTEMPATH\Exceptions\FrameworkException.php on line 39.
 1 SYSTEMPATH\View\View.php(214): CodeIgniter\Exceptions\FrameworkException::forInvalidFile('teacher_dashboard.php')
 2 SYSTEMPATH\Common.php(1167): CodeIgniter\View\View->render('teacher_dashboard', [], true)
 3 APPPATH\Controllers\Teacher.php(9): view('teacher_dashboard')
 4 SYSTEMPATH\CodeIgniter.php(933): App\Controllers\Teacher->dashboard()
 5 SYSTEMPATH\CodeIgniter.php(507): CodeIgniter\CodeIgniter->runController(Object(App\Controllers\Teacher))
 6 SYSTEMPATH\CodeIgniter.php(354): CodeIgniter\CodeIgniter->handleRequest(null, Object(Config\Cache), false)
 7 SYSTEMPATH\Boot.php(363): CodeIgniter\CodeIgniter->run()
 8 SYSTEMPATH\Boot.php(68): CodeIgniter\Boot::runCodeIgniter(Object(CodeIgniter\CodeIgniter))
 9 FCPATH\index.php(38): CodeIgniter\Boot::bootWeb(Object(Config\Paths))
CRITICAL - 2025-10-17 03:27:35 --> CodeIgniter\View\Exceptions\ViewException: Invalid file: "teacher_dashboard.php"
[Method: GET, Route: teacher/dashboard]
in SYSTEMPATH\Exceptions\FrameworkException.php on line 39.
 1 SYSTEMPATH\View\View.php(214): CodeIgniter\Exceptions\FrameworkException::forInvalidFile('teacher_dashboard.php')
 2 SYSTEMPATH\Common.php(1167): CodeIgniter\View\View->render('teacher_dashboard', [], true)
 3 APPPATH\Controllers\Teacher.php(9): view('teacher_dashboard')
 4 SYSTEMPATH\CodeIgniter.php(933): App\Controllers\Teacher->dashboard()
 5 SYSTEMPATH\CodeIgniter.php(507): CodeIgniter\CodeIgniter->runController(Object(App\Controllers\Teacher))
 6 SYSTEMPATH\CodeIgniter.php(354): CodeIgniter\CodeIgniter->handleRequest(null, Object(Config\Cache), false)
 7 SYSTEMPATH\Boot.php(363): CodeIgniter\CodeIgniter->run()
 8 SYSTEMPATH\Boot.php(68): CodeIgniter\Boot::runCodeIgniter(Object(CodeIgniter\CodeIgniter))
 9 FCPATH\index.php(38): CodeIgniter\Boot::bootWeb(Object(Config\Paths))
CRITICAL - 2025-10-17 03:27:36 --> CodeIgniter\View\Exceptions\ViewException: Invalid file: "teacher_dashboard.php"
[Method: GET, Route: teacher/dashboard]
in SYSTEMPATH\Exceptions\FrameworkException.php on line 39.
 1 SYSTEMPATH\View\View.php(214): CodeIgniter\Exceptions\FrameworkException::forInvalidFile('teacher_dashboard.php')
 2 SYSTEMPATH\Common.php(1167): CodeIgniter\View\View->render('teacher_dashboard', [], true)
 3 APPPATH\Controllers\Teacher.php(9): view('teacher_dashboard')
 4 SYSTEMPATH\CodeIgniter.php(933): App\Controllers\Teacher->dashboard()
 5 SYSTEMPATH\CodeIgniter.php(507): CodeIgniter\CodeIgniter->runController(Object(App\Controllers\Teacher))
 6 SYSTEMPATH\CodeIgniter.php(354): CodeIgniter\CodeIgniter->handleRequest(null, Object(Config\Cache), false)
 7 SYSTEMPATH\Boot.php(363): CodeIgniter\CodeIgniter->run()
 8 SYSTEMPATH\Boot.php(68): CodeIgniter\Boot::runCodeIgniter(Object(CodeIgniter\CodeIgniter))
 9 FCPATH\index.php(38): CodeIgniter\Boot::bootWeb(Object(Config\Paths))
CRITICAL - 2025-10-17 03:27:56 --> CodeIgniter\View\Exceptions\ViewException: Invalid file: "teacher_dashboard.php"
[Method: GET, Route: teacher/dashboard]
in SYSTEMPATH\Exceptions\FrameworkException.php on line 39.
 1 SYSTEMPATH\View\View.php(214): CodeIgniter\Exceptions\FrameworkException::forInvalidFile('teacher_dashboard.php')
 2 SYSTEMPATH\Common.php(1167): CodeIgniter\View\View->render('teacher_dashboard', [], true)
 3 APPPATH\Controllers\Teacher.php(9): view('teacher_dashboard')
 4 SYSTEMPATH\CodeIgniter.php(933): App\Controllers\Teacher->dashboard()
 5 SYSTEMPATH\CodeIgniter.php(507): CodeIgniter\CodeIgniter->runController(Object(App\Controllers\Teacher))
 6 SYSTEMPATH\CodeIgniter.php(354): CodeIgniter\CodeIgniter->handleRequest(null, Object(Config\Cache), false)
 7 SYSTEMPATH\Boot.php(363): CodeIgniter\CodeIgniter->run()
 8 SYSTEMPATH\Boot.php(68): CodeIgniter\Boot::runCodeIgniter(Object(CodeIgniter\CodeIgniter))
 9 FCPATH\index.php(38): CodeIgniter\Boot::bootWeb(Object(Config\Paths))
CRITICAL - 2025-10-17 03:44:39 --> CodeIgniter\View\Exceptions\ViewException: Invalid file: "teacher_dashboard.php"
[Method: GET, Route: teacher/dashboard]
in SYSTEMPATH\Exceptions\FrameworkException.php on line 39.
 1 SYSTEMPATH\View\View.php(214): CodeIgniter\Exceptions\FrameworkException::forInvalidFile('teacher_dashboard.php')
 2 SYSTEMPATH\Common.php(1167): CodeIgniter\View\View->render('teacher_dashboard', [], true)
 3 APPPATH\Controllers\Teacher.php(9): view('teacher_dashboard')
 4 SYSTEMPATH\CodeIgniter.php(933): App\Controllers\Teacher->dashboard()
 5 SYSTEMPATH\CodeIgniter.php(507): CodeIgniter\CodeIgniter->runController(Object(App\Controllers\Teacher))
 6 SYSTEMPATH\CodeIgniter.php(354): CodeIgniter\CodeIgniter->handleRequest(null, Object(Config\Cache), false)
 7 SYSTEMPATH\Boot.php(363): CodeIgniter\CodeIgniter->run()
 8 SYSTEMPATH\Boot.php(68): CodeIgniter\Boot::runCodeIgniter(Object(CodeIgniter\CodeIgniter))
 9 FCPATH\index.php(38): CodeIgniter\Boot::bootWeb(Object(Config\Paths))
CRITICAL - 2025-10-17 03:55:40 --> CodeIgniter\View\Exceptions\ViewException: Invalid file: "admin_dashboard.php"
[Method: GET, Route: admin/dashboard]
in SYSTEMPATH\Exceptions\FrameworkException.php on line 39.
 1 SYSTEMPATH\View\View.php(214): CodeIgniter\Exceptions\FrameworkException::forInvalidFile('admin_dashboard.php')
 2 SYSTEMPATH\Common.php(1167): CodeIgniter\View\View->render('admin_dashboard', [], true)
 3 APPPATH\Controllers\Admin.php(9): view('admin_dashboard')
 4 SYSTEMPATH\CodeIgniter.php(933): App\Controllers\Admin->dashboard()
 5 SYSTEMPATH\CodeIgniter.php(507): CodeIgniter\CodeIgniter->runController(Object(App\Controllers\Admin))
 6 SYSTEMPATH\CodeIgniter.php(354): CodeIgniter\CodeIgniter->handleRequest(null, Object(Config\Cache), false)
 7 SYSTEMPATH\Boot.php(363): CodeIgniter\CodeIgniter->run()
 8 SYSTEMPATH\Boot.php(68): CodeIgniter\Boot::runCodeIgniter(Object(CodeIgniter\CodeIgniter))
 9 FCPATH\index.php(38): CodeIgniter\Boot::bootWeb(Object(Config\Paths))
CRITICAL - 2025-10-17 03:56:02 --> CodeIgniter\View\Exceptions\ViewException: Invalid file: "admin_dashboard.php"
[Method: GET, Route: admin/dashboard]
in SYSTEMPATH\Exceptions\FrameworkException.php on line 39.
 1 SYSTEMPATH\View\View.php(214): CodeIgniter\Exceptions\FrameworkException::forInvalidFile('admin_dashboard.php')
 2 SYSTEMPATH\Common.php(1167): CodeIgniter\View\View->render('admin_dashboard', [], true)
 3 APPPATH\Controllers\Admin.php(9): view('admin_dashboard')
 4 SYSTEMPATH\CodeIgniter.php(933): App\Controllers\Admin->dashboard()
 5 SYSTEMPATH\CodeIgniter.php(507): CodeIgniter\CodeIgniter->runController(Object(App\Controllers\Admin))
 6 SYSTEMPATH\CodeIgniter.php(354): CodeIgniter\CodeIgniter->handleRequest(null, Object(Config\Cache), false)
 7 SYSTEMPATH\Boot.php(363): CodeIgniter\CodeIgniter->run()
 8 SYSTEMPATH\Boot.php(68): CodeIgniter\Boot::runCodeIgniter(Object(CodeIgniter\CodeIgniter))
 9 FCPATH\index.php(38): CodeIgniter\Boot::bootWeb(Object(Config\Paths))
CRITICAL - 2025-10-17 04:04:52 --> CodeIgniter\View\Exceptions\ViewException: Invalid file: "announcements/index.php"
[Method: GET, Route: announcements]
in SYSTEMPATH\Exceptions\FrameworkException.php on line 39.
 1 SYSTEMPATH\View\View.php(214): CodeIgniter\Exceptions\FrameworkException::forInvalidFile('announcements/index.php')
 2 SYSTEMPATH\Common.php(1167): CodeIgniter\View\View->render('announcements/index', [], true)
 3 APPPATH\Controllers\Announcement.php(17): view('announcements/index', [...])
 4 SYSTEMPATH\CodeIgniter.php(933): App\Controllers\Announcement->index()
 5 SYSTEMPATH\CodeIgniter.php(507): CodeIgniter\CodeIgniter->runController(Object(App\Controllers\Announcement))
 6 SYSTEMPATH\CodeIgniter.php(354): CodeIgniter\CodeIgniter->handleRequest(null, Object(Config\Cache), false)
 7 SYSTEMPATH\Boot.php(363): CodeIgniter\CodeIgniter->run()
 8 SYSTEMPATH\Boot.php(68): CodeIgniter\Boot::runCodeIgniter(Object(CodeIgniter\CodeIgniter))
 9 FCPATH\index.php(38): CodeIgniter\Boot::bootWeb(Object(Config\Paths))
CRITICAL - 2025-10-17 04:04:55 --> CodeIgniter\View\Exceptions\ViewException: Invalid file: "announcements/index.php"
[Method: GET, Route: announcements]
in SYSTEMPATH\Exceptions\FrameworkException.php on line 39.
 1 SYSTEMPATH\View\View.php(214): CodeIgniter\Exceptions\FrameworkException::forInvalidFile('announcements/index.php')
 2 SYSTEMPATH\Common.php(1167): CodeIgniter\View\View->render('announcements/index', [], true)
 3 APPPATH\Controllers\Announcement.php(17): view('announcements/index', [...])
 4 SYSTEMPATH\CodeIgniter.php(933): App\Controllers\Announcement->index()
 5 SYSTEMPATH\CodeIgniter.php(507): CodeIgniter\CodeIgniter->runController(Object(App\Controllers\Announcement))
 6 SYSTEMPATH\CodeIgniter.php(354): CodeIgniter\CodeIgniter->handleRequest(null, Object(Config\Cache), false)
 7 SYSTEMPATH\Boot.php(363): CodeIgniter\CodeIgniter->run()
 8 SYSTEMPATH\Boot.php(68): CodeIgniter\Boot::runCodeIgniter(Object(CodeIgniter\CodeIgniter))
 9 FCPATH\index.php(38): CodeIgniter\Boot::bootWeb(Object(Config\Paths))
CRITICAL - 2025-10-17 04:05:05 --> CodeIgniter\View\Exceptions\ViewException: Invalid file: "announcements/index.php"
[Method: GET, Route: announcements]
in SYSTEMPATH\Exceptions\FrameworkException.php on line 39.
 1 SYSTEMPATH\View\View.php(214): CodeIgniter\Exceptions\FrameworkException::forInvalidFile('announcements/index.php')
 2 SYSTEMPATH\Common.php(1167): CodeIgniter\View\View->render('announcements/index', [], true)
 3 APPPATH\Controllers\Announcement.php(17): view('announcements/index', [...])
 4 SYSTEMPATH\CodeIgniter.php(933): App\Controllers\Announcement->index()
 5 SYSTEMPATH\CodeIgniter.php(507): CodeIgniter\CodeIgniter->runController(Object(App\Controllers\Announcement))
 6 SYSTEMPATH\CodeIgniter.php(354): CodeIgniter\CodeIgniter->handleRequest(null, Object(Config\Cache), false)
 7 SYSTEMPATH\Boot.php(363): CodeIgniter\CodeIgniter->run()
 8 SYSTEMPATH\Boot.php(68): CodeIgniter\Boot::runCodeIgniter(Object(CodeIgniter\CodeIgniter))
 9 FCPATH\index.php(38): CodeIgniter\Boot::bootWeb(Object(Config\Paths))
CRITICAL - 2025-10-17 04:08:08 --> ParseError: syntax error, unexpected end of file, expecting "elseif" or "else" or "endif"
[Method: GET, Route: announcements]
in APPPATH\Views\announcements.php on line 46.
 1 SYSTEMPATH\View\View.php(229): CodeIgniter\View\View->CodeIgniter\View\{closure}()
 2 SYSTEMPATH\Common.php(1167): CodeIgniter\View\View->render('announcements', [], true)
 3 APPPATH\Controllers\Announcement.php(13): view('announcements', [...])
 4 SYSTEMPATH\CodeIgniter.php(933): App\Controllers\Announcement->index()
 5 SYSTEMPATH\CodeIgniter.php(507): CodeIgniter\CodeIgniter->runController(Object(App\Controllers\Announcement))
 6 SYSTEMPATH\CodeIgniter.php(354): CodeIgniter\CodeIgniter->handleRequest(null, Object(Config\Cache), false)
 7 SYSTEMPATH\Boot.php(363): CodeIgniter\CodeIgniter->run()
 8 SYSTEMPATH\Boot.php(68): CodeIgniter\Boot::runCodeIgniter(Object(CodeIgniter\CodeIgniter))
 9 FCPATH\index.php(38): CodeIgniter\Boot::bootWeb(Object(Config\Paths))
CRITICAL - 2025-10-17 04:32:06 --> ParseError: Unclosed '{' on line 47
[Method: GET, Route: dashboard]
in APPPATH\Config\Routes.php on line 51.
 1 SYSTEMPATH\CodeIgniter.php(821): CodeIgniter\Router\RouteCollection->loadRoutes()
 2 SYSTEMPATH\CodeIgniter.php(455): CodeIgniter\CodeIgniter->tryToRouteIt(null)
 3 SYSTEMPATH\CodeIgniter.php(354): CodeIgniter\CodeIgniter->handleRequest(null, Object(Config\Cache), false)
 4 SYSTEMPATH\Boot.php(363): CodeIgniter\CodeIgniter->run()
 5 SYSTEMPATH\Boot.php(68): CodeIgniter\Boot::runCodeIgniter(Object(CodeIgniter\CodeIgniter))
 6 FCPATH\index.php(38): CodeIgniter\Boot::bootWeb(Object(Config\Paths))
